2026-01-02 01:14:54,667 - INFO - Run Inexact Uzawa: N=256, h=0.00390625, cfg=tau1e-3_eps1e-8_alpha1p05_nu2_L2
2026-01-02 01:14:54,667 - INFO - --- Solving Inexact Uzawa (N=256) ---
2026-01-02 01:14:54,674 - INFO - Init Residual: 6.5398e+04
2026-01-02 01:14:54,675 - INFO - Inner solver: PCG(MG), inner_iters=1, alpha=1.050000e+00
2026-01-02 01:14:54,782 - INFO - Starting solve with initial alpha=1.050000e+00
2026-01-02 01:16:01,705 - INFO - Iter 10: Rel Res = 7.6003e-06
2026-01-02 01:16:26,268 - INFO - Finished: Iters=16, CPU(s)=91.594225, Error=9.339800e-05
2026-01-02 01:16:26,285 - INFO - Iter 0: Rel Res = 1.000000e+00
2026-01-02 01:16:26,285 - INFO - Iter 1: Rel Res = 2.544033e-01
2026-01-02 01:16:26,285 - INFO - Iter 2: Rel Res = 1.353544e-01
2026-01-02 01:16:26,285 - INFO - Iter 3: Rel Res = 5.623820e-02
2026-01-02 01:16:26,285 - INFO - Iter 4: Rel Res = 2.584501e-02
2026-01-02 01:16:26,285 - INFO - Iter 5: Rel Res = 1.045908e-02
2026-01-02 01:16:26,290 - INFO - Iter 6: Rel Res = 9.316709e-04
2026-01-02 01:16:26,291 - INFO - Iter 7: Rel Res = 8.724638e-04
2026-01-02 01:16:26,292 - INFO - Iter 8: Rel Res = 3.994685e-04
2026-01-02 01:16:26,293 - INFO - Iter 9: Rel Res = 2.081230e-05
2026-01-02 01:16:26,294 - INFO - Iter 10: Rel Res = 7.600315e-06
2026-01-02 01:16:26,294 - INFO - Iter 11: Rel Res = 2.461242e-06
2026-01-02 01:16:26,295 - INFO - Iter 12: Rel Res = 1.495803e-06
2026-01-02 01:16:26,295 - INFO - Iter 13: Rel Res = 2.232442e-07
2026-01-02 01:16:26,296 - INFO - Iter 14: Rel Res = 9.212092e-08
2026-01-02 01:16:26,296 - INFO - Iter 15: Rel Res = 1.482410e-08
2026-01-02 01:16:26,297 - INFO - Iter 16: Rel Res = 9.603176e-09
2026-01-02 01:16:26,299 - INFO - Summary: N=256, Iters=16, CPU(s)=91.594225, Error=9.339800e-05, ResidualFile=residuals_inexact_uzawa_tau1e-3_eps1e-8_alpha1p05_nu2_L2_N256.csv, PCG_Iters=50,50,50,50,50,50,50,50,50,50,50,50,50,50,8,2
2026-01-02 06:57:44,801 - INFO - Run Inexact Uzawa: N=256, h=0.00390625, cfg=tau1e-3_eps1e-8_alpha1p05_nu2_L2
2026-01-02 06:57:44,802 - INFO - --- Solving Inexact Uzawa (N=256) ---
2026-01-02 06:57:44,804 - INFO - Init Residual: 6.5398e+04
2026-01-02 06:57:44,805 - INFO - Inner solver: PCG(Coupled-Vcycle x3), inner_iters=1, alpha=1.050000e+00
2026-01-02 06:57:44,805 - INFO - Starting solve with initial alpha=1.050000e+00
2026-01-02 06:57:45,104 - INFO - Finished: Iters=6, CPU(s)=0.297929, Error=9.339854e-05
2026-01-02 06:57:45,120 - INFO - Iter 0: Rel Res = 1.000000e+00
2026-01-02 06:57:45,120 - INFO - Iter 1: Rel Res = 1.866200e-03
2026-01-02 06:57:45,122 - INFO - Iter 2: Rel Res = 9.330761e-05
2026-01-02 06:57:45,122 - INFO - Iter 3: Rel Res = 4.664151e-06
2026-01-02 06:57:45,122 - INFO - Iter 4: Rel Res = 2.315749e-07
2026-01-02 06:57:45,123 - INFO - Iter 5: Rel Res = 1.251219e-08
2026-01-02 06:57:45,123 - INFO - Iter 6: Rel Res = 2.195915e-09
2026-01-02 06:57:45,126 - INFO - Summary: N=256, Iters=6, CPU(s)=0.297929, Error=9.339854e-05, ResidualFile=residuals_inexact_uzawa_tau1e-3_eps1e-8_alpha1p05_nu2_L2_N256.csv, PCG_Iters=6,3,3,2,1,1
