2026-01-02 00:19:13,185 - INFO - Run V-cycle: N=512, h=0.001953125, cfg=nu2_L4
2026-01-02 00:19:13,185 - INFO - --- Solving Stokes (DGS-MG) for N=512 ---
2026-01-02 00:19:13,203 - INFO - Init Residual: 1.8169e+05
2026-01-02 00:19:13,881 - INFO - Iter 1: Rel Res = 3.5457e-01
2026-01-02 00:19:14,550 - INFO - Iter 2: Rel Res = 1.3870e-01
2026-01-02 00:19:15,386 - INFO - Iter 3: Rel Res = 5.8725e-02
2026-01-02 00:19:16,194 - INFO - Iter 4: Rel Res = 2.6341e-02
2026-01-02 00:19:16,915 - INFO - Iter 5: Rel Res = 1.1359e-02
2026-01-02 00:19:17,619 - INFO - Iter 6: Rel Res = 5.0381e-03
2026-01-02 00:19:18,253 - INFO - Iter 7: Rel Res = 2.2358e-03
2026-01-02 00:19:18,864 - INFO - Iter 8: Rel Res = 9.8111e-04
2026-01-02 00:19:19,501 - INFO - Iter 9: Rel Res = 4.3698e-04
2026-01-02 00:19:20,161 - INFO - Iter 10: Rel Res = 1.9545e-04
2026-01-02 00:19:20,791 - INFO - Iter 11: Rel Res = 8.6024e-05
2026-01-02 00:19:21,432 - INFO - Iter 12: Rel Res = 3.8855e-05
2026-01-02 00:19:22,093 - INFO - Iter 13: Rel Res = 1.7583e-05
2026-01-02 00:19:22,783 - INFO - Iter 14: Rel Res = 7.8004e-06
2026-01-02 00:19:23,405 - INFO - Iter 15: Rel Res = 3.5713e-06
2026-01-02 00:19:24,033 - INFO - Iter 16: Rel Res = 1.6468e-06
2026-01-02 00:19:24,679 - INFO - Iter 17: Rel Res = 7.3825e-07
2026-01-02 00:19:25,361 - INFO - Iter 18: Rel Res = 3.4197e-07
2026-01-02 00:19:25,985 - INFO - Iter 19: Rel Res = 1.6057e-07
2026-01-02 00:19:26,631 - INFO - Iter 20: Rel Res = 7.2790e-08
2026-01-02 00:19:27,341 - INFO - Iter 21: Rel Res = 3.3962e-08
2026-01-02 00:19:27,957 - INFO - Iter 22: Rel Res = 1.6114e-08
2026-01-02 00:19:28,625 - INFO - Iter 23: Rel Res = 7.3753e-09
2026-01-02 00:19:28,656 - INFO - Finished: Iters=23, CPU(s)=15.440081, Error=2.333696e-05
2026-01-02 00:19:28,658 - INFO - Summary: N=512, V-Cycles=23, CPU(s)=15.440081, Error=2.333696e-05, ResidualFile=residuals_v_cycle_nu2_L4_N512.csv
2026-01-02 04:31:43,102 - INFO - Run V-cycle: N=512, h=0.001953125, cfg=nu2_L4
2026-01-02 04:31:43,103 - INFO - --- Solving Stokes (DGS-MG) for N=512 ---
2026-01-02 04:31:43,115 - INFO - Init Residual: 1.8169e+05
2026-01-02 04:31:43,166 - INFO - Iter 1: Rel Res = 3.5457e-01
2026-01-02 04:31:43,221 - INFO - Iter 2: Rel Res = 1.3870e-01
2026-01-02 04:31:43,274 - INFO - Iter 3: Rel Res = 5.8725e-02
2026-01-02 04:31:43,331 - INFO - Iter 4: Rel Res = 2.6341e-02
2026-01-02 04:31:43,390 - INFO - Iter 5: Rel Res = 1.1359e-02
2026-01-02 04:31:43,435 - INFO - Iter 6: Rel Res = 5.0381e-03
2026-01-02 04:31:43,513 - INFO - Iter 7: Rel Res = 2.2358e-03
2026-01-02 04:31:43,564 - INFO - Iter 8: Rel Res = 9.8111e-04
2026-01-02 04:31:43,619 - INFO - Iter 9: Rel Res = 4.3698e-04
2026-01-02 04:31:43,674 - INFO - Iter 10: Rel Res = 1.9545e-04
2026-01-02 04:31:43,725 - INFO - Iter 11: Rel Res = 8.6024e-05
2026-01-02 04:31:43,787 - INFO - Iter 12: Rel Res = 3.8855e-05
2026-01-02 04:31:43,833 - INFO - Iter 13: Rel Res = 1.7583e-05
2026-01-02 04:31:43,895 - INFO - Iter 14: Rel Res = 7.8004e-06
2026-01-02 04:31:43,948 - INFO - Iter 15: Rel Res = 3.5713e-06
2026-01-02 04:31:43,996 - INFO - Iter 16: Rel Res = 1.6468e-06
2026-01-02 04:31:44,046 - INFO - Iter 17: Rel Res = 7.3825e-07
2026-01-02 04:31:44,096 - INFO - Iter 18: Rel Res = 3.4197e-07
2026-01-02 04:31:44,153 - INFO - Iter 19: Rel Res = 1.6057e-07
2026-01-02 04:31:44,206 - INFO - Iter 20: Rel Res = 7.2790e-08
2026-01-02 04:31:44,268 - INFO - Iter 21: Rel Res = 3.3962e-08
2026-01-02 04:31:44,325 - INFO - Iter 22: Rel Res = 1.6114e-08
2026-01-02 04:31:44,388 - INFO - Iter 23: Rel Res = 7.3753e-09
2026-01-02 04:31:44,404 - INFO - Finished: Iters=23, CPU(s)=1.285388, Error=2.333696e-05
2026-01-02 04:31:44,408 - INFO - Summary: N=512, V-Cycles=23, CPU(s)=1.285388, Error=2.333696e-05, ResidualFile=residuals_v_cycle_nu2_L4_N512.csv
