2026-01-01 23:50:04,998 - INFO - Run Inexact Uzawa: N=512, h=0.001953125, cfg=tau1e-3_eps1e-8_alpha1_nu2_L2
2026-01-01 23:50:05,008 - INFO - --- Solving Inexact Uzawa (N=512) ---
2026-01-01 23:50:05,031 - INFO - Init Residual: 1.8169e+05
2026-01-01 23:50:05,032 - INFO - Inner solver: PCG(Diag), inner_iters=1, alpha=1.000000e+00
2026-01-01 23:50:05,032 - INFO - Starting solve with initial alpha=1.000000e+00
2026-01-01 23:50:41,254 - INFO - Iter 10: Rel Res = 3.9515e-03
2026-01-01 23:51:25,281 - INFO - Iter 20: Rel Res = 4.0269e-04
2026-01-01 23:52:07,240 - INFO - Iter 30: Rel Res = 1.3576e-05
2026-01-01 23:52:51,472 - INFO - Iter 40: Rel Res = 2.4265e-06
2026-01-01 23:53:29,136 - INFO - Iter 50: Rel Res = 2.8527e-07
2026-01-01 23:53:47,203 - INFO - Iter 60: Rel Res = 1.5143e-08
2026-01-01 23:53:56,433 - INFO - Iter 70: Rel Res = 1.4107e-08
2026-01-01 23:53:58,108 - INFO - Iter 80: Rel Res = 1.3330e-08
2026-01-01 23:53:58,390 - INFO - Finished: Iters=83, CPU(s)=233.348788, Error=2.334252e-05
2026-01-01 23:53:58,395 - INFO - Iter 0: Rel Res = 1.000000e+00
2026-01-01 23:53:58,396 - INFO - Iter 1: Rel Res = 5.814223e-01
2026-01-01 23:53:58,396 - INFO - Iter 2: Rel Res = 3.538688e-01
2026-01-01 23:53:58,396 - INFO - Iter 3: Rel Res = 1.504965e-01
2026-01-01 23:53:58,397 - INFO - Iter 4: Rel Res = 8.431579e-02
2026-01-01 23:53:58,397 - INFO - Iter 5: Rel Res = 3.587581e-02
2026-01-01 23:53:58,398 - INFO - Iter 6: Rel Res = 3.115845e-02
2026-01-01 23:53:58,398 - INFO - Iter 7: Rel Res = 1.567235e-02
2026-01-01 23:53:58,398 - INFO - Iter 8: Rel Res = 1.258127e-02
2026-01-01 23:53:58,398 - INFO - Iter 9: Rel Res = 5.202589e-03
2026-01-01 23:53:58,400 - INFO - Iter 10: Rel Res = 3.951498e-03
2026-01-01 23:53:58,400 - INFO - Iter 11: Rel Res = 5.488714e-03
2026-01-01 23:53:58,401 - INFO - Iter 12: Rel Res = 3.755616e-03
2026-01-01 23:53:58,401 - INFO - Iter 13: Rel Res = 3.282305e-03
2026-01-01 23:53:58,402 - INFO - Iter 14: Rel Res = 1.534157e-03
2026-01-01 23:53:58,402 - INFO - Iter 15: Rel Res = 3.645436e-04
2026-01-01 23:53:58,402 - INFO - Iter 16: Rel Res = 1.641362e-03
2026-01-01 23:53:58,403 - INFO - Iter 17: Rel Res = 8.541694e-04
2026-01-01 23:53:58,403 - INFO - Iter 18: Rel Res = 9.239775e-04
2026-01-01 23:53:58,403 - INFO - Iter 19: Rel Res = 4.009624e-04
2026-01-01 23:53:58,404 - INFO - Iter 20: Rel Res = 4.026946e-04
2026-01-01 23:53:58,404 - INFO - Iter 21: Rel Res = 3.926982e-04
2026-01-01 23:53:58,404 - INFO - Iter 22: Rel Res = 3.607878e-04
2026-01-01 23:53:58,404 - INFO - Iter 23: Rel Res = 3.106007e-04
2026-01-01 23:53:58,404 - INFO - Iter 24: Rel Res = 1.692125e-04
2026-01-01 23:53:58,405 - INFO - Iter 25: Rel Res = 5.259424e-05
2026-01-01 23:53:58,405 - INFO - Iter 26: Rel Res = 8.406214e-05
2026-01-01 23:53:58,406 - INFO - Iter 27: Rel Res = 6.667747e-05
2026-01-01 23:53:58,406 - INFO - Iter 28: Rel Res = 8.421100e-05
2026-01-01 23:53:58,406 - INFO - Iter 29: Rel Res = 4.191879e-05
2026-01-01 23:53:58,406 - INFO - Iter 30: Rel Res = 1.357570e-05
2026-01-01 23:53:58,407 - INFO - Iter 31: Rel Res = 2.301102e-05
2026-01-01 23:53:58,407 - INFO - Iter 32: Rel Res = 1.739637e-05
2026-01-01 23:53:58,408 - INFO - Iter 33: Rel Res = 1.439168e-05
2026-01-01 23:53:58,408 - INFO - Iter 34: Rel Res = 1.083337e-05
2026-01-01 23:53:58,408 - INFO - Iter 35: Rel Res = 5.288723e-06
2026-01-01 23:53:58,409 - INFO - Iter 36: Rel Res = 1.559937e-06
2026-01-01 23:53:58,409 - INFO - Iter 37: Rel Res = 5.539680e-06
2026-01-01 23:53:58,410 - INFO - Iter 38: Rel Res = 2.975216e-06
2026-01-01 23:53:58,410 - INFO - Iter 39: Rel Res = 5.138415e-06
2026-01-01 23:53:58,410 - INFO - Iter 40: Rel Res = 2.426461e-06
2026-01-01 23:53:58,411 - INFO - Iter 41: Rel Res = 5.985211e-07
2026-01-01 23:53:58,412 - INFO - Iter 42: Rel Res = 1.534245e-06
2026-01-01 23:53:58,412 - INFO - Iter 43: Rel Res = 1.093852e-06
2026-01-01 23:53:58,413 - INFO - Iter 44: Rel Res = 1.631256e-06
2026-01-01 23:53:58,413 - INFO - Iter 45: Rel Res = 8.206192e-07
2026-01-01 23:53:58,414 - INFO - Iter 46: Rel Res = 2.308445e-07
2026-01-01 23:53:58,414 - INFO - Iter 47: Rel Res = 1.585937e-07
2026-01-01 23:53:58,415 - INFO - Iter 48: Rel Res = 5.793268e-07
2026-01-01 23:53:58,415 - INFO - Iter 49: Rel Res = 2.978866e-07
2026-01-01 23:53:58,416 - INFO - Iter 50: Rel Res = 2.852676e-07
2026-01-01 23:53:58,417 - INFO - Iter 51: Rel Res = 1.299957e-07
2026-01-01 23:53:58,417 - INFO - Iter 52: Rel Res = 2.950581e-08
2026-01-01 23:53:58,417 - INFO - Iter 53: Rel Res = 1.010247e-07
2026-01-01 23:53:58,418 - INFO - Iter 54: Rel Res = 5.331501e-08
2026-01-01 23:53:58,418 - INFO - Iter 55: Rel Res = 3.400525e-08
2026-01-01 23:53:58,419 - INFO - Iter 56: Rel Res = 2.648315e-08
2026-01-01 23:53:58,419 - INFO - Iter 57: Rel Res = 1.750041e-08
2026-01-01 23:53:58,419 - INFO - Iter 58: Rel Res = 1.559353e-08
2026-01-01 23:53:58,420 - INFO - Iter 59: Rel Res = 1.466730e-08
2026-01-01 23:53:58,420 - INFO - Iter 60: Rel Res = 1.514265e-08
2026-01-01 23:53:58,420 - INFO - Iter 61: Rel Res = 3.888589e-08
2026-01-01 23:53:58,422 - INFO - Iter 62: Rel Res = 2.264865e-08
2026-01-01 23:53:58,422 - INFO - Iter 63: Rel Res = 1.122428e-08
2026-01-01 23:53:58,422 - INFO - Iter 64: Rel Res = 1.469196e-08
2026-01-01 23:53:58,422 - INFO - Iter 65: Rel Res = 1.549348e-08
2026-01-01 23:53:58,423 - INFO - Iter 66: Rel Res = 1.556163e-08
2026-01-01 23:53:58,423 - INFO - Iter 67: Rel Res = 1.560115e-08
2026-01-01 23:53:58,423 - INFO - Iter 68: Rel Res = 1.517714e-08
2026-01-01 23:53:58,423 - INFO - Iter 69: Rel Res = 1.527971e-08
2026-01-01 23:53:58,423 - INFO - Iter 70: Rel Res = 1.410719e-08
2026-01-01 23:53:58,425 - INFO - Iter 71: Rel Res = 1.472947e-08
2026-01-01 23:53:58,425 - INFO - Iter 72: Rel Res = 1.430274e-08
2026-01-01 23:53:58,425 - INFO - Iter 73: Rel Res = 1.441361e-08
2026-01-01 23:53:58,426 - INFO - Iter 74: Rel Res = 1.345603e-08
2026-01-01 23:53:58,426 - INFO - Iter 75: Rel Res = 1.323223e-08
2026-01-01 23:53:58,426 - INFO - Iter 76: Rel Res = 1.458740e-08
2026-01-01 23:53:58,426 - INFO - Iter 77: Rel Res = 1.429947e-08
2026-01-01 23:53:58,428 - INFO - Iter 78: Rel Res = 1.297748e-08
2026-01-01 23:53:58,428 - INFO - Iter 79: Rel Res = 1.486758e-08
2026-01-01 23:53:58,428 - INFO - Iter 80: Rel Res = 1.333004e-08
2026-01-01 23:53:58,428 - INFO - Iter 81: Rel Res = 1.358019e-08
2026-01-01 23:53:58,429 - INFO - Iter 82: Rel Res = 1.257951e-08
2026-01-01 23:53:58,429 - INFO - Iter 83: Rel Res = 9.832430e-09
2026-01-01 23:53:58,431 - INFO - Summary: N=512, Iters=83, CPU(s)=233.348788, Error=2.334252e-05, ResidualFile=residuals_inexact_uzawa_tau1e-3_eps1e-8_alpha1_nu2_L2_N512.csv
2026-01-02 00:33:57,335 - INFO - Run Inexact Uzawa: N=512, h=0.001953125, cfg=tau1e-3_eps1e-8_alpha1_nu2_L2
2026-01-02 00:33:57,336 - INFO - --- Solving Inexact Uzawa (N=512) ---
2026-01-02 00:33:57,357 - INFO - Init Residual: 1.8169e+05
2026-01-02 00:33:57,357 - INFO - Inner solver: PCG(Diag), inner_iters=1, alpha=1.000000e+00
2026-01-02 00:33:57,358 - INFO - Starting solve with initial alpha=1.000000e+00
2026-01-02 00:33:58,100 - INFO - Iter 10: Rel Res = 1.5452e+00
2026-01-02 00:33:58,869 - INFO - Iter 20: Rel Res = 1.2345e+00
2026-01-02 00:33:59,580 - INFO - Iter 30: Rel Res = 9.0523e-01
2026-01-02 00:34:00,332 - INFO - Iter 40: Rel Res = 8.2859e-01
2026-01-02 00:34:01,168 - INFO - Iter 50: Rel Res = 8.2096e-01
2026-01-02 00:34:02,000 - INFO - Iter 60: Rel Res = 9.6044e-01
2026-01-02 00:34:02,774 - INFO - Iter 70: Rel Res = 7.5616e-01
2026-01-02 00:34:03,596 - INFO - Iter 80: Rel Res = 7.5891e-01
2026-01-02 00:34:04,390 - INFO - Iter 90: Rel Res = 7.2507e-01
2026-01-02 00:34:05,202 - INFO - Iter 100: Rel Res = 7.7449e-01
2026-01-02 00:34:05,947 - INFO - Iter 110: Rel Res = 6.8682e-01
2026-01-02 00:34:06,700 - INFO - Iter 120: Rel Res = 7.6116e-01
2026-01-02 00:34:07,584 - INFO - Iter 130: Rel Res = 9.5727e-01
2026-01-02 00:34:08,310 - INFO - Iter 140: Rel Res = 1.0640e+00
2026-01-02 00:34:09,129 - INFO - Iter 150: Rel Res = 7.7604e-01
2026-01-02 00:34:09,960 - INFO - Iter 160: Rel Res = 8.6835e-01
2026-01-02 00:34:10,773 - INFO - Iter 170: Rel Res = 9.8351e-01
2026-01-02 00:34:11,575 - INFO - Iter 180: Rel Res = 6.5522e-01
2026-01-02 00:34:12,378 - INFO - Iter 190: Rel Res = 6.6444e-01
2026-01-02 00:34:13,318 - INFO - Iter 200: Rel Res = 6.5530e-01
2026-01-02 00:34:13,335 - INFO - Finished: Iters=200, CPU(s)=15.983291, Error=1.152760e+00
2026-01-02 00:34:13,341 - INFO - Iter 0: Rel Res = 1.000000e+00
2026-01-02 00:34:13,341 - INFO - Iter 1: Rel Res = 1.098339e+00
2026-01-02 00:34:13,341 - INFO - Iter 2: Rel Res = 7.727266e-01
2026-01-02 00:34:13,343 - INFO - Iter 3: Rel Res = 1.311741e+00
2026-01-02 00:34:13,343 - INFO - Iter 4: Rel Res = 1.286985e+00
2026-01-02 00:34:13,344 - INFO - Iter 5: Rel Res = 1.210884e+00
2026-01-02 00:34:13,344 - INFO - Iter 6: Rel Res = 1.129722e+00
2026-01-02 00:34:13,345 - INFO - Iter 7: Rel Res = 1.158727e+00
2026-01-02 00:34:13,345 - INFO - Iter 8: Rel Res = 1.243825e+00
2026-01-02 00:34:13,346 - INFO - Iter 9: Rel Res = 1.077294e+00
2026-01-02 00:34:13,346 - INFO - Iter 10: Rel Res = 1.545182e+00
2026-01-02 00:34:13,347 - INFO - Iter 11: Rel Res = 1.114852e+00
2026-01-02 00:34:13,347 - INFO - Iter 12: Rel Res = 1.345056e+00
2026-01-02 00:34:13,347 - INFO - Iter 13: Rel Res = 1.026215e+00
2026-01-02 00:34:13,347 - INFO - Iter 14: Rel Res = 1.386279e+00
2026-01-02 00:34:13,347 - INFO - Iter 15: Rel Res = 1.061935e+00
2026-01-02 00:34:13,348 - INFO - Iter 16: Rel Res = 1.158992e+00
2026-01-02 00:34:13,348 - INFO - Iter 17: Rel Res = 9.592725e-01
2026-01-02 00:34:13,348 - INFO - Iter 18: Rel Res = 1.190643e+00
2026-01-02 00:34:13,348 - INFO - Iter 19: Rel Res = 9.461887e-01
2026-01-02 00:34:13,348 - INFO - Iter 20: Rel Res = 1.234466e+00
2026-01-02 00:34:13,348 - INFO - Iter 21: Rel Res = 9.894364e-01
2026-01-02 00:34:13,348 - INFO - Iter 22: Rel Res = 1.018187e+00
2026-01-02 00:34:13,348 - INFO - Iter 23: Rel Res = 8.960088e-01
2026-01-02 00:34:13,349 - INFO - Iter 24: Rel Res = 1.134596e+00
2026-01-02 00:34:13,349 - INFO - Iter 25: Rel Res = 8.826309e-01
2026-01-02 00:34:13,349 - INFO - Iter 26: Rel Res = 1.494017e+00
2026-01-02 00:34:13,349 - INFO - Iter 27: Rel Res = 1.050076e+00
2026-01-02 00:34:13,349 - INFO - Iter 28: Rel Res = 9.928797e-01
2026-01-02 00:34:13,349 - INFO - Iter 29: Rel Res = 9.839638e-01
2026-01-02 00:34:13,349 - INFO - Iter 30: Rel Res = 9.052309e-01
2026-01-02 00:34:13,350 - INFO - Iter 31: Rel Res = 1.043320e+00
2026-01-02 00:34:13,350 - INFO - Iter 32: Rel Res = 8.360180e-01
2026-01-02 00:34:13,350 - INFO - Iter 33: Rel Res = 2.075084e+00
2026-01-02 00:34:13,350 - INFO - Iter 34: Rel Res = 1.287223e+00
2026-01-02 00:34:13,350 - INFO - Iter 35: Rel Res = 1.089133e+00
2026-01-02 00:34:13,350 - INFO - Iter 36: Rel Res = 8.536317e-01
2026-01-02 00:34:13,350 - INFO - Iter 37: Rel Res = 1.258749e+00
2026-01-02 00:34:13,350 - INFO - Iter 38: Rel Res = 8.996947e-01
2026-01-02 00:34:13,350 - INFO - Iter 39: Rel Res = 1.100714e+00
2026-01-02 00:34:13,350 - INFO - Iter 40: Rel Res = 8.285863e-01
2026-01-02 00:34:13,350 - INFO - Iter 41: Rel Res = 1.266572e+00
2026-01-02 00:34:13,350 - INFO - Iter 42: Rel Res = 8.903687e-01
2026-01-02 00:34:13,351 - INFO - Iter 43: Rel Res = 9.316720e-01
2026-01-02 00:34:13,351 - INFO - Iter 44: Rel Res = 8.135709e-01
2026-01-02 00:34:13,351 - INFO - Iter 45: Rel Res = 1.032463e+00
2026-01-02 00:34:13,351 - INFO - Iter 46: Rel Res = 8.202630e-01
2026-01-02 00:34:13,351 - INFO - Iter 47: Rel Res = 1.112810e+00
2026-01-02 00:34:13,352 - INFO - Iter 48: Rel Res = 7.971381e-01
2026-01-02 00:34:13,352 - INFO - Iter 49: Rel Res = 1.137803e+00
2026-01-02 00:34:13,352 - INFO - Iter 50: Rel Res = 8.209646e-01
2026-01-02 00:34:13,352 - INFO - Iter 51: Rel Res = 1.007663e+00
2026-01-02 00:34:13,353 - INFO - Iter 52: Rel Res = 7.821594e-01
2026-01-02 00:34:13,353 - INFO - Iter 53: Rel Res = 1.212320e+00
2026-01-02 00:34:13,354 - INFO - Iter 54: Rel Res = 8.645425e-01
2026-01-02 00:34:13,354 - INFO - Iter 55: Rel Res = 9.738256e-01
2026-01-02 00:34:13,355 - INFO - Iter 56: Rel Res = 8.242403e-01
2026-01-02 00:34:13,355 - INFO - Iter 57: Rel Res = 8.987583e-01
2026-01-02 00:34:13,356 - INFO - Iter 58: Rel Res = 7.650664e-01
2026-01-02 00:34:13,356 - INFO - Iter 59: Rel Res = 1.403117e+00
2026-01-02 00:34:13,356 - INFO - Iter 60: Rel Res = 9.604386e-01
2026-01-02 00:34:13,356 - INFO - Iter 61: Rel Res = 9.879994e-01
2026-01-02 00:34:13,356 - INFO - Iter 62: Rel Res = 7.493511e-01
2026-01-02 00:34:13,357 - INFO - Iter 63: Rel Res = 1.800614e+00
2026-01-02 00:34:13,357 - INFO - Iter 64: Rel Res = 1.144234e+00
2026-01-02 00:34:13,357 - INFO - Iter 65: Rel Res = 1.034957e+00
2026-01-02 00:34:13,357 - INFO - Iter 66: Rel Res = 7.736226e-01
2026-01-02 00:34:13,357 - INFO - Iter 67: Rel Res = 1.032438e+00
2026-01-02 00:34:13,357 - INFO - Iter 68: Rel Res = 8.182287e-01
2026-01-02 00:34:13,357 - INFO - Iter 69: Rel Res = 9.311428e-01
2026-01-02 00:34:13,357 - INFO - Iter 70: Rel Res = 7.561584e-01
2026-01-02 00:34:13,359 - INFO - Iter 71: Rel Res = 1.070663e+00
2026-01-02 00:34:13,359 - INFO - Iter 72: Rel Res = 7.868698e-01
2026-01-02 00:34:13,359 - INFO - Iter 73: Rel Res = 1.069290e+00
2026-01-02 00:34:13,359 - INFO - Iter 74: Rel Res = 8.028148e-01
2026-01-02 00:34:13,359 - INFO - Iter 75: Rel Res = 9.583905e-01
2026-01-02 00:34:13,359 - INFO - Iter 76: Rel Res = 7.385323e-01
2026-01-02 00:34:13,359 - INFO - Iter 77: Rel Res = 1.010790e+00
2026-01-02 00:34:13,359 - INFO - Iter 78: Rel Res = 7.915359e-01
2026-01-02 00:34:13,359 - INFO - Iter 79: Rel Res = 8.935430e-01
2026-01-02 00:34:13,359 - INFO - Iter 80: Rel Res = 7.589102e-01
2026-01-02 00:34:13,359 - INFO - Iter 81: Rel Res = 9.286635e-01
2026-01-02 00:34:13,359 - INFO - Iter 82: Rel Res = 7.485703e-01
2026-01-02 00:34:13,360 - INFO - Iter 83: Rel Res = 1.057425e+00
2026-01-02 00:34:13,360 - INFO - Iter 84: Rel Res = 7.820930e-01
2026-01-02 00:34:13,360 - INFO - Iter 85: Rel Res = 8.492223e-01
2026-01-02 00:34:13,360 - INFO - Iter 86: Rel Res = 7.777223e-01
2026-01-02 00:34:13,360 - INFO - Iter 87: Rel Res = 8.028359e-01
2026-01-02 00:34:13,360 - INFO - Iter 88: Rel Res = 7.341994e-01
2026-01-02 00:34:13,360 - INFO - Iter 89: Rel Res = 9.576488e-01
2026-01-02 00:34:13,360 - INFO - Iter 90: Rel Res = 7.250712e-01
2026-01-02 00:34:13,361 - INFO - Iter 91: Rel Res = 1.386145e+00
2026-01-02 00:34:13,361 - INFO - Iter 92: Rel Res = 8.293742e-01
2026-01-02 00:34:13,361 - INFO - Iter 93: Rel Res = 8.786920e-01
2026-01-02 00:34:13,361 - INFO - Iter 94: Rel Res = 7.077486e-01
2026-01-02 00:34:13,362 - INFO - Iter 95: Rel Res = 1.317605e+00
2026-01-02 00:34:13,362 - INFO - Iter 96: Rel Res = 8.658930e-01
2026-01-02 00:34:13,362 - INFO - Iter 97: Rel Res = 8.707544e-01
2026-01-02 00:34:13,362 - INFO - Iter 98: Rel Res = 7.174065e-01
2026-01-02 00:34:13,362 - INFO - Iter 99: Rel Res = 1.098516e+00
2026-01-02 00:34:13,363 - INFO - Iter 100: Rel Res = 7.744933e-01
2026-01-02 00:34:13,363 - INFO - Iter 101: Rel Res = 9.809415e-01
2026-01-02 00:34:13,363 - INFO - Iter 102: Rel Res = 7.090073e-01
2026-01-02 00:34:13,365 - INFO - Iter 103: Rel Res = 1.338013e+00
2026-01-02 00:34:13,365 - INFO - Iter 104: Rel Res = 8.298564e-01
2026-01-02 00:34:13,367 - INFO - Iter 105: Rel Res = 8.122292e-01
2026-01-02 00:34:13,367 - INFO - Iter 106: Rel Res = 6.893135e-01
2026-01-02 00:34:13,367 - INFO - Iter 107: Rel Res = 1.051381e+00
2026-01-02 00:34:13,367 - INFO - Iter 108: Rel Res = 7.719819e-01
2026-01-02 00:34:13,367 - INFO - Iter 109: Rel Res = 8.393503e-01
2026-01-02 00:34:13,368 - INFO - Iter 110: Rel Res = 6.868176e-01
2026-01-02 00:34:13,368 - INFO - Iter 111: Rel Res = 1.141742e+00
2026-01-02 00:34:13,368 - INFO - Iter 112: Rel Res = 7.580540e-01
2026-01-02 00:34:13,368 - INFO - Iter 113: Rel Res = 9.219148e-01
2026-01-02 00:34:13,368 - INFO - Iter 114: Rel Res = 6.915392e-01
2026-01-02 00:34:13,368 - INFO - Iter 115: Rel Res = 2.026841e+00
2026-01-02 00:34:13,368 - INFO - Iter 116: Rel Res = 1.140607e+00
2026-01-02 00:34:13,368 - INFO - Iter 117: Rel Res = 7.744945e-01
2026-01-02 00:34:13,368 - INFO - Iter 118: Rel Res = 7.547671e-01
2026-01-02 00:34:13,368 - INFO - Iter 119: Rel Res = 7.396482e-01
2026-01-02 00:34:13,370 - INFO - Iter 120: Rel Res = 7.611578e-01
2026-01-02 00:34:13,370 - INFO - Iter 121: Rel Res = 6.954897e-01
2026-01-02 00:34:13,370 - INFO - Iter 122: Rel Res = 9.870711e-01
2026-01-02 00:34:13,370 - INFO - Iter 123: Rel Res = 7.179100e-01
2026-01-02 00:34:13,370 - INFO - Iter 124: Rel Res = 1.035317e+00
2026-01-02 00:34:13,370 - INFO - Iter 125: Rel Res = 6.890686e-01
2026-01-02 00:34:13,370 - INFO - Iter 126: Rel Res = 1.289584e+00
2026-01-02 00:34:13,370 - INFO - Iter 127: Rel Res = 7.804966e-01
2026-01-02 00:34:13,370 - INFO - Iter 128: Rel Res = 7.850609e-01
2026-01-02 00:34:13,370 - INFO - Iter 129: Rel Res = 6.748818e-01
2026-01-02 00:34:13,370 - INFO - Iter 130: Rel Res = 9.572714e-01
2026-01-02 00:34:13,371 - INFO - Iter 131: Rel Res = 6.905167e-01
2026-01-02 00:34:13,371 - INFO - Iter 132: Rel Res = 1.063638e+00
2026-01-02 00:34:13,371 - INFO - Iter 133: Rel Res = 6.870772e-01
2026-01-02 00:34:13,371 - INFO - Iter 134: Rel Res = 1.006894e+00
2026-01-02 00:34:13,372 - INFO - Iter 135: Rel Res = 6.699083e-01
2026-01-02 00:34:13,372 - INFO - Iter 136: Rel Res = 1.037478e+00
2026-01-02 00:34:13,372 - INFO - Iter 137: Rel Res = 6.863959e-01
2026-01-02 00:34:13,372 - INFO - Iter 138: Rel Res = 8.873591e-01
2026-01-02 00:34:13,373 - INFO - Iter 139: Rel Res = 6.555608e-01
2026-01-02 00:34:13,373 - INFO - Iter 140: Rel Res = 1.063996e+00
2026-01-02 00:34:13,374 - INFO - Iter 141: Rel Res = 6.992975e-01
2026-01-02 00:34:13,374 - INFO - Iter 142: Rel Res = 8.360425e-01
2026-01-02 00:34:13,374 - INFO - Iter 143: Rel Res = 6.491139e-01
2026-01-02 00:34:13,376 - INFO - Iter 144: Rel Res = 1.077739e+00
2026-01-02 00:34:13,376 - INFO - Iter 145: Rel Res = 7.175757e-01
2026-01-02 00:34:13,376 - INFO - Iter 146: Rel Res = 8.291204e-01
2026-01-02 00:34:13,376 - INFO - Iter 147: Rel Res = 6.491089e-01
2026-01-02 00:34:13,376 - INFO - Iter 148: Rel Res = 1.123740e+00
2026-01-02 00:34:13,377 - INFO - Iter 149: Rel Res = 7.521782e-01
2026-01-02 00:34:13,377 - INFO - Iter 150: Rel Res = 7.760371e-01
2026-01-02 00:34:13,377 - INFO - Iter 151: Rel Res = 6.642307e-01
2026-01-02 00:34:13,378 - INFO - Iter 152: Rel Res = 8.186049e-01
2026-01-02 00:34:13,378 - INFO - Iter 153: Rel Res = 6.359803e-01
2026-01-02 00:34:13,378 - INFO - Iter 154: Rel Res = 1.797686e+00
2026-01-02 00:34:13,378 - INFO - Iter 155: Rel Res = 1.052243e+00
2026-01-02 00:34:13,378 - INFO - Iter 156: Rel Res = 8.084442e-01
2026-01-02 00:34:13,379 - INFO - Iter 157: Rel Res = 6.381158e-01
2026-01-02 00:34:13,379 - INFO - Iter 158: Rel Res = 9.598122e-01
2026-01-02 00:34:13,379 - INFO - Iter 159: Rel Res = 6.883399e-01
2026-01-02 00:34:13,379 - INFO - Iter 160: Rel Res = 8.683495e-01
2026-01-02 00:34:13,379 - INFO - Iter 161: Rel Res = 6.404421e-01
2026-01-02 00:34:13,379 - INFO - Iter 162: Rel Res = 1.105567e+00
2026-01-02 00:34:13,379 - INFO - Iter 163: Rel Res = 7.272251e-01
2026-01-02 00:34:13,379 - INFO - Iter 164: Rel Res = 7.374742e-01
2026-01-02 00:34:13,379 - INFO - Iter 165: Rel Res = 6.414350e-01
2026-01-02 00:34:13,379 - INFO - Iter 166: Rel Res = 8.411120e-01
2026-01-02 00:34:13,379 - INFO - Iter 167: Rel Res = 6.577993e-01
2026-01-02 00:34:13,379 - INFO - Iter 168: Rel Res = 8.648386e-01
2026-01-02 00:34:13,380 - INFO - Iter 169: Rel Res = 6.352905e-01
2026-01-02 00:34:13,380 - INFO - Iter 170: Rel Res = 9.835110e-01
2026-01-02 00:34:13,381 - INFO - Iter 171: Rel Res = 6.721175e-01
2026-01-02 00:34:13,381 - INFO - Iter 172: Rel Res = 8.059939e-01
2026-01-02 00:34:13,381 - INFO - Iter 173: Rel Res = 6.478404e-01
2026-01-02 00:34:13,382 - INFO - Iter 174: Rel Res = 8.203939e-01
2026-01-02 00:34:13,382 - INFO - Iter 175: Rel Res = 6.225832e-01
2026-01-02 00:34:13,382 - INFO - Iter 176: Rel Res = 1.228913e+00
2026-01-02 00:34:13,382 - INFO - Iter 177: Rel Res = 7.836554e-01
2026-01-02 00:34:13,384 - INFO - Iter 178: Rel Res = 6.812103e-01
2026-01-02 00:34:13,384 - INFO - Iter 179: Rel Res = 6.783823e-01
2026-01-02 00:34:13,385 - INFO - Iter 180: Rel Res = 6.552228e-01
2026-01-02 00:34:13,385 - INFO - Iter 181: Rel Res = 7.213989e-01
2026-01-02 00:34:13,387 - INFO - Iter 182: Rel Res = 6.284275e-01
2026-01-02 00:34:13,387 - INFO - Iter 183: Rel Res = 1.013327e+00
2026-01-02 00:34:13,387 - INFO - Iter 184: Rel Res = 7.127203e-01
2026-01-02 00:34:13,387 - INFO - Iter 185: Rel Res = 7.873846e-01
2026-01-02 00:34:13,387 - INFO - Iter 186: Rel Res = 6.427064e-01
2026-01-02 00:34:13,387 - INFO - Iter 187: Rel Res = 8.587535e-01
2026-01-02 00:34:13,388 - INFO - Iter 188: Rel Res = 6.442685e-01
2026-01-02 00:34:13,388 - INFO - Iter 189: Rel Res = 9.374222e-01
2026-01-02 00:34:13,388 - INFO - Iter 190: Rel Res = 6.644381e-01
2026-01-02 00:34:13,388 - INFO - Iter 191: Rel Res = 7.463459e-01
2026-01-02 00:34:13,388 - INFO - Iter 192: Rel Res = 6.182407e-01
2026-01-02 00:34:13,388 - INFO - Iter 193: Rel Res = 1.123671e+00
2026-01-02 00:34:13,388 - INFO - Iter 194: Rel Res = 7.273169e-01
2026-01-02 00:34:13,388 - INFO - Iter 195: Rel Res = 7.708645e-01
2026-01-02 00:34:13,388 - INFO - Iter 196: Rel Res = 6.290873e-01
2026-01-02 00:34:13,388 - INFO - Iter 197: Rel Res = 1.272956e+00
2026-01-02 00:34:13,388 - INFO - Iter 198: Rel Res = 8.000152e-01
2026-01-02 00:34:13,390 - INFO - Iter 199: Rel Res = 7.267240e-01
2026-01-02 00:34:13,390 - INFO - Iter 200: Rel Res = 6.552966e-01
2026-01-02 00:34:13,390 - INFO - Summary: N=512, Iters=200, CPU(s)=15.983291, Error=1.152760e+00, ResidualFile=residuals_inexact_uzawa_tau1e-3_eps1e-8_alpha1_nu2_L2_N512.csv, PCG_Iters=3,3,3,3,3,3,3,3,3,3,3,3,3,3,3,3,3,3,3,3,3,3,3,3,3,3,3,3,3,3,3,3,3,3,3,3,3,3,3,3,3,3,3,3,3,3,3,3,3,3,3,3,3,3,3,3,3,3,3,3,3,3,3,3,3,3,3,3,3,3,3,3,3,3,3,3,3,3,3,3,3,3,3,3,3,3,3,3,3,3,3,3,3,3,3,3,3,3,3,3,3,3,3,3,3,3,3,3,3,3,3,3,3,3,3,3,3,3,3,3,3,3,3,3,3,3,3,3,3,3,3,3,3,3,3,3,3,3,3,3,3,3,3,3,3,3,3,3,3,3,3,3,3,3,3,3,3,3,3,3,3,3,3,3,3,3,3,3,3,3,3,3,3,3,3,3,3,3,3,3,3,3,3,3,3,3,3,3,3,3,3,3,3,3,3,3,3,3,3,3
2026-01-02 00:55:40,675 - INFO - Run Inexact Uzawa: N=512, h=0.001953125, cfg=tau1e-3_eps1e-8_alpha1_nu2_L2
2026-01-02 00:55:40,675 - INFO - --- Solving Inexact Uzawa (N=512) ---
2026-01-02 00:55:40,690 - INFO - Init Residual: 1.8169e+05
2026-01-02 00:55:40,692 - INFO - Inner solver: PCG(MG), inner_iters=1, alpha=1.000000e+00
2026-01-02 00:55:41,067 - INFO - Starting solve with initial alpha=1.000000e+00
2026-01-02 00:58:47,603 - INFO - Iter 10: Rel Res = 1.1287e-06
2026-01-02 00:59:30,305 - INFO - Finished: Iters=18, CPU(s)=229.616388, Error=2.334992e-05
2026-01-02 00:59:30,309 - INFO - Iter 0: Rel Res = 1.000000e+00
2026-01-02 00:59:30,310 - INFO - Iter 1: Rel Res = 3.548802e-01
2026-01-02 00:59:30,310 - INFO - Iter 2: Rel Res = 1.547147e-01
2026-01-02 00:59:30,310 - INFO - Iter 3: Rel Res = 1.580776e-02
2026-01-02 00:59:30,311 - INFO - Iter 4: Rel Res = 4.101611e-03
2026-01-02 00:59:30,311 - INFO - Iter 5: Rel Res = 1.428823e-03
2026-01-02 00:59:30,311 - INFO - Iter 6: Rel Res = 2.583704e-04
2026-01-02 00:59:30,313 - INFO - Iter 7: Rel Res = 7.678211e-05
2026-01-02 00:59:30,313 - INFO - Iter 8: Rel Res = 1.046370e-05
2026-01-02 00:59:30,313 - INFO - Iter 9: Rel Res = 3.027324e-06
2026-01-02 00:59:30,313 - INFO - Iter 10: Rel Res = 1.128667e-06
2026-01-02 00:59:30,313 - INFO - Iter 11: Rel Res = 3.629300e-07
2026-01-02 00:59:30,313 - INFO - Iter 12: Rel Res = 3.637569e-08
2026-01-02 00:59:30,313 - INFO - Iter 13: Rel Res = 3.084404e-08
2026-01-02 00:59:30,313 - INFO - Iter 14: Rel Res = 1.311029e-08
2026-01-02 00:59:30,313 - INFO - Iter 15: Rel Res = 1.165393e-08
2026-01-02 00:59:30,314 - INFO - Iter 16: Rel Res = 1.148121e-08
2026-01-02 00:59:30,314 - INFO - Iter 17: Rel Res = 1.274039e-08
2026-01-02 00:59:30,314 - INFO - Iter 18: Rel Res = 7.836239e-09
2026-01-02 00:59:30,315 - INFO - Summary: N=512, Iters=18, CPU(s)=229.616388, Error=2.334992e-05, ResidualFile=residuals_inexact_uzawa_tau1e-3_eps1e-8_alpha1_nu2_L2_N512.csv, PCG_Iters=50,50,50,50,50,50,50,50,50,50,24,50,50,8,1,2,1,1
2026-01-02 05:00:35,460 - INFO - Run Inexact Uzawa: N=512, h=0.001953125, cfg=tau1e-3_eps1e-8_alpha1_nu2_L2
2026-01-02 05:00:35,460 - INFO - --- Solving Inexact Uzawa (N=512) ---
2026-01-02 05:00:35,471 - INFO - Init Residual: 1.8169e+05
2026-01-02 05:00:35,471 - INFO - Inner solver: PCG(Vcycle x2), inner_iters=1, alpha=1.000000e+00
2026-01-02 05:00:35,472 - INFO - Starting solve with initial alpha=1.000000e+00
2026-01-02 05:01:38,280 - INFO - Finished: Iters=5, CPU(s)=62.806815, Error=2.334938e-05
2026-01-02 05:01:38,285 - INFO - Iter 0: Rel Res = 1.000000e+00
2026-01-02 05:01:38,285 - INFO - Iter 1: Rel Res = 1.285279e-03
2026-01-02 05:01:38,285 - INFO - Iter 2: Rel Res = 6.450747e-07
2026-01-02 05:01:38,285 - INFO - Iter 3: Rel Res = 1.453781e-07
2026-01-02 05:01:38,285 - INFO - Iter 4: Rel Res = 1.408458e-08
2026-01-02 05:01:38,286 - INFO - Iter 5: Rel Res = 9.654057e-09
2026-01-02 05:01:38,286 - INFO - Summary: N=512, Iters=5, CPU(s)=62.806815, Error=2.334938e-05, ResidualFile=residuals_inexact_uzawa_tau1e-3_eps1e-8_alpha1_nu2_L2_N512.csv, PCG_Iters=80,3,2,1,1
2026-01-02 05:04:18,923 - INFO - Run Inexact Uzawa: N=512, h=0.001953125, cfg=tau1e-3_eps1e-8_alpha1_nu2_L2
2026-01-02 05:04:18,923 - INFO - --- Solving Inexact Uzawa (N=512) ---
2026-01-02 05:04:18,935 - INFO - Init Residual: 1.8169e+05
2026-01-02 05:04:18,935 - INFO - Inner solver: PCG(Vcycle x3), inner_iters=1, alpha=1.000000e+00
2026-01-02 05:04:18,937 - INFO - Starting solve with initial alpha=1.000000e+00
2026-01-02 05:04:34,027 - INFO - Finished: Iters=4, CPU(s)=15.081979, Error=2.334285e-05
2026-01-02 05:04:34,033 - INFO - Iter 0: Rel Res = 1.000000e+00
2026-01-02 05:04:34,033 - INFO - Iter 1: Rel Res = 1.285064e-03
2026-01-02 05:04:34,033 - INFO - Iter 2: Rel Res = 4.658488e-07
2026-01-02 05:04:34,033 - INFO - Iter 3: Rel Res = 2.287174e-07
2026-01-02 05:04:34,033 - INFO - Iter 4: Rel Res = 8.500768e-09
2026-01-02 05:04:34,033 - INFO - Summary: N=512, Iters=4, CPU(s)=15.081979, Error=2.334285e-05, ResidualFile=residuals_inexact_uzawa_tau1e-3_eps1e-8_alpha1_nu2_L2_N512.csv, PCG_Iters=9,3,2,1
2026-01-02 05:17:51,592 - INFO - Run Inexact Uzawa: N=512, h=0.001953125, cfg=tau1e-3_eps1e-8_alpha1_nu2_L2
2026-01-02 05:17:51,592 - INFO - --- Solving Inexact Uzawa (N=512) ---
2026-01-02 05:17:51,606 - INFO - Init Residual: 1.8169e+05
2026-01-02 05:17:51,606 - INFO - Inner solver: PCG(Vcycle x3), inner_iters=1, alpha=1.000000e+00
2026-01-02 05:17:51,607 - INFO - Starting solve with initial alpha=1.000000e+00
2026-01-02 05:17:52,691 - INFO - Finished: Iters=4, CPU(s)=1.084223, Error=2.334285e-05
2026-01-02 05:17:52,702 - INFO - Iter 0: Rel Res = 1.000000e+00
2026-01-02 05:17:52,702 - INFO - Iter 1: Rel Res = 1.285064e-03
2026-01-02 05:17:52,703 - INFO - Iter 2: Rel Res = 4.658488e-07
2026-01-02 05:17:52,703 - INFO - Iter 3: Rel Res = 2.287174e-07
2026-01-02 05:17:52,703 - INFO - Iter 4: Rel Res = 8.500767e-09
2026-01-02 05:17:52,704 - INFO - Summary: N=512, Iters=4, CPU(s)=1.084223, Error=2.334285e-05, ResidualFile=residuals_inexact_uzawa_tau1e-3_eps1e-8_alpha1_nu2_L2_N512.csv, PCG_Iters=9,3,2,1
2026-01-02 05:49:26,511 - INFO - Run Inexact Uzawa: N=512, h=0.001953125, cfg=tau1e-3_eps1e-8_alpha1_nu2_L2
2026-01-02 05:49:26,511 - INFO - --- Solving Inexact Uzawa (N=512) ---
2026-01-02 05:49:26,525 - INFO - Init Residual: 1.8169e+05
2026-01-02 05:49:26,525 - INFO - Inner solver: PCG(Vcycle x1), inner_iters=1, alpha=1.000000e+00
2026-01-02 05:49:26,527 - INFO - Starting solve with initial alpha=1.000000e+00
2026-01-02 05:50:30,469 - INFO - Run Inexact Uzawa: N=512, h=0.001953125, cfg=tau1e-3_eps1e-8_alpha1_nu2_L2
2026-01-02 05:50:30,469 - INFO - --- Solving Inexact Uzawa (N=512) ---
2026-01-02 05:50:30,484 - INFO - Init Residual: 1.8169e+05
2026-01-02 05:50:30,484 - INFO - Inner solver: PCG(Vcycle x3), inner_iters=1, alpha=1.000000e+00
2026-01-02 05:50:30,485 - INFO - Starting solve with initial alpha=1.000000e+00
2026-01-02 05:50:46,056 - INFO - Finished: Iters=4, CPU(s)=15.567985, Error=2.334285e-05
2026-01-02 05:50:46,062 - INFO - Iter 0: Rel Res = 1.000000e+00
2026-01-02 05:50:46,062 - INFO - Iter 1: Rel Res = 1.285064e-03
2026-01-02 05:50:46,063 - INFO - Iter 2: Rel Res = 4.658488e-07
2026-01-02 05:50:46,063 - INFO - Iter 3: Rel Res = 2.287174e-07
2026-01-02 05:50:46,063 - INFO - Iter 4: Rel Res = 8.500768e-09
2026-01-02 05:50:46,063 - INFO - Summary: N=512, Iters=4, CPU(s)=15.567985, Error=2.334285e-05, ResidualFile=residuals_inexact_uzawa_tau1e-3_eps1e-8_alpha1_nu2_L2_N512.csv, PCG_Iters=9,3,2,1
2026-01-02 06:22:21,161 - INFO - Run Inexact Uzawa: N=512, h=0.001953125, cfg=tau1e-3_eps1e-8_alpha1_nu2_L2
2026-01-02 06:22:21,161 - INFO - --- Solving Inexact Uzawa (N=512) ---
2026-01-02 06:22:21,182 - INFO - Init Residual: 1.8169e+05
2026-01-02 06:22:21,182 - INFO - Inner solver: PCG(Coupled-Vcycle x3), inner_iters=1, alpha=1.000000e+00
2026-01-02 06:22:21,183 - INFO - Starting solve with initial alpha=1.000000e+00
2026-01-02 06:22:37,219 - INFO - Finished: Iters=4, CPU(s)=16.045181, Error=2.334943e-05
2026-01-02 06:22:37,224 - INFO - Iter 0: Rel Res = 1.000000e+00
2026-01-02 06:22:37,224 - INFO - Iter 1: Rel Res = 1.285064e-03
2026-01-02 06:22:37,224 - INFO - Iter 2: Rel Res = 2.787482e-08
2026-01-02 06:22:37,224 - INFO - Iter 3: Rel Res = 1.086493e-08
2026-01-02 06:22:37,224 - INFO - Iter 4: Rel Res = 8.583533e-10
2026-01-02 06:22:37,225 - INFO - Summary: N=512, Iters=4, CPU(s)=16.045181, Error=2.334943e-05, ResidualFile=residuals_inexact_uzawa_tau1e-3_eps1e-8_alpha1_nu2_L2_N512.csv, PCG_Iters=9,3,1,1
2026-01-02 06:30:07,891 - INFO - Run Inexact Uzawa: N=512, h=0.001953125, cfg=tau1e-3_eps1e-8_alpha1_nu2_L2
2026-01-02 06:30:07,891 - INFO - --- Solving Inexact Uzawa (N=512) ---
2026-01-02 06:30:07,904 - INFO - Init Residual: 1.8169e+05
2026-01-02 06:30:07,904 - INFO - Inner solver: PCG(Coupled-Vcycle x3), inner_iters=1, alpha=1.000000e+00
2026-01-02 06:30:07,905 - INFO - Starting solve with initial alpha=1.000000e+00
2026-01-02 06:30:20,388 - INFO - Finished: Iters=4, CPU(s)=12.481878, Error=2.334943e-05
2026-01-02 06:30:20,394 - INFO - Iter 0: Rel Res = 1.000000e+00
2026-01-02 06:30:20,394 - INFO - Iter 1: Rel Res = 1.285064e-03
2026-01-02 06:30:20,394 - INFO - Iter 2: Rel Res = 2.787482e-08
2026-01-02 06:30:20,394 - INFO - Iter 3: Rel Res = 1.086493e-08
2026-01-02 06:30:20,394 - INFO - Iter 4: Rel Res = 8.583533e-10
2026-01-02 06:30:20,394 - INFO - Summary: N=512, Iters=4, CPU(s)=12.481878, Error=2.334943e-05, ResidualFile=residuals_inexact_uzawa_tau1e-3_eps1e-8_alpha1_nu2_L2_N512.csv, PCG_Iters=9,3,1,1
2026-01-02 06:51:30,889 - INFO - Run Inexact Uzawa: N=512, h=0.001953125, cfg=tau1e-3_eps1e-8_alpha1_nu2_L2
2026-01-02 06:51:30,890 - INFO - --- Solving Inexact Uzawa (N=512) ---
2026-01-02 06:51:30,902 - INFO - Init Residual: 1.8169e+05
2026-01-02 06:51:30,902 - INFO - Inner solver: PCG(Coupled-Vcycle x3), inner_iters=1, alpha=1.000000e+00
2026-01-02 06:51:30,903 - INFO - Starting solve with initial alpha=1.000000e+00
2026-01-02 06:51:31,850 - INFO - Finished: Iters=4, CPU(s)=0.949635, Error=2.334943e-05
2026-01-02 06:51:31,859 - INFO - Iter 0: Rel Res = 1.000000e+00
2026-01-02 06:51:31,860 - INFO - Iter 1: Rel Res = 1.285064e-03
2026-01-02 06:51:31,860 - INFO - Iter 2: Rel Res = 2.787482e-08
2026-01-02 06:51:31,860 - INFO - Iter 3: Rel Res = 1.086493e-08
2026-01-02 06:51:31,860 - INFO - Iter 4: Rel Res = 8.583533e-10
2026-01-02 06:51:31,861 - INFO - Summary: N=512, Iters=4, CPU(s)=0.949635, Error=2.334943e-05, ResidualFile=residuals_inexact_uzawa_tau1e-3_eps1e-8_alpha1_nu2_L2_N512.csv, PCG_Iters=9,3,1,1
2026-01-02 06:53:22,416 - INFO - Run Inexact Uzawa: N=512, h=0.001953125, cfg=tau1e-3_eps1e-8_alpha1_nu2_L2
2026-01-02 06:53:22,416 - INFO - --- Solving Inexact Uzawa (N=512) ---
2026-01-02 06:53:22,429 - INFO - Init Residual: 1.8169e+05
2026-01-02 06:53:22,430 - INFO - Inner solver: PCG(Coupled-Vcycle x3), inner_iters=1, alpha=1.000000e+00
2026-01-02 06:53:22,430 - INFO - Starting solve with initial alpha=1.000000e+00
2026-01-02 06:53:23,194 - INFO - Finished: Iters=4, CPU(s)=0.766088, Error=2.334943e-05
2026-01-02 06:53:23,198 - INFO - Iter 0: Rel Res = 1.000000e+00
2026-01-02 06:53:23,198 - INFO - Iter 1: Rel Res = 1.285064e-03
2026-01-02 06:53:23,199 - INFO - Iter 2: Rel Res = 2.787482e-08
2026-01-02 06:53:23,199 - INFO - Iter 3: Rel Res = 1.086493e-08
2026-01-02 06:53:23,199 - INFO - Iter 4: Rel Res = 8.583533e-10
2026-01-02 06:53:23,199 - INFO - Summary: N=512, Iters=4, CPU(s)=0.766088, Error=2.334943e-05, ResidualFile=residuals_inexact_uzawa_tau1e-3_eps1e-8_alpha1_nu2_L2_N512.csv, PCG_Iters=9,3,1,1
