2025-12-01 22:07:26,511 - INFO - Run Uzawa: N=128, h=0.0078125
2025-12-01 22:07:26,512 - INFO - --- Solving N=128 ---
2025-12-01 22:07:31,618 - INFO - Iter 10: Rel Res = 1.5912e-04
2025-12-01 22:07:35,199 - INFO - Iter 20: Rel Res = 1.3023e-05
2025-12-01 22:07:38,098 - INFO - Iter 30: Rel Res = 7.9665e-07
2025-12-01 22:07:40,703 - INFO - Iter 40: Rel Res = 4.6281e-08
2025-12-01 22:07:41,781 - INFO - Finished: Iters=46, CPU(s)=15.267612, Error=2.205082e-02
2025-12-01 22:07:41,782 - INFO - Iter 0: Rel Res = 1.000000e+00
2025-12-01 22:07:41,782 - INFO - Iter 1: Rel Res = 8.034442e-03
2025-12-01 22:07:41,782 - INFO - Iter 2: Rel Res = 2.770196e-03
2025-12-01 22:07:41,796 - INFO - Iter 3: Rel Res = 1.286650e-03
2025-12-01 22:07:41,796 - INFO - Iter 4: Rel Res = 7.081428e-04
2025-12-01 22:07:41,796 - INFO - Iter 5: Rel Res = 4.719484e-04
2025-12-01 22:07:41,796 - INFO - Iter 6: Rel Res = 3.603462e-04
2025-12-01 22:07:41,796 - INFO - Iter 7: Rel Res = 2.917434e-04
2025-12-01 22:07:41,796 - INFO - Iter 8: Rel Res = 2.395924e-04
2025-12-01 22:07:41,796 - INFO - Iter 9: Rel Res = 1.961240e-04
2025-12-01 22:07:41,796 - INFO - Iter 10: Rel Res = 1.591217e-04
2025-12-01 22:07:41,796 - INFO - Iter 11: Rel Res = 1.278121e-04
2025-12-01 22:07:41,796 - INFO - Iter 12: Rel Res = 1.016861e-04
2025-12-01 22:07:41,796 - INFO - Iter 13: Rel Res = 8.021068e-05
2025-12-01 22:07:41,797 - INFO - Iter 14: Rel Res = 6.280070e-05
2025-12-01 22:07:41,797 - INFO - Iter 15: Rel Res = 4.885604e-05
2025-12-01 22:07:41,797 - INFO - Iter 16: Rel Res = 3.780128e-05
2025-12-01 22:07:41,797 - INFO - Iter 17: Rel Res = 2.911322e-05
2025-12-01 22:07:41,797 - INFO - Iter 18: Rel Res = 2.233469e-05
2025-12-01 22:07:41,797 - INFO - Iter 19: Rel Res = 1.707813e-05
2025-12-01 22:07:41,797 - INFO - Iter 20: Rel Res = 1.302256e-05
2025-12-01 22:07:41,797 - INFO - Iter 21: Rel Res = 9.906907e-06
2025-12-01 22:07:41,797 - INFO - Iter 22: Rel Res = 7.521881e-06
2025-12-01 22:07:41,797 - INFO - Iter 23: Rel Res = 5.701605e-06
2025-12-01 22:07:41,797 - INFO - Iter 24: Rel Res = 4.315833e-06
2025-12-01 22:07:41,797 - INFO - Iter 25: Rel Res = 3.263063e-06
2025-12-01 22:07:41,797 - INFO - Iter 26: Rel Res = 2.464683e-06
2025-12-01 22:07:41,797 - INFO - Iter 27: Rel Res = 1.860115e-06
2025-12-01 22:07:41,797 - INFO - Iter 28: Rel Res = 1.402878e-06
2025-12-01 22:07:41,797 - INFO - Iter 29: Rel Res = 1.057425e-06
2025-12-01 22:07:41,797 - INFO - Iter 30: Rel Res = 7.966544e-07
2025-12-01 22:07:41,797 - INFO - Iter 31: Rel Res = 5.999511e-07
2025-12-01 22:07:41,797 - INFO - Iter 32: Rel Res = 4.516638e-07
2025-12-01 22:07:41,797 - INFO - Iter 33: Rel Res = 3.399329e-07
2025-12-01 22:07:41,797 - INFO - Iter 34: Rel Res = 2.557820e-07
2025-12-01 22:07:41,797 - INFO - Iter 35: Rel Res = 1.924258e-07
2025-12-01 22:07:41,797 - INFO - Iter 36: Rel Res = 1.447394e-07
2025-12-01 22:07:41,797 - INFO - Iter 37: Rel Res = 1.088567e-07
2025-12-01 22:07:41,797 - INFO - Iter 38: Rel Res = 8.186051e-08
2025-12-01 22:07:41,797 - INFO - Iter 39: Rel Res = 6.155419e-08
2025-12-01 22:07:41,797 - INFO - Iter 40: Rel Res = 4.628130e-08
2025-12-01 22:07:41,797 - INFO - Iter 41: Rel Res = 3.479617e-08
2025-12-01 22:07:41,797 - INFO - Iter 42: Rel Res = 2.615958e-08
2025-12-01 22:07:41,797 - INFO - Iter 43: Rel Res = 1.966646e-08
2025-12-01 22:07:41,797 - INFO - Iter 44: Rel Res = 1.478483e-08
2025-12-01 22:07:41,797 - INFO - Iter 45: Rel Res = 1.111436e-08
2025-12-01 22:07:41,797 - INFO - Iter 46: Rel Res = 8.355640e-09
2025-12-01 22:07:41,798 - INFO - Summary: N=128, Iters=46, CPU(s)=15.267612, Error=2.205082e-02, ResidualFile=residuals_uzawa_N128.csv
2025-12-02 03:19:54,843 - INFO - Run Uzawa: N=128, h=0.0078125
2025-12-02 03:19:54,843 - INFO - --- Solving N=128 ---
2025-12-02 03:20:05,118 - INFO - Iter 10: Rel Res = 1.5912e-04
2025-12-02 03:20:12,647 - INFO - Iter 20: Rel Res = 1.3023e-05
2025-12-02 03:20:18,709 - INFO - Iter 30: Rel Res = 7.9665e-07
2025-12-02 03:20:23,806 - INFO - Iter 40: Rel Res = 4.6281e-08
2025-12-02 03:20:25,677 - INFO - Finished: Iters=46, CPU(s)=30.833246, Error=2.205082e-02
2025-12-02 03:20:25,678 - INFO - Iter 0: Rel Res = 1.000000e+00
2025-12-02 03:20:25,678 - INFO - Iter 1: Rel Res = 8.034442e-03
2025-12-02 03:20:25,678 - INFO - Iter 2: Rel Res = 2.770196e-03
2025-12-02 03:20:25,678 - INFO - Iter 3: Rel Res = 1.286650e-03
2025-12-02 03:20:25,678 - INFO - Iter 4: Rel Res = 7.081428e-04
2025-12-02 03:20:25,678 - INFO - Iter 5: Rel Res = 4.719484e-04
2025-12-02 03:20:25,678 - INFO - Iter 6: Rel Res = 3.603462e-04
2025-12-02 03:20:25,679 - INFO - Iter 7: Rel Res = 2.917434e-04
2025-12-02 03:20:25,679 - INFO - Iter 8: Rel Res = 2.395924e-04
2025-12-02 03:20:25,679 - INFO - Iter 9: Rel Res = 1.961240e-04
2025-12-02 03:20:25,679 - INFO - Iter 10: Rel Res = 1.591217e-04
2025-12-02 03:20:25,679 - INFO - Iter 11: Rel Res = 1.278121e-04
2025-12-02 03:20:25,679 - INFO - Iter 12: Rel Res = 1.016861e-04
2025-12-02 03:20:25,679 - INFO - Iter 13: Rel Res = 8.021068e-05
2025-12-02 03:20:25,679 - INFO - Iter 14: Rel Res = 6.280070e-05
2025-12-02 03:20:25,679 - INFO - Iter 15: Rel Res = 4.885604e-05
2025-12-02 03:20:25,679 - INFO - Iter 16: Rel Res = 3.780128e-05
2025-12-02 03:20:25,679 - INFO - Iter 17: Rel Res = 2.911322e-05
2025-12-02 03:20:25,679 - INFO - Iter 18: Rel Res = 2.233469e-05
2025-12-02 03:20:25,679 - INFO - Iter 19: Rel Res = 1.707813e-05
2025-12-02 03:20:25,679 - INFO - Iter 20: Rel Res = 1.302256e-05
2025-12-02 03:20:25,679 - INFO - Iter 21: Rel Res = 9.906907e-06
2025-12-02 03:20:25,679 - INFO - Iter 22: Rel Res = 7.521881e-06
2025-12-02 03:20:25,679 - INFO - Iter 23: Rel Res = 5.701605e-06
2025-12-02 03:20:25,679 - INFO - Iter 24: Rel Res = 4.315833e-06
2025-12-02 03:20:25,679 - INFO - Iter 25: Rel Res = 3.263063e-06
2025-12-02 03:20:25,679 - INFO - Iter 26: Rel Res = 2.464683e-06
2025-12-02 03:20:25,679 - INFO - Iter 27: Rel Res = 1.860115e-06
2025-12-02 03:20:25,679 - INFO - Iter 28: Rel Res = 1.402878e-06
2025-12-02 03:20:25,679 - INFO - Iter 29: Rel Res = 1.057425e-06
2025-12-02 03:20:25,679 - INFO - Iter 30: Rel Res = 7.966544e-07
2025-12-02 03:20:25,679 - INFO - Iter 31: Rel Res = 5.999511e-07
2025-12-02 03:20:25,679 - INFO - Iter 32: Rel Res = 4.516638e-07
2025-12-02 03:20:25,679 - INFO - Iter 33: Rel Res = 3.399329e-07
2025-12-02 03:20:25,679 - INFO - Iter 34: Rel Res = 2.557820e-07
2025-12-02 03:20:25,679 - INFO - Iter 35: Rel Res = 1.924258e-07
2025-12-02 03:20:25,679 - INFO - Iter 36: Rel Res = 1.447394e-07
2025-12-02 03:20:25,679 - INFO - Iter 37: Rel Res = 1.088567e-07
2025-12-02 03:20:25,679 - INFO - Iter 38: Rel Res = 8.186051e-08
2025-12-02 03:20:25,679 - INFO - Iter 39: Rel Res = 6.155419e-08
2025-12-02 03:20:25,679 - INFO - Iter 40: Rel Res = 4.628130e-08
2025-12-02 03:20:25,679 - INFO - Iter 41: Rel Res = 3.479617e-08
2025-12-02 03:20:25,679 - INFO - Iter 42: Rel Res = 2.615958e-08
2025-12-02 03:20:25,679 - INFO - Iter 43: Rel Res = 1.966646e-08
2025-12-02 03:20:25,679 - INFO - Iter 44: Rel Res = 1.478483e-08
2025-12-02 03:20:25,679 - INFO - Iter 45: Rel Res = 1.111436e-08
2025-12-02 03:20:25,679 - INFO - Iter 46: Rel Res = 8.355640e-09
2025-12-02 03:20:25,679 - INFO - Summary: N=128, Iters=46, CPU(s)=30.833246, Error=2.205082e-02, ResidualFile=residuals_uzawa_N128.csv
