2025-11-24 01:39:43,057 - INFO - Run Uzawa: N=64, h=0.015625
2025-11-24 01:39:43,057 - INFO - --- Solving N=64 ---
2025-11-24 01:39:43,309 - INFO - Iter 10: Rel Res = 1.3762e-05
2025-11-24 01:39:43,440 - INFO - Iter 20: Rel Res = 5.7918e-07
2025-11-24 01:39:43,539 - INFO - Iter 30: Rel Res = 2.4821e-08
2025-11-24 01:39:43,581 - INFO - Finished: Iters=33, CPU(s)=0.522629, Error=4.374824e-02
2025-11-24 01:39:43,582 - INFO - Iter 0: Rel Res = 1.000000e+00
2025-11-24 01:39:43,582 - INFO - Iter 1: Rel Res = 1.235336e-03
2025-11-24 01:39:43,582 - INFO - Iter 2: Rel Res = 4.545662e-04
2025-11-24 01:39:43,582 - INFO - Iter 3: Rel Res = 2.114138e-04
2025-11-24 01:39:43,582 - INFO - Iter 4: Rel Res = 1.188883e-04
2025-11-24 01:39:43,583 - INFO - Iter 5: Rel Res = 7.612764e-05
2025-11-24 01:39:43,583 - INFO - Iter 6: Rel Res = 5.211873e-05
2025-11-24 01:39:43,583 - INFO - Iter 7: Rel Res = 3.679087e-05
2025-11-24 01:39:43,583 - INFO - Iter 8: Rel Res = 2.634482e-05
2025-11-24 01:39:43,583 - INFO - Iter 9: Rel Res = 1.900234e-05
2025-11-24 01:39:43,583 - INFO - Iter 10: Rel Res = 1.376202e-05
2025-11-24 01:39:43,583 - INFO - Iter 11: Rel Res = 9.991265e-06
2025-11-24 01:39:43,583 - INFO - Iter 12: Rel Res = 7.265006e-06
2025-11-24 01:39:43,583 - INFO - Iter 13: Rel Res = 5.288101e-06
2025-11-24 01:39:43,583 - INFO - Iter 14: Rel Res = 3.851847e-06
2025-11-24 01:39:43,583 - INFO - Iter 15: Rel Res = 2.807060e-06
2025-11-24 01:39:43,583 - INFO - Iter 16: Rel Res = 2.046386e-06
2025-11-24 01:39:43,583 - INFO - Iter 17: Rel Res = 1.492229e-06
2025-11-24 01:39:43,583 - INFO - Iter 18: Rel Res = 1.088349e-06
2025-11-24 01:39:43,583 - INFO - Iter 19: Rel Res = 7.939002e-07
2025-11-24 01:39:43,583 - INFO - Iter 20: Rel Res = 5.791827e-07
2025-11-24 01:39:43,583 - INFO - Iter 21: Rel Res = 4.225783e-07
2025-11-24 01:39:43,583 - INFO - Iter 22: Rel Res = 3.083426e-07
2025-11-24 01:39:43,583 - INFO - Iter 23: Rel Res = 2.250034e-07
2025-11-24 01:39:43,583 - INFO - Iter 24: Rel Res = 1.641986e-07
2025-11-24 01:39:43,583 - INFO - Iter 25: Rel Res = 1.198316e-07
2025-11-24 01:39:43,583 - INFO - Iter 26: Rel Res = 8.745651e-08
2025-11-24 01:39:43,583 - INFO - Iter 27: Rel Res = 6.383065e-08
2025-11-24 01:39:43,583 - INFO - Iter 28: Rel Res = 4.658873e-08
2025-11-24 01:39:43,583 - INFO - Iter 29: Rel Res = 3.400520e-08
2025-11-24 01:39:43,583 - INFO - Iter 30: Rel Res = 2.482111e-08
2025-11-24 01:39:43,583 - INFO - Iter 31: Rel Res = 1.811788e-08
2025-11-24 01:39:43,583 - INFO - Iter 32: Rel Res = 1.322520e-08
2025-11-24 01:39:43,583 - INFO - Iter 33: Rel Res = 9.653957e-09
2025-11-24 01:39:43,584 - INFO - Summary: N=64, Iters=33, CPU(s)=0.522629, Error=4.374824e-02, ResidualFile=residuals_uzawa_N64.csv
2025-11-24 01:40:02,559 - INFO - Run Uzawa: N=64, h=0.015625
2025-11-24 01:40:02,559 - INFO - --- Solving N=64 ---
2025-11-24 01:40:02,725 - INFO - Iter 10: Rel Res = 1.3762e-05
2025-11-24 01:40:02,832 - INFO - Iter 20: Rel Res = 5.7918e-07
2025-11-24 01:40:02,920 - INFO - Iter 30: Rel Res = 2.4821e-08
2025-11-24 01:40:02,945 - INFO - Finished: Iters=33, CPU(s)=0.385503, Error=4.374824e-02
2025-11-24 01:40:02,945 - INFO - Iter 0: Rel Res = 1.000000e+00
2025-11-24 01:40:02,945 - INFO - Iter 1: Rel Res = 1.235336e-03
2025-11-24 01:40:02,945 - INFO - Iter 2: Rel Res = 4.545662e-04
2025-11-24 01:40:02,945 - INFO - Iter 3: Rel Res = 2.114138e-04
2025-11-24 01:40:02,946 - INFO - Iter 4: Rel Res = 1.188883e-04
2025-11-24 01:40:02,946 - INFO - Iter 5: Rel Res = 7.612764e-05
2025-11-24 01:40:02,946 - INFO - Iter 6: Rel Res = 5.211873e-05
2025-11-24 01:40:02,946 - INFO - Iter 7: Rel Res = 3.679087e-05
2025-11-24 01:40:02,946 - INFO - Iter 8: Rel Res = 2.634482e-05
2025-11-24 01:40:02,946 - INFO - Iter 9: Rel Res = 1.900234e-05
2025-11-24 01:40:02,946 - INFO - Iter 10: Rel Res = 1.376202e-05
2025-11-24 01:40:02,946 - INFO - Iter 11: Rel Res = 9.991265e-06
2025-11-24 01:40:02,946 - INFO - Iter 12: Rel Res = 7.265006e-06
2025-11-24 01:40:02,946 - INFO - Iter 13: Rel Res = 5.288101e-06
2025-11-24 01:40:02,946 - INFO - Iter 14: Rel Res = 3.851847e-06
2025-11-24 01:40:02,946 - INFO - Iter 15: Rel Res = 2.807060e-06
2025-11-24 01:40:02,946 - INFO - Iter 16: Rel Res = 2.046386e-06
2025-11-24 01:40:02,946 - INFO - Iter 17: Rel Res = 1.492229e-06
2025-11-24 01:40:02,946 - INFO - Iter 18: Rel Res = 1.088349e-06
2025-11-24 01:40:02,946 - INFO - Iter 19: Rel Res = 7.939002e-07
2025-11-24 01:40:02,946 - INFO - Iter 20: Rel Res = 5.791827e-07
2025-11-24 01:40:02,946 - INFO - Iter 21: Rel Res = 4.225783e-07
2025-11-24 01:40:02,946 - INFO - Iter 22: Rel Res = 3.083426e-07
2025-11-24 01:40:02,946 - INFO - Iter 23: Rel Res = 2.250034e-07
2025-11-24 01:40:02,947 - INFO - Iter 24: Rel Res = 1.641986e-07
2025-11-24 01:40:02,947 - INFO - Iter 25: Rel Res = 1.198316e-07
2025-11-24 01:40:02,947 - INFO - Iter 26: Rel Res = 8.745651e-08
2025-11-24 01:40:02,947 - INFO - Iter 27: Rel Res = 6.383065e-08
2025-11-24 01:40:02,947 - INFO - Iter 28: Rel Res = 4.658873e-08
2025-11-24 01:40:02,947 - INFO - Iter 29: Rel Res = 3.400520e-08
2025-11-24 01:40:02,947 - INFO - Iter 30: Rel Res = 2.482111e-08
2025-11-24 01:40:02,947 - INFO - Iter 31: Rel Res = 1.811788e-08
2025-11-24 01:40:02,947 - INFO - Iter 32: Rel Res = 1.322520e-08
2025-11-24 01:40:02,947 - INFO - Iter 33: Rel Res = 9.653957e-09
2025-11-24 01:40:02,947 - INFO - Summary: N=64, Iters=33, CPU(s)=0.385503, Error=4.374824e-02, ResidualFile=residuals_uzawa_N64.csv
2025-11-24 01:40:17,090 - INFO - Run Uzawa: N=64, h=0.015625
2025-11-24 01:40:17,090 - INFO - --- Solving N=64 ---
2025-11-24 01:40:17,239 - INFO - Iter 10: Rel Res = 1.3762e-05
2025-11-24 01:40:17,354 - INFO - Iter 20: Rel Res = 5.7918e-07
2025-11-24 01:40:17,443 - INFO - Iter 30: Rel Res = 2.4821e-08
2025-11-24 01:40:17,484 - INFO - Finished: Iters=33, CPU(s)=0.393223, Error=4.374824e-02
2025-11-24 01:40:17,485 - INFO - Iter 0: Rel Res = 1.000000e+00
2025-11-24 01:40:17,485 - INFO - Iter 1: Rel Res = 1.235336e-03
2025-11-24 01:40:17,485 - INFO - Iter 2: Rel Res = 4.545662e-04
2025-11-24 01:40:17,485 - INFO - Iter 3: Rel Res = 2.114138e-04
2025-11-24 01:40:17,485 - INFO - Iter 4: Rel Res = 1.188883e-04
2025-11-24 01:40:17,485 - INFO - Iter 5: Rel Res = 7.612764e-05
2025-11-24 01:40:17,485 - INFO - Iter 6: Rel Res = 5.211873e-05
2025-11-24 01:40:17,485 - INFO - Iter 7: Rel Res = 3.679087e-05
2025-11-24 01:40:17,485 - INFO - Iter 8: Rel Res = 2.634482e-05
2025-11-24 01:40:17,486 - INFO - Iter 9: Rel Res = 1.900234e-05
2025-11-24 01:40:17,486 - INFO - Iter 10: Rel Res = 1.376202e-05
2025-11-24 01:40:17,486 - INFO - Iter 11: Rel Res = 9.991265e-06
2025-11-24 01:40:17,486 - INFO - Iter 12: Rel Res = 7.265006e-06
2025-11-24 01:40:17,486 - INFO - Iter 13: Rel Res = 5.288101e-06
2025-11-24 01:40:17,487 - INFO - Iter 14: Rel Res = 3.851847e-06
2025-11-24 01:40:17,487 - INFO - Iter 15: Rel Res = 2.807060e-06
2025-11-24 01:40:17,487 - INFO - Iter 16: Rel Res = 2.046386e-06
2025-11-24 01:40:17,487 - INFO - Iter 17: Rel Res = 1.492229e-06
2025-11-24 01:40:17,487 - INFO - Iter 18: Rel Res = 1.088349e-06
2025-11-24 01:40:17,487 - INFO - Iter 19: Rel Res = 7.939002e-07
2025-11-24 01:40:17,487 - INFO - Iter 20: Rel Res = 5.791827e-07
2025-11-24 01:40:17,487 - INFO - Iter 21: Rel Res = 4.225783e-07
2025-11-24 01:40:17,487 - INFO - Iter 22: Rel Res = 3.083426e-07
2025-11-24 01:40:17,487 - INFO - Iter 23: Rel Res = 2.250034e-07
2025-11-24 01:40:17,487 - INFO - Iter 24: Rel Res = 1.641986e-07
2025-11-24 01:40:17,487 - INFO - Iter 25: Rel Res = 1.198316e-07
2025-11-24 01:40:17,487 - INFO - Iter 26: Rel Res = 8.745651e-08
2025-11-24 01:40:17,487 - INFO - Iter 27: Rel Res = 6.383065e-08
2025-11-24 01:40:17,487 - INFO - Iter 28: Rel Res = 4.658873e-08
2025-11-24 01:40:17,487 - INFO - Iter 29: Rel Res = 3.400520e-08
2025-11-24 01:40:17,487 - INFO - Iter 30: Rel Res = 2.482111e-08
2025-11-24 01:40:17,487 - INFO - Iter 31: Rel Res = 1.811788e-08
2025-11-24 01:40:17,487 - INFO - Iter 32: Rel Res = 1.322520e-08
2025-11-24 01:40:17,487 - INFO - Iter 33: Rel Res = 9.653957e-09
2025-11-24 01:40:17,488 - INFO - Summary: N=64, Iters=33, CPU(s)=0.393223, Error=4.374824e-02, ResidualFile=residuals_uzawa_N64.csv
