2026-01-02 05:01:38,756 - INFO - Run Inexact Uzawa: N=1024, h=0.0009765625, cfg=tau1e-3_eps1e-8_alpha1_nu2_L2
2026-01-02 05:01:38,756 - INFO - --- Solving Inexact Uzawa (N=1024) ---
2026-01-02 05:01:38,860 - INFO - Init Residual: 5.0914e+05
2026-01-02 05:01:38,860 - INFO - Inner solver: PCG(Vcycle x2), inner_iters=1, alpha=1.000000e+00
2026-01-02 05:01:38,865 - INFO - Starting solve with initial alpha=1.000000e+00
2026-01-02 05:04:34,587 - INFO - Run Inexact Uzawa: N=1024, h=0.0009765625, cfg=tau1e-3_eps1e-8_alpha1_nu2_L2
2026-01-02 05:04:34,602 - INFO - --- Solving Inexact Uzawa (N=1024) ---
2026-01-02 05:04:34,720 - INFO - Init Residual: 5.0914e+05
2026-01-02 05:04:34,720 - INFO - Inner solver: PCG(Vcycle x3), inner_iters=1, alpha=1.000000e+00
2026-01-02 05:04:34,724 - INFO - Starting solve with initial alpha=1.000000e+00
2026-01-02 05:07:10,443 - INFO - Finished: Iters=4, CPU(s)=155.746431, Error=5.836499e-06
2026-01-02 05:07:10,468 - INFO - Iter 0: Rel Res = 1.000000e+00
2026-01-02 05:07:10,468 - INFO - Iter 1: Rel Res = 9.182310e-04
2026-01-02 05:07:10,468 - INFO - Iter 2: Rel Res = 9.638615e-08
2026-01-02 05:07:10,468 - INFO - Iter 3: Rel Res = 4.686408e-08
2026-01-02 05:07:10,468 - INFO - Iter 4: Rel Res = 2.589685e-09
2026-01-02 05:07:10,469 - INFO - Summary: N=1024, Iters=4, CPU(s)=155.746431, Error=5.836499e-06, ResidualFile=residuals_inexact_uzawa_tau1e-3_eps1e-8_alpha1_nu2_L2_N1024.csv, PCG_Iters=23,3,1,1
2026-01-02 05:17:53,199 - INFO - Run Inexact Uzawa: N=1024, h=0.0009765625, cfg=tau1e-3_eps1e-8_alpha1_nu2_L2
2026-01-02 05:17:53,200 - INFO - --- Solving Inexact Uzawa (N=1024) ---
2026-01-02 05:17:53,299 - INFO - Init Residual: 5.0914e+05
2026-01-02 05:17:53,299 - INFO - Inner solver: PCG(Vcycle x3), inner_iters=1, alpha=1.000000e+00
2026-01-02 05:17:53,304 - INFO - Starting solve with initial alpha=1.000000e+00
2026-01-02 05:18:06,942 - INFO - Finished: Iters=4, CPU(s)=13.633598, Error=5.836499e-06
2026-01-02 05:18:06,959 - INFO - Iter 0: Rel Res = 1.000000e+00
2026-01-02 05:18:06,959 - INFO - Iter 1: Rel Res = 9.182310e-04
2026-01-02 05:18:06,959 - INFO - Iter 2: Rel Res = 9.638615e-08
2026-01-02 05:18:06,959 - INFO - Iter 3: Rel Res = 4.686408e-08
2026-01-02 05:18:06,959 - INFO - Iter 4: Rel Res = 2.589684e-09
2026-01-02 05:18:06,960 - INFO - Summary: N=1024, Iters=4, CPU(s)=13.633598, Error=5.836499e-06, ResidualFile=residuals_inexact_uzawa_tau1e-3_eps1e-8_alpha1_nu2_L2_N1024.csv, PCG_Iters=23,3,1,1
2026-01-02 05:50:46,557 - INFO - Run Inexact Uzawa: N=1024, h=0.0009765625, cfg=tau1e-3_eps1e-8_alpha1_nu2_L2
2026-01-02 05:50:46,557 - INFO - --- Solving Inexact Uzawa (N=1024) ---
2026-01-02 05:50:46,669 - INFO - Init Residual: 5.0914e+05
2026-01-02 05:50:46,669 - INFO - Inner solver: PCG(Vcycle x3), inner_iters=1, alpha=1.000000e+00
2026-01-02 05:50:46,674 - INFO - Starting solve with initial alpha=1.000000e+00
2026-01-02 05:53:19,906 - INFO - Finished: Iters=4, CPU(s)=153.246866, Error=5.836499e-06
2026-01-02 05:53:19,924 - INFO - Iter 0: Rel Res = 1.000000e+00
2026-01-02 05:53:19,924 - INFO - Iter 1: Rel Res = 9.182310e-04
2026-01-02 05:53:19,924 - INFO - Iter 2: Rel Res = 9.638615e-08
2026-01-02 05:53:19,924 - INFO - Iter 3: Rel Res = 4.686408e-08
2026-01-02 05:53:19,924 - INFO - Iter 4: Rel Res = 2.589685e-09
2026-01-02 05:53:19,925 - INFO - Summary: N=1024, Iters=4, CPU(s)=153.246866, Error=5.836499e-06, ResidualFile=residuals_inexact_uzawa_tau1e-3_eps1e-8_alpha1_nu2_L2_N1024.csv, PCG_Iters=23,3,1,1
2026-01-02 06:22:37,719 - INFO - Run Inexact Uzawa: N=1024, h=0.0009765625, cfg=tau1e-3_eps1e-8_alpha1_nu2_L2
2026-01-02 06:22:37,720 - INFO - --- Solving Inexact Uzawa (N=1024) ---
2026-01-02 06:22:37,831 - INFO - Init Residual: 5.0914e+05
2026-01-02 06:22:37,832 - INFO - Inner solver: PCG(Coupled-Vcycle x3), inner_iters=1, alpha=1.000000e+00
2026-01-02 06:22:37,836 - INFO - Starting solve with initial alpha=1.000000e+00
2026-01-02 06:30:20,978 - INFO - Run Inexact Uzawa: N=1024, h=0.0009765625, cfg=tau1e-3_eps1e-8_alpha1_nu2_L2
2026-01-02 06:30:20,979 - INFO - --- Solving Inexact Uzawa (N=1024) ---
2026-01-02 06:30:21,074 - INFO - Init Residual: 5.0914e+05
2026-01-02 06:30:21,074 - INFO - Inner solver: PCG(Coupled-Vcycle x3), inner_iters=1, alpha=1.000000e+00
2026-01-02 06:30:21,078 - INFO - Starting solve with initial alpha=1.000000e+00
2026-01-02 06:32:11,610 - INFO - Finished: Iters=4, CPU(s)=110.529769, Error=5.837974e-06
2026-01-02 06:32:11,635 - INFO - Iter 0: Rel Res = 1.000000e+00
2026-01-02 06:32:11,635 - INFO - Iter 1: Rel Res = 9.182304e-04
2026-01-02 06:32:11,635 - INFO - Iter 2: Rel Res = 4.246937e-08
2026-01-02 06:32:11,635 - INFO - Iter 3: Rel Res = 1.709751e-08
2026-01-02 06:32:11,635 - INFO - Iter 4: Rel Res = 1.216522e-09
2026-01-02 06:32:11,636 - INFO - Summary: N=1024, Iters=4, CPU(s)=110.529769, Error=5.837974e-06, ResidualFile=residuals_inexact_uzawa_tau1e-3_eps1e-8_alpha1_nu2_L2_N1024.csv, PCG_Iters=22,3,1,1
2026-01-02 06:51:32,432 - INFO - Run Inexact Uzawa: N=1024, h=0.0009765625, cfg=tau1e-3_eps1e-8_alpha1_nu2_L2
2026-01-02 06:51:32,432 - INFO - --- Solving Inexact Uzawa (N=1024) ---
2026-01-02 06:51:32,530 - INFO - Init Residual: 5.0914e+05
2026-01-02 06:51:32,530 - INFO - Inner solver: PCG(Coupled-Vcycle x3), inner_iters=1, alpha=1.000000e+00
2026-01-02 06:51:32,541 - INFO - Starting solve with initial alpha=1.000000e+00
2026-01-02 06:51:41,204 - INFO - Finished: Iters=4, CPU(s)=8.669041, Error=5.837974e-06
2026-01-02 06:51:41,221 - INFO - Iter 0: Rel Res = 1.000000e+00
2026-01-02 06:51:41,221 - INFO - Iter 1: Rel Res = 9.182304e-04
2026-01-02 06:51:41,221 - INFO - Iter 2: Rel Res = 4.246937e-08
2026-01-02 06:51:41,221 - INFO - Iter 3: Rel Res = 1.709751e-08
2026-01-02 06:51:41,221 - INFO - Iter 4: Rel Res = 1.216522e-09
2026-01-02 06:51:41,221 - INFO - Summary: N=1024, Iters=4, CPU(s)=8.669041, Error=5.837974e-06, ResidualFile=residuals_inexact_uzawa_tau1e-3_eps1e-8_alpha1_nu2_L2_N1024.csv, PCG_Iters=22,3,1,1
2026-01-02 06:53:23,713 - INFO - Run Inexact Uzawa: N=1024, h=0.0009765625, cfg=tau1e-3_eps1e-8_alpha1_nu2_L2
2026-01-02 06:53:23,713 - INFO - --- Solving Inexact Uzawa (N=1024) ---
2026-01-02 06:53:23,814 - INFO - Init Residual: 5.0914e+05
2026-01-02 06:53:23,814 - INFO - Inner solver: PCG(Coupled-Vcycle x3), inner_iters=1, alpha=1.000000e+00
2026-01-02 06:53:23,819 - INFO - Starting solve with initial alpha=1.000000e+00
2026-01-02 06:53:32,219 - INFO - Finished: Iters=4, CPU(s)=8.407737, Error=5.837974e-06
2026-01-02 06:53:32,237 - INFO - Iter 0: Rel Res = 1.000000e+00
2026-01-02 06:53:32,237 - INFO - Iter 1: Rel Res = 9.182304e-04
2026-01-02 06:53:32,237 - INFO - Iter 2: Rel Res = 4.246937e-08
2026-01-02 06:53:32,237 - INFO - Iter 3: Rel Res = 1.709751e-08
2026-01-02 06:53:32,237 - INFO - Iter 4: Rel Res = 1.216522e-09
2026-01-02 06:53:32,238 - INFO - Summary: N=1024, Iters=4, CPU(s)=8.407737, Error=5.837974e-06, ResidualFile=residuals_inexact_uzawa_tau1e-3_eps1e-8_alpha1_nu2_L2_N1024.csv, PCG_Iters=22,3,1,1
