2026-01-02 03:35:34,769 - INFO - Run V-cycle: N=1024, h=0.0009765625, cfg=nu2_L2
2026-01-02 03:35:34,769 - INFO - --- Solving Stokes (DGS-MG) for N=1024 ---
2026-01-02 03:35:34,878 - INFO - Init Residual: 5.0914e+05
2026-01-02 03:35:38,435 - INFO - Iter 1: Rel Res = 3.7871e-01
2026-01-02 03:35:41,819 - INFO - Iter 2: Rel Res = 1.7623e-01
2026-01-02 03:35:45,622 - INFO - Iter 3: Rel Res = 8.8757e-02
2026-01-02 03:35:48,994 - INFO - Iter 4: Rel Res = 4.6136e-02
2026-01-02 03:35:52,178 - INFO - Iter 5: Rel Res = 2.3564e-02
2026-01-02 03:35:55,467 - INFO - Iter 6: Rel Res = 1.2188e-02
2026-01-02 03:35:58,569 - INFO - Iter 7: Rel Res = 6.2975e-03
2026-01-02 03:36:01,836 - INFO - Iter 8: Rel Res = 3.2448e-03
2026-01-02 03:36:05,321 - INFO - Iter 9: Rel Res = 1.6749e-03
2026-01-02 03:36:08,741 - INFO - Iter 10: Rel Res = 8.6574e-04
2026-01-02 03:36:11,916 - INFO - Iter 11: Rel Res = 4.4580e-04
2026-01-02 03:36:15,114 - INFO - Iter 12: Rel Res = 2.3035e-04
2026-01-02 03:36:18,410 - INFO - Iter 13: Rel Res = 1.1899e-04
2026-01-02 03:36:21,844 - INFO - Iter 14: Rel Res = 6.1280e-05
2026-01-02 03:36:25,005 - INFO - Iter 15: Rel Res = 3.1662e-05
2026-01-02 03:36:28,169 - INFO - Iter 16: Rel Res = 1.6358e-05
2026-01-02 03:36:31,418 - INFO - Iter 17: Rel Res = 8.4254e-06
2026-01-02 03:36:34,594 - INFO - Iter 18: Rel Res = 4.3522e-06
2026-01-02 03:36:37,778 - INFO - Iter 19: Rel Res = 2.2490e-06
2026-01-02 03:36:40,900 - INFO - Iter 20: Rel Res = 1.1587e-06
2026-01-02 03:36:44,066 - INFO - Iter 21: Rel Res = 5.9832e-07
2026-01-02 03:36:47,413 - INFO - Iter 22: Rel Res = 3.0921e-07
2026-01-02 03:36:50,714 - INFO - Iter 23: Rel Res = 1.5938e-07
2026-01-02 03:36:53,808 - INFO - Iter 24: Rel Res = 8.2272e-08
2026-01-02 03:36:57,005 - INFO - Iter 25: Rel Res = 4.2515e-08
2026-01-02 03:37:00,082 - INFO - Iter 26: Rel Res = 2.1925e-08
2026-01-02 03:37:03,363 - INFO - Iter 27: Rel Res = 1.1315e-08
2026-01-02 03:37:06,442 - INFO - Iter 28: Rel Res = 5.8461e-09
2026-01-02 03:37:06,549 - INFO - Finished: Iters=28, CPU(s)=91.672927, Error=5.856936e-06
2026-01-02 03:37:06,565 - INFO - Summary: N=1024, V-Cycles=28, CPU(s)=91.672927, Error=5.856936e-06, ResidualFile=residuals_v_cycle_nu2_L2_N1024.csv
2026-01-02 04:22:09,332 - INFO - Run V-cycle: N=1024, h=0.0009765625, cfg=nu2_L2
2026-01-02 04:22:09,332 - INFO - --- Solving Stokes (DGS-MG) for N=1024 ---
2026-01-02 04:22:09,435 - INFO - Init Residual: 5.0914e+05
2026-01-02 04:22:09,792 - INFO - Iter 1: Rel Res = 3.7871e-01
2026-01-02 04:22:10,144 - INFO - Iter 2: Rel Res = 1.7623e-01
2026-01-02 04:22:10,499 - INFO - Iter 3: Rel Res = 8.8757e-02
2026-01-02 04:22:10,858 - INFO - Iter 4: Rel Res = 4.6136e-02
2026-01-02 04:22:11,216 - INFO - Iter 5: Rel Res = 2.3564e-02
2026-01-02 04:22:11,593 - INFO - Iter 6: Rel Res = 1.2188e-02
2026-01-02 04:22:11,978 - INFO - Iter 7: Rel Res = 6.2975e-03
2026-01-02 04:22:12,344 - INFO - Iter 8: Rel Res = 3.2448e-03
2026-01-02 04:22:12,714 - INFO - Iter 9: Rel Res = 1.6749e-03
2026-01-02 04:22:13,084 - INFO - Iter 10: Rel Res = 8.6574e-04
2026-01-02 04:22:13,494 - INFO - Iter 11: Rel Res = 4.4580e-04
2026-01-02 04:22:13,892 - INFO - Iter 12: Rel Res = 2.3035e-04
2026-01-02 04:22:14,330 - INFO - Iter 13: Rel Res = 1.1899e-04
2026-01-02 04:22:14,701 - INFO - Iter 14: Rel Res = 6.1280e-05
2026-01-02 04:22:15,052 - INFO - Iter 15: Rel Res = 3.1662e-05
2026-01-02 04:22:15,394 - INFO - Iter 16: Rel Res = 1.6358e-05
2026-01-02 04:22:15,746 - INFO - Iter 17: Rel Res = 8.4254e-06
2026-01-02 04:22:16,125 - INFO - Iter 18: Rel Res = 4.3522e-06
2026-01-02 04:22:16,487 - INFO - Iter 19: Rel Res = 2.2490e-06
2026-01-02 04:22:16,850 - INFO - Iter 20: Rel Res = 1.1587e-06
2026-01-02 04:22:17,223 - INFO - Iter 21: Rel Res = 5.9832e-07
2026-01-02 04:22:17,582 - INFO - Iter 22: Rel Res = 3.0921e-07
2026-01-02 04:22:17,954 - INFO - Iter 23: Rel Res = 1.5938e-07
2026-01-02 04:22:18,348 - INFO - Iter 24: Rel Res = 8.2272e-08
2026-01-02 04:22:18,721 - INFO - Iter 25: Rel Res = 4.2515e-08
2026-01-02 04:22:19,099 - INFO - Iter 26: Rel Res = 2.1925e-08
2026-01-02 04:22:19,463 - INFO - Iter 27: Rel Res = 1.1315e-08
2026-01-02 04:22:19,835 - INFO - Iter 28: Rel Res = 5.8461e-09
2026-01-02 04:22:19,940 - INFO - Finished: Iters=28, CPU(s)=10.502769, Error=5.856936e-06
2026-01-02 04:22:19,944 - INFO - Summary: N=1024, V-Cycles=28, CPU(s)=10.502769, Error=5.856936e-06, ResidualFile=residuals_v_cycle_nu2_L2_N1024.csv
2026-01-02 04:27:34,123 - INFO - Run V-cycle: N=1024, h=0.0009765625, cfg=nu2_L2
2026-01-02 04:27:34,123 - INFO - --- Solving Stokes (DGS-MG) for N=1024 ---
2026-01-02 04:27:34,237 - INFO - Init Residual: 5.0914e+05
2026-01-02 04:27:34,588 - INFO - Iter 1: Rel Res = 3.7871e-01
2026-01-02 04:27:34,978 - INFO - Iter 2: Rel Res = 1.7623e-01
2026-01-02 04:27:35,327 - INFO - Iter 3: Rel Res = 8.8757e-02
2026-01-02 04:27:35,712 - INFO - Iter 4: Rel Res = 4.6136e-02
2026-01-02 04:27:36,064 - INFO - Iter 5: Rel Res = 2.3564e-02
2026-01-02 04:27:36,414 - INFO - Iter 6: Rel Res = 1.2188e-02
2026-01-02 04:27:36,768 - INFO - Iter 7: Rel Res = 6.2975e-03
2026-01-02 04:27:37,127 - INFO - Iter 8: Rel Res = 3.2448e-03
2026-01-02 04:27:37,480 - INFO - Iter 9: Rel Res = 1.6749e-03
2026-01-02 04:27:37,839 - INFO - Iter 10: Rel Res = 8.6574e-04
2026-01-02 04:27:38,198 - INFO - Iter 11: Rel Res = 4.4580e-04
2026-01-02 04:27:38,544 - INFO - Iter 12: Rel Res = 2.3035e-04
2026-01-02 04:27:38,902 - INFO - Iter 13: Rel Res = 1.1899e-04
2026-01-02 04:27:39,258 - INFO - Iter 14: Rel Res = 6.1280e-05
2026-01-02 04:27:39,606 - INFO - Iter 15: Rel Res = 3.1662e-05
2026-01-02 04:27:39,958 - INFO - Iter 16: Rel Res = 1.6358e-05
2026-01-02 04:27:40,310 - INFO - Iter 17: Rel Res = 8.4254e-06
2026-01-02 04:27:40,661 - INFO - Iter 18: Rel Res = 4.3522e-06
2026-01-02 04:27:41,014 - INFO - Iter 19: Rel Res = 2.2490e-06
2026-01-02 04:27:41,366 - INFO - Iter 20: Rel Res = 1.1587e-06
2026-01-02 04:27:41,719 - INFO - Iter 21: Rel Res = 5.9832e-07
2026-01-02 04:27:42,069 - INFO - Iter 22: Rel Res = 3.0921e-07
2026-01-02 04:27:42,420 - INFO - Iter 23: Rel Res = 1.5938e-07
2026-01-02 04:27:42,766 - INFO - Iter 24: Rel Res = 8.2272e-08
2026-01-02 04:27:43,119 - INFO - Iter 25: Rel Res = 4.2515e-08
2026-01-02 04:27:43,471 - INFO - Iter 26: Rel Res = 2.1925e-08
2026-01-02 04:27:43,824 - INFO - Iter 27: Rel Res = 1.1315e-08
2026-01-02 04:27:44,170 - INFO - Iter 28: Rel Res = 5.8461e-09
2026-01-02 04:27:44,276 - INFO - Finished: Iters=28, CPU(s)=10.047531, Error=5.856936e-06
2026-01-02 04:27:44,278 - INFO - Summary: N=1024, V-Cycles=28, CPU(s)=10.047531, Error=5.856936e-06, ResidualFile=residuals_v_cycle_nu2_L2_N1024.csv
2026-01-02 04:30:41,666 - INFO - Run V-cycle: N=1024, h=0.0009765625, cfg=nu2_L2
2026-01-02 04:30:41,667 - INFO - --- Solving Stokes (DGS-MG) for N=1024 ---
2026-01-02 04:30:41,772 - INFO - Init Residual: 5.0914e+05
2026-01-02 04:30:42,121 - INFO - Iter 1: Rel Res = 3.7871e-01
2026-01-02 04:30:42,471 - INFO - Iter 2: Rel Res = 1.7623e-01
2026-01-02 04:30:42,815 - INFO - Iter 3: Rel Res = 8.8757e-02
2026-01-02 04:30:43,154 - INFO - Iter 4: Rel Res = 4.6136e-02
2026-01-02 04:30:43,499 - INFO - Iter 5: Rel Res = 2.3564e-02
2026-01-02 04:30:43,864 - INFO - Iter 6: Rel Res = 1.2188e-02
2026-01-02 04:30:44,232 - INFO - Iter 7: Rel Res = 6.2975e-03
2026-01-02 04:30:44,589 - INFO - Iter 8: Rel Res = 3.2448e-03
2026-01-02 04:30:44,938 - INFO - Iter 9: Rel Res = 1.6749e-03
2026-01-02 04:30:45,307 - INFO - Iter 10: Rel Res = 8.6574e-04
2026-01-02 04:30:45,681 - INFO - Iter 11: Rel Res = 4.4580e-04
2026-01-02 04:30:46,045 - INFO - Iter 12: Rel Res = 2.3035e-04
2026-01-02 04:30:46,433 - INFO - Iter 13: Rel Res = 1.1899e-04
2026-01-02 04:30:46,803 - INFO - Iter 14: Rel Res = 6.1280e-05
2026-01-02 04:30:47,214 - INFO - Iter 15: Rel Res = 3.1662e-05
2026-01-02 04:30:47,612 - INFO - Iter 16: Rel Res = 1.6358e-05
2026-01-02 04:30:47,973 - INFO - Iter 17: Rel Res = 8.4254e-06
2026-01-02 04:30:48,330 - INFO - Iter 18: Rel Res = 4.3522e-06
2026-01-02 04:30:48,693 - INFO - Iter 19: Rel Res = 2.2490e-06
2026-01-02 04:30:49,069 - INFO - Iter 20: Rel Res = 1.1587e-06
2026-01-02 04:30:49,454 - INFO - Iter 21: Rel Res = 5.9832e-07
2026-01-02 04:30:49,857 - INFO - Iter 22: Rel Res = 3.0921e-07
2026-01-02 04:30:50,220 - INFO - Iter 23: Rel Res = 1.5938e-07
2026-01-02 04:30:50,571 - INFO - Iter 24: Rel Res = 8.2272e-08
2026-01-02 04:30:50,909 - INFO - Iter 25: Rel Res = 4.2515e-08
2026-01-02 04:30:51,262 - INFO - Iter 26: Rel Res = 2.1925e-08
2026-01-02 04:30:51,607 - INFO - Iter 27: Rel Res = 1.1315e-08
2026-01-02 04:30:51,954 - INFO - Iter 28: Rel Res = 5.8461e-09
2026-01-02 04:30:52,053 - INFO - Finished: Iters=28, CPU(s)=10.287267, Error=5.856936e-06
2026-01-02 04:30:52,056 - INFO - Summary: N=1024, V-Cycles=28, CPU(s)=10.287267, Error=5.856936e-06, ResidualFile=residuals_v_cycle_nu2_L2_N1024.csv
