2025-12-02 03:48:25,438 - INFO - Run Inexact Uzawa: N=64, h=0.015625
2025-12-02 03:48:25,439 - INFO - --- Solving Inexact Uzawa (N=64) ---
2025-12-02 03:48:25,440 - INFO - Init Residual: 4.3649e+03
2025-12-02 03:48:25,440 - INFO - Inner solver: CG, inner_iters=2, alpha=3.051758e-05
2025-12-02 03:48:25,441 - INFO - Starting solve with initial alpha=3.051758e-05
2025-12-02 03:48:25,479 - INFO - Iter 10: Rel Res = 1.2351e-03
2025-12-02 03:48:25,493 - INFO - Iter 20: Rel Res = 1.2349e-03
2025-12-02 03:48:25,506 - INFO - Iter 30: Rel Res = 1.2346e-03
2025-12-02 03:48:25,535 - INFO - Iter 40: Rel Res = 1.2344e-03
2025-12-02 03:48:25,575 - INFO - Iter 50: Rel Res = 1.2341e-03
2025-12-02 03:48:25,596 - INFO - Iter 60: Rel Res = 1.2339e-03
2025-12-02 03:48:25,625 - INFO - Iter 70: Rel Res = 1.2337e-03
2025-12-02 03:48:25,648 - INFO - Iter 80: Rel Res = 1.2334e-03
2025-12-02 03:48:25,666 - INFO - Iter 90: Rel Res = 1.2331e-03
2025-12-02 03:48:25,685 - INFO - Iter 100: Rel Res = 1.2329e-03
2025-12-02 03:48:25,695 - INFO - Iter 110: Rel Res = 1.2327e-03
2025-12-02 03:48:25,716 - INFO - Iter 120: Rel Res = 1.2324e-03
2025-12-02 03:48:25,736 - INFO - Iter 130: Rel Res = 1.2322e-03
2025-12-02 03:48:25,758 - INFO - Iter 140: Rel Res = 1.2319e-03
2025-12-02 03:48:25,782 - INFO - Iter 150: Rel Res = 1.2316e-03
2025-12-02 03:48:25,806 - INFO - Iter 160: Rel Res = 1.2314e-03
2025-12-02 03:48:25,826 - INFO - Iter 170: Rel Res = 1.2311e-03
2025-12-02 03:48:25,846 - INFO - Iter 180: Rel Res = 1.2309e-03
2025-12-02 03:48:25,868 - INFO - Iter 190: Rel Res = 1.2306e-03
2025-12-02 03:48:25,886 - INFO - Iter 200: Rel Res = 1.2304e-03
2025-12-02 03:48:25,886 - INFO - Finished: Iters=200, CPU(s)=0.446810, Error=4.386264e-02
2025-12-02 03:48:25,886 - INFO - Iter 0: Rel Res = 1.000000e+00
2025-12-02 03:48:25,886 - INFO - Iter 1: Rel Res = 1.235334e-03
2025-12-02 03:48:25,886 - INFO - Iter 2: Rel Res = 1.235334e-03
2025-12-02 03:48:25,886 - INFO - Iter 3: Rel Res = 1.235302e-03
2025-12-02 03:48:25,886 - INFO - Iter 4: Rel Res = 1.235302e-03
2025-12-02 03:48:25,886 - INFO - Iter 5: Rel Res = 1.235242e-03
2025-12-02 03:48:25,886 - INFO - Iter 6: Rel Res = 1.235242e-03
2025-12-02 03:48:25,886 - INFO - Iter 7: Rel Res = 1.235213e-03
2025-12-02 03:48:25,886 - INFO - Iter 8: Rel Res = 1.235188e-03
2025-12-02 03:48:25,886 - INFO - Iter 9: Rel Res = 1.235148e-03
2025-12-02 03:48:25,886 - INFO - Iter 10: Rel Res = 1.235130e-03
2025-12-02 03:48:25,886 - INFO - Iter 11: Rel Res = 1.235110e-03
2025-12-02 03:48:25,886 - INFO - Iter 12: Rel Res = 1.235093e-03
2025-12-02 03:48:25,886 - INFO - Iter 13: Rel Res = 1.235050e-03
2025-12-02 03:48:25,886 - INFO - Iter 14: Rel Res = 1.235034e-03
2025-12-02 03:48:25,886 - INFO - Iter 15: Rel Res = 1.235012e-03
2025-12-02 03:48:25,886 - INFO - Iter 16: Rel Res = 1.234994e-03
2025-12-02 03:48:25,886 - INFO - Iter 17: Rel Res = 1.234950e-03
2025-12-02 03:48:25,886 - INFO - Iter 18: Rel Res = 1.234933e-03
2025-12-02 03:48:25,886 - INFO - Iter 19: Rel Res = 1.234911e-03
2025-12-02 03:48:25,886 - INFO - Iter 20: Rel Res = 1.234870e-03
2025-12-02 03:48:25,886 - INFO - Iter 21: Rel Res = 1.234870e-03
2025-12-02 03:48:25,886 - INFO - Iter 22: Rel Res = 1.234813e-03
2025-12-02 03:48:25,886 - INFO - Iter 23: Rel Res = 1.234813e-03
2025-12-02 03:48:25,886 - INFO - Iter 24: Rel Res = 1.234780e-03
2025-12-02 03:48:25,886 - INFO - Iter 25: Rel Res = 1.234780e-03
2025-12-02 03:48:25,886 - INFO - Iter 26: Rel Res = 1.234718e-03
2025-12-02 03:48:25,886 - INFO - Iter 27: Rel Res = 1.234718e-03
2025-12-02 03:48:25,886 - INFO - Iter 28: Rel Res = 1.234680e-03
2025-12-02 03:48:25,886 - INFO - Iter 29: Rel Res = 1.234680e-03
2025-12-02 03:48:25,886 - INFO - Iter 30: Rel Res = 1.234618e-03
2025-12-02 03:48:25,886 - INFO - Iter 31: Rel Res = 1.234619e-03
2025-12-02 03:48:25,886 - INFO - Iter 32: Rel Res = 1.234581e-03
2025-12-02 03:48:25,886 - INFO - Iter 33: Rel Res = 1.234581e-03
2025-12-02 03:48:25,886 - INFO - Iter 34: Rel Res = 1.234519e-03
2025-12-02 03:48:25,886 - INFO - Iter 35: Rel Res = 1.234519e-03
2025-12-02 03:48:25,886 - INFO - Iter 36: Rel Res = 1.234481e-03
2025-12-02 03:48:25,886 - INFO - Iter 37: Rel Res = 1.234481e-03
2025-12-02 03:48:25,886 - INFO - Iter 38: Rel Res = 1.234420e-03
2025-12-02 03:48:25,886 - INFO - Iter 39: Rel Res = 1.234420e-03
2025-12-02 03:48:25,886 - INFO - Iter 40: Rel Res = 1.234382e-03
2025-12-02 03:48:25,886 - INFO - Iter 41: Rel Res = 1.234358e-03
2025-12-02 03:48:25,886 - INFO - Iter 42: Rel Res = 1.234341e-03
2025-12-02 03:48:25,886 - INFO - Iter 43: Rel Res = 1.234301e-03
2025-12-02 03:48:25,886 - INFO - Iter 44: Rel Res = 1.234283e-03
2025-12-02 03:48:25,886 - INFO - Iter 45: Rel Res = 1.234266e-03
2025-12-02 03:48:25,886 - INFO - Iter 46: Rel Res = 1.234249e-03
2025-12-02 03:48:25,886 - INFO - Iter 47: Rel Res = 1.234203e-03
2025-12-02 03:48:25,886 - INFO - Iter 48: Rel Res = 1.234186e-03
2025-12-02 03:48:25,886 - INFO - Iter 49: Rel Res = 1.234164e-03
2025-12-02 03:48:25,886 - INFO - Iter 50: Rel Res = 1.234148e-03
2025-12-02 03:48:25,886 - INFO - Iter 51: Rel Res = 1.234104e-03
2025-12-02 03:48:25,886 - INFO - Iter 52: Rel Res = 1.234089e-03
2025-12-02 03:48:25,886 - INFO - Iter 53: Rel Res = 1.234067e-03
2025-12-02 03:48:25,886 - INFO - Iter 54: Rel Res = 1.234048e-03
2025-12-02 03:48:25,886 - INFO - Iter 55: Rel Res = 1.234005e-03
2025-12-02 03:48:25,886 - INFO - Iter 56: Rel Res = 1.233989e-03
2025-12-02 03:48:25,886 - INFO - Iter 57: Rel Res = 1.233967e-03
2025-12-02 03:48:25,886 - INFO - Iter 58: Rel Res = 1.233926e-03
2025-12-02 03:48:25,886 - INFO - Iter 59: Rel Res = 1.233926e-03
2025-12-02 03:48:25,886 - INFO - Iter 60: Rel Res = 1.233871e-03
2025-12-02 03:48:25,886 - INFO - Iter 61: Rel Res = 1.233871e-03
2025-12-02 03:48:25,886 - INFO - Iter 62: Rel Res = 1.233820e-03
2025-12-02 03:48:25,886 - INFO - Iter 63: Rel Res = 1.233820e-03
2025-12-02 03:48:25,886 - INFO - Iter 64: Rel Res = 1.233820e-03
2025-12-02 03:48:25,886 - INFO - Iter 65: Rel Res = 1.233747e-03
2025-12-02 03:48:25,886 - INFO - Iter 66: Rel Res = 1.233747e-03
2025-12-02 03:48:25,886 - INFO - Iter 67: Rel Res = 1.233728e-03
2025-12-02 03:48:25,886 - INFO - Iter 68: Rel Res = 1.233701e-03
2025-12-02 03:48:25,886 - INFO - Iter 69: Rel Res = 1.233656e-03
2025-12-02 03:48:25,886 - INFO - Iter 70: Rel Res = 1.233656e-03
2025-12-02 03:48:25,886 - INFO - Iter 71: Rel Res = 1.233609e-03
2025-12-02 03:48:25,886 - INFO - Iter 72: Rel Res = 1.233609e-03
2025-12-02 03:48:25,886 - INFO - Iter 73: Rel Res = 1.233548e-03
2025-12-02 03:48:25,886 - INFO - Iter 74: Rel Res = 1.233541e-03
2025-12-02 03:48:25,886 - INFO - Iter 75: Rel Res = 1.233524e-03
2025-12-02 03:48:25,886 - INFO - Iter 76: Rel Res = 1.233480e-03
2025-12-02 03:48:25,886 - INFO - Iter 77: Rel Res = 1.233464e-03
2025-12-02 03:48:25,886 - INFO - Iter 78: Rel Res = 1.233443e-03
2025-12-02 03:48:25,886 - INFO - Iter 79: Rel Res = 1.233428e-03
2025-12-02 03:48:25,886 - INFO - Iter 80: Rel Res = 1.233384e-03
2025-12-02 03:48:25,886 - INFO - Iter 81: Rel Res = 1.233366e-03
2025-12-02 03:48:25,886 - INFO - Iter 82: Rel Res = 1.233344e-03
2025-12-02 03:48:25,886 - INFO - Iter 83: Rel Res = 1.233328e-03
2025-12-02 03:48:25,886 - INFO - Iter 84: Rel Res = 1.233284e-03
2025-12-02 03:48:25,886 - INFO - Iter 85: Rel Res = 1.233267e-03
2025-12-02 03:48:25,886 - INFO - Iter 86: Rel Res = 1.233247e-03
2025-12-02 03:48:25,886 - INFO - Iter 87: Rel Res = 1.233224e-03
2025-12-02 03:48:25,886 - INFO - Iter 88: Rel Res = 1.233198e-03
2025-12-02 03:48:25,886 - INFO - Iter 89: Rel Res = 1.233157e-03
2025-12-02 03:48:25,886 - INFO - Iter 90: Rel Res = 1.233139e-03
2025-12-02 03:48:25,886 - INFO - Iter 91: Rel Res = 1.233122e-03
2025-12-02 03:48:25,886 - INFO - Iter 92: Rel Res = 1.233106e-03
2025-12-02 03:48:25,886 - INFO - Iter 93: Rel Res = 1.233061e-03
2025-12-02 03:48:25,886 - INFO - Iter 94: Rel Res = 1.233042e-03
2025-12-02 03:48:25,886 - INFO - Iter 95: Rel Res = 1.233022e-03
2025-12-02 03:48:25,886 - INFO - Iter 96: Rel Res = 1.232983e-03
2025-12-02 03:48:25,886 - INFO - Iter 97: Rel Res = 1.232983e-03
2025-12-02 03:48:25,886 - INFO - Iter 98: Rel Res = 1.232924e-03
2025-12-02 03:48:25,886 - INFO - Iter 99: Rel Res = 1.232925e-03
2025-12-02 03:48:25,886 - INFO - Iter 100: Rel Res = 1.232890e-03
2025-12-02 03:48:25,886 - INFO - Iter 101: Rel Res = 1.232890e-03
2025-12-02 03:48:25,886 - INFO - Iter 102: Rel Res = 1.232844e-03
2025-12-02 03:48:25,886 - INFO - Iter 103: Rel Res = 1.232820e-03
2025-12-02 03:48:25,886 - INFO - Iter 104: Rel Res = 1.232799e-03
2025-12-02 03:48:25,886 - INFO - Iter 105: Rel Res = 1.232781e-03
2025-12-02 03:48:25,886 - INFO - Iter 106: Rel Res = 1.232737e-03
2025-12-02 03:48:25,886 - INFO - Iter 107: Rel Res = 1.232737e-03
2025-12-02 03:48:25,886 - INFO - Iter 108: Rel Res = 1.232691e-03
2025-12-02 03:48:25,886 - INFO - Iter 109: Rel Res = 1.232668e-03
2025-12-02 03:48:25,886 - INFO - Iter 110: Rel Res = 1.232651e-03
2025-12-02 03:48:25,886 - INFO - Iter 111: Rel Res = 1.232610e-03
2025-12-02 03:48:25,886 - INFO - Iter 112: Rel Res = 1.232593e-03
2025-12-02 03:48:25,886 - INFO - Iter 113: Rel Res = 1.232575e-03
2025-12-02 03:48:25,886 - INFO - Iter 114: Rel Res = 1.232559e-03
2025-12-02 03:48:25,886 - INFO - Iter 115: Rel Res = 1.232514e-03
2025-12-02 03:48:25,886 - INFO - Iter 116: Rel Res = 1.232497e-03
2025-12-02 03:48:25,886 - INFO - Iter 117: Rel Res = 1.232477e-03
2025-12-02 03:48:25,886 - INFO - Iter 118: Rel Res = 1.232458e-03
2025-12-02 03:48:25,886 - INFO - Iter 119: Rel Res = 1.232415e-03
2025-12-02 03:48:25,886 - INFO - Iter 120: Rel Res = 1.232394e-03
2025-12-02 03:48:25,886 - INFO - Iter 121: Rel Res = 1.232374e-03
2025-12-02 03:48:25,886 - INFO - Iter 122: Rel Res = 1.232375e-03
2025-12-02 03:48:25,886 - INFO - Iter 123: Rel Res = 1.232307e-03
2025-12-02 03:48:25,886 - INFO - Iter 124: Rel Res = 1.232307e-03
2025-12-02 03:48:25,886 - INFO - Iter 125: Rel Res = 1.232263e-03
2025-12-02 03:48:25,886 - INFO - Iter 126: Rel Res = 1.232263e-03
2025-12-02 03:48:25,886 - INFO - Iter 127: Rel Res = 1.232206e-03
2025-12-02 03:48:25,886 - INFO - Iter 128: Rel Res = 1.232206e-03
2025-12-02 03:48:25,886 - INFO - Iter 129: Rel Res = 1.232170e-03
2025-12-02 03:48:25,886 - INFO - Iter 130: Rel Res = 1.232170e-03
2025-12-02 03:48:25,886 - INFO - Iter 131: Rel Res = 1.232109e-03
2025-12-02 03:48:25,886 - INFO - Iter 132: Rel Res = 1.232109e-03
2025-12-02 03:48:25,886 - INFO - Iter 133: Rel Res = 1.232071e-03
2025-12-02 03:48:25,886 - INFO - Iter 134: Rel Res = 1.232070e-03
2025-12-02 03:48:25,886 - INFO - Iter 135: Rel Res = 1.232025e-03
2025-12-02 03:48:25,886 - INFO - Iter 136: Rel Res = 1.232001e-03
2025-12-02 03:48:25,886 - INFO - Iter 137: Rel Res = 1.231981e-03
2025-12-02 03:48:25,886 - INFO - Iter 138: Rel Res = 1.231981e-03
2025-12-02 03:48:25,886 - INFO - Iter 139: Rel Res = 1.231909e-03
2025-12-02 03:48:25,886 - INFO - Iter 140: Rel Res = 1.231902e-03
2025-12-02 03:48:25,886 - INFO - Iter 141: Rel Res = 1.231884e-03
2025-12-02 03:48:25,886 - INFO - Iter 142: Rel Res = 1.231840e-03
2025-12-02 03:48:25,886 - INFO - Iter 143: Rel Res = 1.231840e-03
2025-12-02 03:48:25,886 - INFO - Iter 144: Rel Res = 1.231796e-03
2025-12-02 03:48:25,886 - INFO - Iter 145: Rel Res = 1.231796e-03
2025-12-02 03:48:25,886 - INFO - Iter 146: Rel Res = 1.231736e-03
2025-12-02 03:48:25,886 - INFO - Iter 147: Rel Res = 1.231736e-03
2025-12-02 03:48:25,886 - INFO - Iter 148: Rel Res = 1.231693e-03
2025-12-02 03:48:25,886 - INFO - Iter 149: Rel Res = 1.231693e-03
2025-12-02 03:48:25,886 - INFO - Iter 150: Rel Res = 1.231635e-03
2025-12-02 03:48:25,886 - INFO - Iter 151: Rel Res = 1.231635e-03
2025-12-02 03:48:25,886 - INFO - Iter 152: Rel Res = 1.231599e-03
2025-12-02 03:48:25,886 - INFO - Iter 153: Rel Res = 1.231599e-03
2025-12-02 03:48:25,886 - INFO - Iter 154: Rel Res = 1.231538e-03
2025-12-02 03:48:25,886 - INFO - Iter 155: Rel Res = 1.231538e-03
2025-12-02 03:48:25,886 - INFO - Iter 156: Rel Res = 1.231499e-03
2025-12-02 03:48:25,886 - INFO - Iter 157: Rel Res = 1.231499e-03
2025-12-02 03:48:25,886 - INFO - Iter 158: Rel Res = 1.231438e-03
2025-12-02 03:48:25,886 - INFO - Iter 159: Rel Res = 1.231438e-03
2025-12-02 03:48:25,886 - INFO - Iter 160: Rel Res = 1.231395e-03
2025-12-02 03:48:25,886 - INFO - Iter 161: Rel Res = 1.231395e-03
2025-12-02 03:48:25,886 - INFO - Iter 162: Rel Res = 1.231337e-03
2025-12-02 03:48:25,886 - INFO - Iter 163: Rel Res = 1.231337e-03
2025-12-02 03:48:25,886 - INFO - Iter 164: Rel Res = 1.231300e-03
2025-12-02 03:48:25,886 - INFO - Iter 165: Rel Res = 1.231300e-03
2025-12-02 03:48:25,886 - INFO - Iter 166: Rel Res = 1.231239e-03
2025-12-02 03:48:25,886 - INFO - Iter 167: Rel Res = 1.231239e-03
2025-12-02 03:48:25,886 - INFO - Iter 168: Rel Res = 1.231203e-03
2025-12-02 03:48:25,886 - INFO - Iter 169: Rel Res = 1.231203e-03
2025-12-02 03:48:25,886 - INFO - Iter 170: Rel Res = 1.231141e-03
2025-12-02 03:48:25,886 - INFO - Iter 171: Rel Res = 1.231141e-03
2025-12-02 03:48:25,886 - INFO - Iter 172: Rel Res = 1.231097e-03
2025-12-02 03:48:25,886 - INFO - Iter 173: Rel Res = 1.231097e-03
2025-12-02 03:48:25,886 - INFO - Iter 174: Rel Res = 1.231041e-03
2025-12-02 03:48:25,886 - INFO - Iter 175: Rel Res = 1.231041e-03
2025-12-02 03:48:25,886 - INFO - Iter 176: Rel Res = 1.231004e-03
2025-12-02 03:48:25,886 - INFO - Iter 177: Rel Res = 1.231004e-03
2025-12-02 03:48:25,886 - INFO - Iter 178: Rel Res = 1.230942e-03
2025-12-02 03:48:25,886 - INFO - Iter 179: Rel Res = 1.230942e-03
2025-12-02 03:48:25,886 - INFO - Iter 180: Rel Res = 1.230904e-03
2025-12-02 03:48:25,886 - INFO - Iter 181: Rel Res = 1.230904e-03
2025-12-02 03:48:25,886 - INFO - Iter 182: Rel Res = 1.230843e-03
2025-12-02 03:48:25,886 - INFO - Iter 183: Rel Res = 1.230843e-03
2025-12-02 03:48:25,886 - INFO - Iter 184: Rel Res = 1.230821e-03
2025-12-02 03:48:25,886 - INFO - Iter 185: Rel Res = 1.230773e-03
2025-12-02 03:48:25,886 - INFO - Iter 186: Rel Res = 1.230773e-03
2025-12-02 03:48:25,886 - INFO - Iter 187: Rel Res = 1.230732e-03
2025-12-02 03:48:25,886 - INFO - Iter 188: Rel Res = 1.230707e-03
2025-12-02 03:48:25,886 - INFO - Iter 189: Rel Res = 1.230707e-03
2025-12-02 03:48:25,886 - INFO - Iter 190: Rel Res = 1.230641e-03
2025-12-02 03:48:25,886 - INFO - Iter 191: Rel Res = 1.230642e-03
2025-12-02 03:48:25,886 - INFO - Iter 192: Rel Res = 1.230608e-03
2025-12-02 03:48:25,886 - INFO - Iter 193: Rel Res = 1.230608e-03
2025-12-02 03:48:25,886 - INFO - Iter 194: Rel Res = 1.230545e-03
2025-12-02 03:48:25,886 - INFO - Iter 195: Rel Res = 1.230545e-03
2025-12-02 03:48:25,886 - INFO - Iter 196: Rel Res = 1.230506e-03
2025-12-02 03:48:25,886 - INFO - Iter 197: Rel Res = 1.230505e-03
2025-12-02 03:48:25,886 - INFO - Iter 198: Rel Res = 1.230463e-03
2025-12-02 03:48:25,886 - INFO - Iter 199: Rel Res = 1.230439e-03
2025-12-02 03:48:25,886 - INFO - Iter 200: Rel Res = 1.230419e-03
2025-12-02 03:48:25,896 - INFO - Summary: N=64, Iters=200, CPU(s)=0.446810, Error=4.386264e-02, ResidualFile=residuals_inexact_uzawa_N64.csv
