2025-11-24 01:36:40,104 - INFO - Run V-cycle: N=128, h=0.0078125
2025-11-24 01:36:40,104 - INFO - --- Solving Stokes (DGS-MG) for N=128 ---
2025-11-24 01:36:40,105 - INFO - Init Residual: 8.7412e+03
2025-11-24 01:36:40,153 - INFO - Iter 1: Rel Res = 1.3651e+00
2025-11-24 01:36:40,189 - INFO - Iter 2: Rel Res = 4.7825e-01
2025-11-24 01:36:40,217 - INFO - Iter 3: Rel Res = 3.0202e-01
2025-11-24 01:36:40,255 - INFO - Iter 4: Rel Res = 1.4894e-01
2025-11-24 01:36:40,288 - INFO - Iter 5: Rel Res = 8.7742e-02
2025-11-24 01:36:40,319 - INFO - Iter 6: Rel Res = 4.7496e-02
2025-11-24 01:36:40,351 - INFO - Iter 7: Rel Res = 2.7223e-02
2025-11-24 01:36:40,394 - INFO - Iter 8: Rel Res = 1.5169e-02
2025-11-24 01:36:40,432 - INFO - Iter 9: Rel Res = 8.6228e-03
2025-11-24 01:36:40,461 - INFO - Iter 10: Rel Res = 4.8610e-03
2025-11-24 01:36:40,494 - INFO - Iter 11: Rel Res = 2.7640e-03
2025-11-24 01:36:40,524 - INFO - Iter 12: Rel Res = 1.5717e-03
2025-11-24 01:36:40,569 - INFO - Iter 13: Rel Res = 9.0063e-04
2025-11-24 01:36:40,616 - INFO - Iter 14: Rel Res = 5.2043e-04
2025-11-24 01:36:40,657 - INFO - Iter 15: Rel Res = 3.0604e-04
2025-11-24 01:36:40,702 - INFO - Iter 16: Rel Res = 1.8531e-04
2025-11-24 01:36:40,735 - INFO - Iter 17: Rel Res = 1.1783e-04
2025-11-24 01:36:40,767 - INFO - Iter 18: Rel Res = 8.0350e-05
2025-11-24 01:36:40,800 - INFO - Iter 19: Rel Res = 5.9459e-05
2025-11-24 01:36:40,833 - INFO - Iter 20: Rel Res = 4.7455e-05
2025-11-24 01:36:40,887 - INFO - Iter 21: Rel Res = 4.0114e-05
2025-11-24 01:36:40,927 - INFO - Iter 22: Rel Res = 3.5250e-05
2025-11-24 01:36:40,981 - INFO - Iter 23: Rel Res = 3.1770e-05
2025-11-24 01:36:41,019 - INFO - Iter 24: Rel Res = 2.9117e-05
2025-11-24 01:36:41,050 - INFO - Iter 25: Rel Res = 2.6990e-05
2025-11-24 01:36:41,084 - INFO - Iter 26: Rel Res = 2.5215e-05
2025-11-24 01:36:41,127 - INFO - Iter 27: Rel Res = 2.3687e-05
2025-11-24 01:36:41,179 - INFO - Iter 28: Rel Res = 2.2337e-05
2025-11-24 01:36:41,243 - INFO - Iter 29: Rel Res = 2.1120e-05
2025-11-24 01:36:41,307 - INFO - Iter 30: Rel Res = 2.0006e-05
2025-11-24 01:36:41,354 - INFO - Iter 31: Rel Res = 1.8976e-05
2025-11-24 01:36:41,387 - INFO - Iter 32: Rel Res = 1.8014e-05
2025-11-24 01:36:41,426 - INFO - Iter 33: Rel Res = 1.7112e-05
2025-11-24 01:36:41,463 - INFO - Iter 34: Rel Res = 1.6262e-05
2025-11-24 01:36:41,506 - INFO - Iter 35: Rel Res = 1.5458e-05
2025-11-24 01:36:41,552 - INFO - Iter 36: Rel Res = 1.4697e-05
2025-11-24 01:36:41,598 - INFO - Iter 37: Rel Res = 1.3975e-05
2025-11-24 01:36:41,640 - INFO - Iter 38: Rel Res = 1.3290e-05
2025-11-24 01:36:41,674 - INFO - Iter 39: Rel Res = 1.2640e-05
2025-11-24 01:36:41,708 - INFO - Iter 40: Rel Res = 1.2022e-05
2025-11-24 01:36:41,742 - INFO - Iter 41: Rel Res = 1.1434e-05
2025-11-24 01:36:41,790 - INFO - Iter 42: Rel Res = 1.0875e-05
2025-11-24 01:36:41,828 - INFO - Iter 43: Rel Res = 1.0344e-05
2025-11-24 01:36:41,861 - INFO - Iter 44: Rel Res = 9.8387e-06
2025-11-24 01:36:41,899 - INFO - Iter 45: Rel Res = 9.3582e-06
2025-11-24 01:36:41,933 - INFO - Iter 46: Rel Res = 8.9013e-06
2025-11-24 01:36:41,963 - INFO - Iter 47: Rel Res = 8.4666e-06
2025-11-24 01:36:41,994 - INFO - Iter 48: Rel Res = 8.0532e-06
2025-11-24 01:36:42,032 - INFO - Iter 49: Rel Res = 7.6600e-06
2025-11-24 01:36:42,073 - INFO - Iter 50: Rel Res = 7.2860e-06
2025-11-24 01:36:42,077 - INFO - Finished: Iters=50, CPU(s)=1.968612, Error=2.423426e-02
2025-11-24 01:36:42,077 - INFO - Summary: N=128, V-Cycles=50, CPU(s)=1.968612, Error=2.423426e-02, ResidualFile=residuals_v_cycle_N128.csv
