2026-01-02 05:07:12,650 - INFO - Run Inexact Uzawa: N=2048, h=0.00048828125, cfg=tau1e-3_eps1e-8_alpha1_nu2_L2
2026-01-02 05:07:12,651 - INFO - --- Solving Inexact Uzawa (N=2048) ---
2026-01-02 05:07:13,010 - INFO - Init Residual: 1.4333e+06
2026-01-02 05:07:13,010 - INFO - Inner solver: PCG(Vcycle x3), inner_iters=1, alpha=1.000000e+00
2026-01-02 05:07:13,029 - INFO - Starting solve with initial alpha=1.000000e+00
2026-01-02 05:18:09,093 - INFO - Run Inexact Uzawa: N=2048, h=0.00048828125, cfg=tau1e-3_eps1e-8_alpha1_nu2_L2
2026-01-02 05:18:09,093 - INFO - --- Solving Inexact Uzawa (N=2048) ---
2026-01-02 05:18:09,458 - INFO - Init Residual: 1.4333e+06
2026-01-02 05:18:09,458 - INFO - Inner solver: PCG(Vcycle x3), inner_iters=1, alpha=1.000000e+00
2026-01-02 05:18:09,482 - INFO - Starting solve with initial alpha=1.000000e+00
2026-01-02 05:18:38,742 - INFO - Run Inexact Uzawa: N=2048, h=0.00048828125, cfg=tau1e-3_eps1e-8_alpha1_nu2_L2
2026-01-02 05:18:38,743 - INFO - --- Solving Inexact Uzawa (N=2048) ---
2026-01-02 05:18:39,110 - INFO - Init Residual: 1.4333e+06
2026-01-02 05:18:39,110 - INFO - Inner solver: PCG(Vcycle x3), inner_iters=1, alpha=1.000000e+00
2026-01-02 05:18:39,128 - INFO - Starting solve with initial alpha=1.000000e+00
2026-01-02 05:23:14,193 - INFO - Finished: Iters=4, CPU(s)=275.056868, Error=1.459444e-06
2026-01-02 05:23:14,226 - INFO - Iter 0: Rel Res = 1.000000e+00
2026-01-02 05:23:14,226 - INFO - Iter 1: Rel Res = 6.521790e-04
2026-01-02 05:23:14,227 - INFO - Iter 2: Rel Res = 4.234495e-06
2026-01-02 05:23:14,227 - INFO - Iter 3: Rel Res = 3.827863e-08
2026-01-02 05:23:14,227 - INFO - Iter 4: Rel Res = 1.992586e-09
2026-01-02 05:23:14,227 - INFO - Summary: N=2048, Iters=4, CPU(s)=275.056868, Error=1.459444e-06, ResidualFile=residuals_inexact_uzawa_tau1e-3_eps1e-8_alpha1_nu2_L2_N2048.csv, PCG_Iters=120,3,2,1
2026-01-02 05:53:21,980 - INFO - Run Inexact Uzawa: N=2048, h=0.00048828125, cfg=tau1e-3_eps1e-8_alpha1_nu2_L2
2026-01-02 05:53:21,980 - INFO - --- Solving Inexact Uzawa (N=2048) ---
2026-01-02 05:53:22,339 - INFO - Init Residual: 1.4333e+06
2026-01-02 05:53:22,339 - INFO - Inner solver: PCG(Vcycle x3), inner_iters=1, alpha=1.000000e+00
2026-01-02 05:53:22,358 - INFO - Starting solve with initial alpha=1.000000e+00
2026-01-02 06:32:14,081 - INFO - Run Inexact Uzawa: N=2048, h=0.00048828125, cfg=tau1e-3_eps1e-8_alpha1_nu2_L2
2026-01-02 06:32:14,096 - INFO - --- Solving Inexact Uzawa (N=2048) ---
2026-01-02 06:32:14,537 - INFO - Init Residual: 1.4333e+06
2026-01-02 06:32:14,537 - INFO - Inner solver: PCG(Coupled-Vcycle x3), inner_iters=1, alpha=1.000000e+00
2026-01-02 06:32:14,553 - INFO - Starting solve with initial alpha=1.000000e+00
2026-01-02 06:53:34,660 - INFO - Run Inexact Uzawa: N=2048, h=0.00048828125, cfg=tau1e-3_eps1e-8_alpha1_nu2_L2
2026-01-02 06:53:34,660 - INFO - --- Solving Inexact Uzawa (N=2048) ---
2026-01-02 06:53:35,050 - INFO - Init Residual: 1.4333e+06
2026-01-02 06:53:35,050 - INFO - Inner solver: PCG(Coupled-Vcycle x3), inner_iters=1, alpha=1.000000e+00
2026-01-02 06:53:35,067 - INFO - Starting solve with initial alpha=1.000000e+00
2026-01-02 06:56:04,130 - INFO - Finished: Iters=4, CPU(s)=149.108970, Error=1.460745e-06
2026-01-02 06:56:04,168 - INFO - Iter 0: Rel Res = 1.000000e+00
2026-01-02 06:56:04,168 - INFO - Iter 1: Rel Res = 6.527856e-04
2026-01-02 06:56:04,168 - INFO - Iter 2: Rel Res = 1.651778e-06
2026-01-02 06:56:04,168 - INFO - Iter 3: Rel Res = 2.801857e-08
2026-01-02 06:56:04,169 - INFO - Iter 4: Rel Res = 2.318502e-09
2026-01-02 06:56:04,169 - INFO - Summary: N=2048, Iters=4, CPU(s)=149.108970, Error=1.460745e-06, ResidualFile=residuals_inexact_uzawa_tau1e-3_eps1e-8_alpha1_nu2_L2_N2048.csv, PCG_Iters=120,3,2,1
