2026-01-02 01:55:13,773 - INFO - Run Inexact Uzawa: N=128, h=0.0078125, cfg=tau1e-4_eps1e-8_alpha1_nu4_L4
2026-01-02 01:55:13,774 - INFO - --- Solving Inexact Uzawa (N=128) ---
2026-01-02 01:55:13,775 - INFO - Init Residual: 2.3907e+04
2026-01-02 01:55:13,775 - INFO - Inner solver: PCG(MG), inner_iters=1, alpha=1.000000e+00
2026-01-02 01:55:13,892 - INFO - Starting solve with initial alpha=1.000000e+00
2026-01-02 01:55:46,526 - INFO - Iter 10: Rel Res = 2.1488e-08
2026-01-02 01:55:46,862 - INFO - Finished: Iters=14, CPU(s)=33.086245, Error=3.736338e-04
2026-01-02 01:55:46,862 - INFO - Iter 0: Rel Res = 1.000000e+00
2026-01-02 01:55:46,862 - INFO - Iter 1: Rel Res = 1.351780e-01
2026-01-02 01:55:46,862 - INFO - Iter 2: Rel Res = 5.306338e-02
2026-01-02 01:55:46,862 - INFO - Iter 3: Rel Res = 1.211547e-02
2026-01-02 01:55:46,862 - INFO - Iter 4: Rel Res = 3.074373e-03
2026-01-02 01:55:46,862 - INFO - Iter 5: Rel Res = 7.381228e-04
2026-01-02 01:55:46,865 - INFO - Iter 6: Rel Res = 8.804995e-05
2026-01-02 01:55:46,865 - INFO - Iter 7: Rel Res = 5.701266e-05
2026-01-02 01:55:46,865 - INFO - Iter 8: Rel Res = 1.258232e-05
2026-01-02 01:55:46,865 - INFO - Iter 9: Rel Res = 1.003395e-06
2026-01-02 01:55:46,865 - INFO - Iter 10: Rel Res = 2.148815e-08
2026-01-02 01:55:46,865 - INFO - Iter 11: Rel Res = 1.031091e-08
2026-01-02 01:55:46,865 - INFO - Iter 12: Rel Res = 1.095472e-08
2026-01-02 01:55:46,866 - INFO - Iter 13: Rel Res = 1.042468e-08
2026-01-02 01:55:46,866 - INFO - Iter 14: Rel Res = 7.842164e-09
2026-01-02 01:55:46,867 - INFO - Summary: N=128, Iters=14, CPU(s)=33.086245, Error=3.736338e-04, ResidualFile=residuals_inexact_uzawa_tau1e-4_eps1e-8_alpha1_nu4_L4_N128.csv, PCG_Iters=50,50,50,50,50,50,50,50,42,50,2,1,1,1
2026-01-02 07:07:23,582 - INFO - Run Inexact Uzawa: N=128, h=0.0078125, cfg=tau1e-4_eps1e-8_alpha1_nu4_L4
2026-01-02 07:07:23,584 - INFO - --- Solving Inexact Uzawa (N=128) ---
2026-01-02 07:07:23,585 - INFO - Init Residual: 2.3907e+04
2026-01-02 07:07:23,586 - INFO - Inner solver: PCG(Coupled-Vcycle x3), inner_iters=1, alpha=1.000000e+00
2026-01-02 07:07:23,586 - INFO - Starting solve with initial alpha=1.000000e+00
2026-01-02 07:07:23,684 - INFO - Finished: Iters=2, CPU(s)=0.099377, Error=3.736361e-04
2026-01-02 07:07:23,686 - INFO - Iter 0: Rel Res = 1.000000e+00
2026-01-02 07:07:23,686 - INFO - Iter 1: Rel Res = 2.424381e-03
2026-01-02 07:07:23,687 - INFO - Iter 2: Rel Res = 6.647210e-09
2026-01-02 07:07:23,687 - INFO - Summary: N=128, Iters=2, CPU(s)=0.099377, Error=3.736361e-04, ResidualFile=residuals_inexact_uzawa_tau1e-4_eps1e-8_alpha1_nu4_L4_N128.csv, PCG_Iters=6,3
