2025-12-01 21:54:06,394 - INFO - Run V-cycle: N=256, h=0.00390625
2025-12-01 21:54:06,395 - INFO - --- Solving Stokes (DGS-MG) for N=256 ---
2025-12-01 21:54:06,401 - INFO - Init Residual: 1.7494e+04
2025-12-01 21:54:06,523 - INFO - Iter 1: Rel Res = 2.4604e+00
2025-12-01 21:54:06,644 - INFO - Iter 2: Rel Res = 1.0590e+00
2025-12-01 21:54:06,784 - INFO - Iter 3: Rel Res = 7.3462e-01
2025-12-01 21:54:06,941 - INFO - Iter 4: Rel Res = 4.1650e-01
2025-12-01 21:54:07,110 - INFO - Iter 5: Rel Res = 2.8009e-01
2025-12-01 21:54:07,230 - INFO - Iter 6: Rel Res = 1.7271e-01
2025-12-01 21:54:07,355 - INFO - Iter 7: Rel Res = 1.1417e-01
2025-12-01 21:54:07,495 - INFO - Iter 8: Rel Res = 7.2566e-02
2025-12-01 21:54:07,632 - INFO - Iter 9: Rel Res = 4.7512e-02
2025-12-01 21:54:07,754 - INFO - Iter 10: Rel Res = 3.0558e-02
2025-12-01 21:54:07,871 - INFO - Iter 11: Rel Res = 1.9915e-02
2025-12-01 21:54:08,015 - INFO - Iter 12: Rel Res = 1.2875e-02
2025-12-01 21:54:08,155 - INFO - Iter 13: Rel Res = 8.3753e-03
2025-12-01 21:54:08,292 - INFO - Iter 14: Rel Res = 5.4300e-03
2025-12-01 21:54:08,405 - INFO - Iter 15: Rel Res = 3.5324e-03
2025-12-01 21:54:08,533 - INFO - Iter 16: Rel Res = 2.2965e-03
2025-12-01 21:54:08,645 - INFO - Iter 17: Rel Res = 1.4977e-03
2025-12-01 21:54:08,779 - INFO - Iter 18: Rel Res = 9.7892e-04
2025-12-01 21:54:08,920 - INFO - Iter 19: Rel Res = 6.4340e-04
2025-12-01 21:54:09,038 - INFO - Iter 20: Rel Res = 4.2618e-04
2025-12-01 21:54:09,149 - INFO - Iter 21: Rel Res = 2.8602e-04
2025-12-01 21:54:09,314 - INFO - Iter 22: Rel Res = 1.9577e-04
2025-12-01 21:54:09,435 - INFO - Iter 23: Rel Res = 1.3791e-04
2025-12-01 21:54:09,565 - INFO - Iter 24: Rel Res = 1.0091e-04
2025-12-01 21:54:09,683 - INFO - Iter 25: Rel Res = 7.7245e-05
2025-12-01 21:54:09,812 - INFO - Iter 26: Rel Res = 6.1961e-05
2025-12-01 21:54:09,949 - INFO - Iter 27: Rel Res = 5.1872e-05
2025-12-01 21:54:10,082 - INFO - Iter 28: Rel Res = 4.4983e-05
2025-12-01 21:54:10,204 - INFO - Iter 29: Rel Res = 4.0085e-05
2025-12-01 21:54:10,320 - INFO - Iter 30: Rel Res = 3.6456e-05
2025-12-01 21:54:10,494 - INFO - Iter 31: Rel Res = 3.3663e-05
2025-12-01 21:54:10,604 - INFO - Iter 32: Rel Res = 3.1440e-05
2025-12-01 21:54:10,731 - INFO - Iter 33: Rel Res = 2.9616e-05
2025-12-01 21:54:10,880 - INFO - Iter 34: Rel Res = 2.8080e-05
2025-12-01 21:54:11,010 - INFO - Iter 35: Rel Res = 2.6754e-05
2025-12-01 21:54:11,160 - INFO - Iter 36: Rel Res = 2.5584e-05
2025-12-01 21:54:11,270 - INFO - Iter 37: Rel Res = 2.4533e-05
2025-12-01 21:54:11,404 - INFO - Iter 38: Rel Res = 2.3573e-05
2025-12-01 21:54:11,519 - INFO - Iter 39: Rel Res = 2.2686e-05
2025-12-01 21:54:11,647 - INFO - Iter 40: Rel Res = 2.1856e-05
2025-12-01 21:54:11,759 - INFO - Iter 41: Rel Res = 2.1074e-05
2025-12-01 21:54:11,870 - INFO - Iter 42: Rel Res = 2.0333e-05
2025-12-01 21:54:12,000 - INFO - Iter 43: Rel Res = 1.9626e-05
2025-12-01 21:54:12,154 - INFO - Iter 44: Rel Res = 1.8950e-05
2025-12-01 21:54:12,282 - INFO - Iter 45: Rel Res = 1.8302e-05
2025-12-01 21:54:12,450 - INFO - Iter 46: Rel Res = 1.7680e-05
2025-12-01 21:54:12,596 - INFO - Iter 47: Rel Res = 1.7080e-05
2025-12-01 21:54:12,730 - INFO - Iter 48: Rel Res = 1.6503e-05
2025-12-01 21:54:12,855 - INFO - Iter 49: Rel Res = 1.5946e-05
2025-12-01 21:54:12,993 - INFO - Iter 50: Rel Res = 1.5408e-05
2025-12-01 21:54:12,998 - INFO - Finished: Iters=50, CPU(s)=6.598788, Error=1.365605e-02
2025-12-01 21:54:13,001 - INFO - Summary: N=256, V-Cycles=50, CPU(s)=6.598788, Error=1.365605e-02, ResidualFile=residuals_v_cycle_N256.csv
2025-12-02 03:20:37,558 - INFO - Run V-cycle: N=256, h=0.00390625
2025-12-02 03:20:37,558 - INFO - --- Solving Stokes (DGS-MG) for N=256 ---
2025-12-02 03:20:37,573 - INFO - Init Residual: 1.7494e+04
2025-12-02 03:20:37,757 - INFO - Iter 1: Rel Res = 2.4604e+00
2025-12-02 03:20:37,909 - INFO - Iter 2: Rel Res = 1.0590e+00
2025-12-02 03:20:38,057 - INFO - Iter 3: Rel Res = 7.3462e-01
2025-12-02 03:20:38,227 - INFO - Iter 4: Rel Res = 4.1650e-01
2025-12-02 03:20:38,394 - INFO - Iter 5: Rel Res = 2.8009e-01
2025-12-02 03:20:38,549 - INFO - Iter 6: Rel Res = 1.7271e-01
2025-12-02 03:20:38,703 - INFO - Iter 7: Rel Res = 1.1417e-01
2025-12-02 03:20:38,921 - INFO - Iter 8: Rel Res = 7.2566e-02
2025-12-02 03:20:39,287 - INFO - Iter 9: Rel Res = 4.7512e-02
2025-12-02 03:20:39,482 - INFO - Iter 10: Rel Res = 3.0558e-02
2025-12-02 03:20:39,645 - INFO - Iter 11: Rel Res = 1.9915e-02
2025-12-02 03:20:39,810 - INFO - Iter 12: Rel Res = 1.2875e-02
2025-12-02 03:20:39,971 - INFO - Iter 13: Rel Res = 8.3753e-03
2025-12-02 03:20:40,119 - INFO - Iter 14: Rel Res = 5.4300e-03
2025-12-02 03:20:40,269 - INFO - Iter 15: Rel Res = 3.5324e-03
2025-12-02 03:20:40,420 - INFO - Iter 16: Rel Res = 2.2965e-03
2025-12-02 03:20:40,561 - INFO - Iter 17: Rel Res = 1.4977e-03
2025-12-02 03:20:40,718 - INFO - Iter 18: Rel Res = 9.7892e-04
2025-12-02 03:20:40,871 - INFO - Iter 19: Rel Res = 6.4340e-04
2025-12-02 03:20:41,019 - INFO - Iter 20: Rel Res = 4.2618e-04
2025-12-02 03:20:41,191 - INFO - Iter 21: Rel Res = 2.8602e-04
2025-12-02 03:20:41,351 - INFO - Iter 22: Rel Res = 1.9577e-04
2025-12-02 03:20:41,562 - INFO - Iter 23: Rel Res = 1.3791e-04
2025-12-02 03:20:41,739 - INFO - Iter 24: Rel Res = 1.0091e-04
2025-12-02 03:20:41,908 - INFO - Iter 25: Rel Res = 7.7245e-05
2025-12-02 03:20:42,057 - INFO - Iter 26: Rel Res = 6.1961e-05
2025-12-02 03:20:42,319 - INFO - Iter 27: Rel Res = 5.1872e-05
2025-12-02 03:20:42,479 - INFO - Iter 28: Rel Res = 4.4983e-05
2025-12-02 03:20:42,895 - INFO - Iter 29: Rel Res = 4.0085e-05
2025-12-02 03:20:43,092 - INFO - Iter 30: Rel Res = 3.6456e-05
2025-12-02 03:20:43,365 - INFO - Iter 31: Rel Res = 3.3663e-05
2025-12-02 03:20:43,519 - INFO - Iter 32: Rel Res = 3.1440e-05
2025-12-02 03:20:43,896 - INFO - Iter 33: Rel Res = 2.9616e-05
2025-12-02 03:20:44,070 - INFO - Iter 34: Rel Res = 2.8080e-05
2025-12-02 03:20:44,378 - INFO - Iter 35: Rel Res = 2.6754e-05
2025-12-02 03:20:44,547 - INFO - Iter 36: Rel Res = 2.5584e-05
2025-12-02 03:20:44,846 - INFO - Iter 37: Rel Res = 2.4533e-05
2025-12-02 03:20:45,266 - INFO - Iter 38: Rel Res = 2.3573e-05
2025-12-02 03:20:45,712 - INFO - Iter 39: Rel Res = 2.2686e-05
2025-12-02 03:20:45,957 - INFO - Iter 40: Rel Res = 2.1856e-05
2025-12-02 03:20:46,233 - INFO - Iter 41: Rel Res = 2.1074e-05
2025-12-02 03:20:46,384 - INFO - Iter 42: Rel Res = 2.0333e-05
2025-12-02 03:20:46,531 - INFO - Iter 43: Rel Res = 1.9626e-05
2025-12-02 03:20:46,671 - INFO - Iter 44: Rel Res = 1.8950e-05
2025-12-02 03:20:46,823 - INFO - Iter 45: Rel Res = 1.8302e-05
2025-12-02 03:20:46,966 - INFO - Iter 46: Rel Res = 1.7680e-05
2025-12-02 03:20:47,117 - INFO - Iter 47: Rel Res = 1.7080e-05
2025-12-02 03:20:47,271 - INFO - Iter 48: Rel Res = 1.6503e-05
2025-12-02 03:20:47,429 - INFO - Iter 49: Rel Res = 1.5946e-05
2025-12-02 03:20:47,782 - INFO - Iter 50: Rel Res = 1.5408e-05
2025-12-02 03:20:47,800 - INFO - Finished: Iters=50, CPU(s)=10.222534, Error=1.365605e-02
2025-12-02 03:20:47,800 - INFO - Summary: N=256, V-Cycles=50, CPU(s)=10.222534, Error=1.365605e-02, ResidualFile=residuals_v_cycle_N256.csv
