2026-01-02 01:02:10,996 - INFO - Run Inexact Uzawa: N=64, h=0.015625, cfg=tau1e-3_eps1e-8_alpha1_nu4_L4
2026-01-02 01:02:10,996 - INFO - --- Solving Inexact Uzawa (N=64) ---
2026-01-02 01:02:10,997 - INFO - Init Residual: 8.9638e+03
2026-01-02 01:02:10,997 - INFO - Inner solver: PCG(MG), inner_iters=1, alpha=1.000000e+00
2026-01-02 01:02:11,036 - INFO - Starting solve with initial alpha=1.000000e+00
2026-01-02 01:02:17,846 - INFO - Finished: Iters=8, CPU(s)=6.849434, Error=1.495079e-03
2026-01-02 01:02:17,848 - INFO - Iter 0: Rel Res = 1.000000e+00
2026-01-02 01:02:17,861 - INFO - Iter 1: Rel Res = 5.624836e-02
2026-01-02 01:02:17,861 - INFO - Iter 2: Rel Res = 2.298388e-02
2026-01-02 01:02:17,862 - INFO - Iter 3: Rel Res = 6.720715e-04
2026-01-02 01:02:17,863 - INFO - Iter 4: Rel Res = 1.819424e-04
2026-01-02 01:02:17,863 - INFO - Iter 5: Rel Res = 4.938559e-08
2026-01-02 01:02:17,864 - INFO - Iter 6: Rel Res = 1.417768e-08
2026-01-02 01:02:17,864 - INFO - Iter 7: Rel Res = 1.257251e-08
2026-01-02 01:02:17,865 - INFO - Iter 8: Rel Res = 6.486190e-09
2026-01-02 01:02:17,866 - INFO - Summary: N=64, Iters=8, CPU(s)=6.849434, Error=1.495079e-03, ResidualFile=residuals_inexact_uzawa_tau1e-3_eps1e-8_alpha1_nu4_L4_N64.csv, PCG_Iters=50,50,50,12,13,2,2,1
2026-01-02 06:56:04,244 - INFO - Run Inexact Uzawa: N=64, h=0.015625, cfg=tau1e-3_eps1e-8_alpha1_nu4_L4
2026-01-02 06:56:04,259 - INFO - --- Solving Inexact Uzawa (N=64) ---
2026-01-02 06:56:04,260 - INFO - Init Residual: 8.9638e+03
2026-01-02 06:56:04,260 - INFO - Inner solver: PCG(Coupled-Vcycle x3), inner_iters=1, alpha=1.000000e+00
2026-01-02 06:56:04,261 - INFO - Starting solve with initial alpha=1.000000e+00
2026-01-02 06:56:04,290 - INFO - Finished: Iters=4, CPU(s)=0.030018, Error=1.495080e-03
2026-01-02 06:56:04,292 - INFO - Iter 0: Rel Res = 1.000000e+00
2026-01-02 06:56:04,294 - INFO - Iter 1: Rel Res = 3.203009e-03
2026-01-02 06:56:04,294 - INFO - Iter 2: Rel Res = 1.437603e-07
2026-01-02 06:56:04,294 - INFO - Iter 3: Rel Res = 7.106828e-08
2026-01-02 06:56:04,294 - INFO - Iter 4: Rel Res = 8.032650e-10
2026-01-02 06:56:04,295 - INFO - Summary: N=64, Iters=4, CPU(s)=0.030018, Error=1.495080e-03, ResidualFile=residuals_inexact_uzawa_tau1e-3_eps1e-8_alpha1_nu4_L4_N64.csv, PCG_Iters=5,2,1,1
