2026-01-02 01:02:17,886 - INFO - Run Inexact Uzawa: N=128, h=0.0078125, cfg=tau1e-3_eps1e-8_alpha1_nu4_L4
2026-01-02 01:02:17,887 - INFO - --- Solving Inexact Uzawa (N=128) ---
2026-01-02 01:02:17,890 - INFO - Init Residual: 2.3907e+04
2026-01-02 01:02:17,890 - INFO - Inner solver: PCG(MG), inner_iters=1, alpha=1.000000e+00
2026-01-02 01:02:17,970 - INFO - Starting solve with initial alpha=1.000000e+00
2026-01-02 01:02:54,407 - INFO - Iter 10: Rel Res = 2.1464e-08
2026-01-02 01:02:54,694 - INFO - Finished: Iters=14, CPU(s)=36.805324, Error=3.736338e-04
2026-01-02 01:02:54,709 - INFO - Iter 0: Rel Res = 1.000000e+00
2026-01-02 01:02:54,710 - INFO - Iter 1: Rel Res = 1.351780e-01
2026-01-02 01:02:54,710 - INFO - Iter 2: Rel Res = 5.306338e-02
2026-01-02 01:02:54,711 - INFO - Iter 3: Rel Res = 1.211547e-02
2026-01-02 01:02:54,711 - INFO - Iter 4: Rel Res = 3.074373e-03
2026-01-02 01:02:54,711 - INFO - Iter 5: Rel Res = 7.382193e-04
2026-01-02 01:02:54,713 - INFO - Iter 6: Rel Res = 8.799982e-05
2026-01-02 01:02:54,713 - INFO - Iter 7: Rel Res = 5.701804e-05
2026-01-02 01:02:54,714 - INFO - Iter 8: Rel Res = 1.258367e-05
2026-01-02 01:02:54,715 - INFO - Iter 9: Rel Res = 1.002655e-06
2026-01-02 01:02:54,715 - INFO - Iter 10: Rel Res = 2.146421e-08
2026-01-02 01:02:54,716 - INFO - Iter 11: Rel Res = 1.024603e-08
2026-01-02 01:02:54,716 - INFO - Iter 12: Rel Res = 1.091910e-08
2026-01-02 01:02:54,717 - INFO - Iter 13: Rel Res = 1.026556e-08
2026-01-02 01:02:54,718 - INFO - Iter 14: Rel Res = 7.712531e-09
2026-01-02 01:02:54,719 - INFO - Summary: N=128, Iters=14, CPU(s)=36.805324, Error=3.736338e-04, ResidualFile=residuals_inexact_uzawa_tau1e-3_eps1e-8_alpha1_nu4_L4_N128.csv, PCG_Iters=50,50,50,50,50,50,50,50,42,50,2,1,1,1
2026-01-02 06:56:04,305 - INFO - Run Inexact Uzawa: N=128, h=0.0078125, cfg=tau1e-3_eps1e-8_alpha1_nu4_L4
2026-01-02 06:56:04,306 - INFO - --- Solving Inexact Uzawa (N=128) ---
2026-01-02 06:56:04,308 - INFO - Init Residual: 2.3907e+04
2026-01-02 06:56:04,308 - INFO - Inner solver: PCG(Coupled-Vcycle x3), inner_iters=1, alpha=1.000000e+00
2026-01-02 06:56:04,309 - INFO - Starting solve with initial alpha=1.000000e+00
2026-01-02 06:56:04,377 - INFO - Finished: Iters=4, CPU(s)=0.068774, Error=3.736306e-04
2026-01-02 06:56:04,379 - INFO - Iter 0: Rel Res = 1.000000e+00
2026-01-02 06:56:04,379 - INFO - Iter 1: Rel Res = 2.424381e-03
2026-01-02 06:56:04,380 - INFO - Iter 2: Rel Res = 2.719847e-07
2026-01-02 06:56:04,380 - INFO - Iter 3: Rel Res = 1.338826e-07
2026-01-02 06:56:04,380 - INFO - Iter 4: Rel Res = 2.417301e-09
2026-01-02 06:56:04,380 - INFO - Summary: N=128, Iters=4, CPU(s)=0.068774, Error=3.736306e-04, ResidualFile=residuals_inexact_uzawa_tau1e-3_eps1e-8_alpha1_nu4_L4_N128.csv, PCG_Iters=6,2,1,1
