2026-01-02 02:05:05,166 - INFO - Run Inexact Uzawa: N=64, h=0.015625, cfg=tau1e-5_eps1e-8_alpha1_nu4_L4
2026-01-02 02:05:05,166 - INFO - --- Solving Inexact Uzawa (N=64) ---
2026-01-02 02:05:05,166 - INFO - Init Residual: 8.9638e+03
2026-01-02 02:05:05,166 - INFO - Inner solver: PCG(MG), inner_iters=1, alpha=1.000000e+00
2026-01-02 02:05:05,195 - INFO - Starting solve with initial alpha=1.000000e+00
2026-01-02 02:05:10,836 - INFO - Finished: Iters=6, CPU(s)=5.670561, Error=1.495078e-03
2026-01-02 02:05:10,838 - INFO - Iter 0: Rel Res = 1.000000e+00
2026-01-02 02:05:10,848 - INFO - Iter 1: Rel Res = 5.624836e-02
2026-01-02 02:05:10,849 - INFO - Iter 2: Rel Res = 2.298388e-02
2026-01-02 02:05:10,849 - INFO - Iter 3: Rel Res = 6.720715e-04
2026-01-02 02:05:10,849 - INFO - Iter 4: Rel Res = 1.819552e-04
2026-01-02 02:05:10,850 - INFO - Iter 5: Rel Res = 1.276259e-08
2026-01-02 02:05:10,850 - INFO - Iter 6: Rel Res = 7.001655e-09
2026-01-02 02:05:10,852 - INFO - Summary: N=64, Iters=6, CPU(s)=5.670561, Error=1.495078e-03, ResidualFile=residuals_inexact_uzawa_tau1e-5_eps1e-8_alpha1_nu4_L4_N64.csv, PCG_Iters=50,50,50,24,15,2
2026-01-02 07:09:04,090 - INFO - Run Inexact Uzawa: N=64, h=0.015625, cfg=tau1e-5_eps1e-8_alpha1_nu4_L4
2026-01-02 07:09:04,090 - INFO - --- Solving Inexact Uzawa (N=64) ---
2026-01-02 07:09:04,100 - INFO - Init Residual: 8.9638e+03
2026-01-02 07:09:04,100 - INFO - Inner solver: PCG(Coupled-Vcycle x3), inner_iters=1, alpha=1.000000e+00
2026-01-02 07:09:04,100 - INFO - Starting solve with initial alpha=1.000000e+00
2026-01-02 07:09:04,124 - INFO - Finished: Iters=2, CPU(s)=0.022811, Error=1.495081e-03
2026-01-02 07:09:04,125 - INFO - Iter 0: Rel Res = 1.000000e+00
2026-01-02 07:09:04,126 - INFO - Iter 1: Rel Res = 3.203009e-03
2026-01-02 07:09:04,126 - INFO - Iter 2: Rel Res = 1.742725e-09
2026-01-02 07:09:04,128 - INFO - Summary: N=64, Iters=2, CPU(s)=0.022811, Error=1.495081e-03, ResidualFile=residuals_inexact_uzawa_tau1e-5_eps1e-8_alpha1_nu4_L4_N64.csv, PCG_Iters=5,3
