2026-01-02 01:57:09,581 - INFO - Run Inexact Uzawa: N=512, h=0.001953125, cfg=tau1e-4_eps1e-8_alpha1_nu4_L4
2026-01-02 01:57:09,581 - INFO - --- Solving Inexact Uzawa (N=512) ---
2026-01-02 01:57:09,594 - INFO - Init Residual: 1.8169e+05
2026-01-02 01:57:09,594 - INFO - Inner solver: PCG(MG), inner_iters=1, alpha=1.000000e+00
2026-01-02 01:57:10,380 - INFO - Starting solve with initial alpha=1.000000e+00
2026-01-02 02:04:08,903 - INFO - Iter 10: Rel Res = 1.9521e-06
2026-01-02 02:05:04,339 - INFO - Finished: Iters=16, CPU(s)=474.745002, Error=2.334760e-05
2026-01-02 02:05:04,360 - INFO - Iter 0: Rel Res = 1.000000e+00
2026-01-02 02:05:04,360 - INFO - Iter 1: Rel Res = 3.481190e-01
2026-01-02 02:05:04,360 - INFO - Iter 2: Rel Res = 1.484789e-01
2026-01-02 02:05:04,360 - INFO - Iter 3: Rel Res = 1.084567e-02
2026-01-02 02:05:04,360 - INFO - Iter 4: Rel Res = 2.698661e-03
2026-01-02 02:05:04,360 - INFO - Iter 5: Rel Res = 6.225466e-04
2026-01-02 02:05:04,360 - INFO - Iter 6: Rel Res = 2.057466e-04
2026-01-02 02:05:04,361 - INFO - Iter 7: Rel Res = 4.396359e-05
2026-01-02 02:05:04,361 - INFO - Iter 8: Rel Res = 4.557271e-05
2026-01-02 02:05:04,361 - INFO - Iter 9: Rel Res = 9.878575e-06
2026-01-02 02:05:04,361 - INFO - Iter 10: Rel Res = 1.952066e-06
2026-01-02 02:05:04,361 - INFO - Iter 11: Rel Res = 8.140674e-07
2026-01-02 02:05:04,362 - INFO - Iter 12: Rel Res = 9.174515e-08
2026-01-02 02:05:04,362 - INFO - Iter 13: Rel Res = 4.057811e-08
2026-01-02 02:05:04,362 - INFO - Iter 14: Rel Res = 1.424397e-08
2026-01-02 02:05:04,363 - INFO - Iter 15: Rel Res = 1.020882e-08
2026-01-02 02:05:04,363 - INFO - Iter 16: Rel Res = 6.812890e-09
2026-01-02 02:05:04,364 - INFO - Summary: N=512, Iters=16, CPU(s)=474.745002, Error=2.334760e-05, ResidualFile=residuals_inexact_uzawa_tau1e-4_eps1e-8_alpha1_nu4_L4_N512.csv, PCG_Iters=50,50,50,50,50,50,50,50,50,50,50,50,4,2,2,1
2026-01-02 07:07:24,285 - INFO - Run Inexact Uzawa: N=512, h=0.001953125, cfg=tau1e-4_eps1e-8_alpha1_nu4_L4
2026-01-02 07:07:24,287 - INFO - --- Solving Inexact Uzawa (N=512) ---
2026-01-02 07:07:24,304 - INFO - Init Residual: 1.8169e+05
2026-01-02 07:07:24,305 - INFO - Inner solver: PCG(Coupled-Vcycle x3), inner_iters=1, alpha=1.000000e+00
2026-01-02 07:07:24,306 - INFO - Starting solve with initial alpha=1.000000e+00
2026-01-02 07:07:25,728 - INFO - Finished: Iters=3, CPU(s)=1.414957, Error=2.334956e-05
2026-01-02 07:07:25,729 - INFO - Iter 0: Rel Res = 1.000000e+00
2026-01-02 07:07:25,729 - INFO - Iter 1: Rel Res = 1.285064e-03
2026-01-02 07:07:25,729 - INFO - Iter 2: Rel Res = 1.805893e-08
2026-01-02 07:07:25,729 - INFO - Iter 3: Rel Res = 7.956115e-09
2026-01-02 07:07:25,739 - INFO - Summary: N=512, Iters=3, CPU(s)=1.414957, Error=2.334956e-05, ResidualFile=residuals_inexact_uzawa_tau1e-4_eps1e-8_alpha1_nu4_L4_N512.csv, PCG_Iters=11,3,1
