2025-11-24 01:37:18,417 - INFO - Run V-cycle: N=1024, h=0.0009765625
2025-11-24 01:37:18,417 - INFO - --- Solving Stokes (DGS-MG) for N=1024 ---
2025-11-24 01:37:18,549 - INFO - Init Residual: 7.0010e+04
2025-11-24 01:37:21,722 - INFO - Iter 1: Rel Res = 5.7316e+00
2025-11-24 01:37:24,592 - INFO - Iter 2: Rel Res = 3.9634e+00
2025-11-24 01:37:27,226 - INFO - Iter 3: Rel Res = 3.3806e+00
2025-11-24 01:37:30,004 - INFO - Iter 4: Rel Res = 2.8766e+00
2025-11-24 01:37:33,434 - INFO - Iter 5: Rel Res = 2.4780e+00
2025-11-24 01:37:36,483 - INFO - Iter 6: Rel Res = 2.1427e+00
2025-11-24 01:37:39,243 - INFO - Iter 7: Rel Res = 1.8579e+00
2025-11-24 01:37:41,948 - INFO - Iter 8: Rel Res = 1.6136e+00
2025-11-24 01:37:44,706 - INFO - Iter 9: Rel Res = 1.4031e+00
2025-11-24 01:37:47,821 - INFO - Iter 10: Rel Res = 1.2210e+00
2025-11-24 01:37:50,682 - INFO - Iter 11: Rel Res = 1.0631e+00
2025-11-24 01:37:53,427 - INFO - Iter 12: Rel Res = 9.2605e-01
2025-11-24 01:37:56,092 - INFO - Iter 13: Rel Res = 8.0694e-01
2025-11-24 01:37:58,897 - INFO - Iter 14: Rel Res = 7.0333e-01
2025-11-24 01:38:01,927 - INFO - Iter 15: Rel Res = 6.1314e-01
2025-11-24 01:38:05,545 - INFO - Iter 16: Rel Res = 5.3462e-01
2025-11-24 01:38:08,577 - INFO - Iter 17: Rel Res = 4.6622e-01
2025-11-24 01:38:11,031 - INFO - Iter 18: Rel Res = 4.0662e-01
2025-11-24 01:38:13,727 - INFO - Iter 19: Rel Res = 3.5468e-01
2025-11-24 01:38:16,212 - INFO - Iter 20: Rel Res = 3.0940e-01
2025-11-24 01:38:18,713 - INFO - Iter 21: Rel Res = 2.6993e-01
2025-11-24 01:38:21,216 - INFO - Iter 22: Rel Res = 2.3552e-01
2025-11-24 01:38:23,925 - INFO - Iter 23: Rel Res = 2.0551e-01
2025-11-24 01:38:26,668 - INFO - Iter 24: Rel Res = 1.7934e-01
2025-11-24 01:38:29,386 - INFO - Iter 25: Rel Res = 1.5651e-01
2025-11-24 01:38:32,032 - INFO - Iter 26: Rel Res = 1.3660e-01
2025-11-24 01:38:34,639 - INFO - Iter 27: Rel Res = 1.1923e-01
2025-11-24 01:38:37,288 - INFO - Iter 28: Rel Res = 1.0408e-01
2025-11-24 01:38:39,830 - INFO - Iter 29: Rel Res = 9.0859e-02
2025-11-24 01:38:42,779 - INFO - Iter 30: Rel Res = 7.9323e-02
2025-11-24 01:38:45,736 - INFO - Iter 31: Rel Res = 6.9257e-02
2025-11-24 01:38:48,389 - INFO - Iter 32: Rel Res = 6.0472e-02
2025-11-24 01:38:50,954 - INFO - Iter 33: Rel Res = 5.2805e-02
2025-11-24 01:38:53,672 - INFO - Iter 34: Rel Res = 4.6113e-02
2025-11-24 01:38:56,335 - INFO - Iter 35: Rel Res = 4.0272e-02
2025-11-24 01:38:58,861 - INFO - Iter 36: Rel Res = 3.5173e-02
2025-11-24 01:39:01,621 - INFO - Iter 37: Rel Res = 3.0722e-02
2025-11-24 01:39:04,274 - INFO - Iter 38: Rel Res = 2.6835e-02
2025-11-24 01:39:06,917 - INFO - Iter 39: Rel Res = 2.3442e-02
2025-11-24 01:39:09,612 - INFO - Iter 40: Rel Res = 2.0479e-02
2025-11-24 01:39:12,100 - INFO - Iter 41: Rel Res = 1.7891e-02
2025-11-24 01:39:14,806 - INFO - Iter 42: Rel Res = 1.5632e-02
2025-11-24 01:39:17,587 - INFO - Iter 43: Rel Res = 1.3658e-02
2025-11-24 01:39:20,147 - INFO - Iter 44: Rel Res = 1.1935e-02
2025-11-24 01:39:23,041 - INFO - Iter 45: Rel Res = 1.0429e-02
2025-11-24 01:39:25,920 - INFO - Iter 46: Rel Res = 9.1140e-03
2025-11-24 01:39:28,617 - INFO - Iter 47: Rel Res = 7.9652e-03
2025-11-24 01:39:31,569 - INFO - Iter 48: Rel Res = 6.9615e-03
2025-11-24 01:39:36,884 - INFO - Iter 49: Rel Res = 6.0845e-03
2025-11-24 01:39:40,257 - INFO - Iter 50: Rel Res = 5.3183e-03
2025-11-24 01:39:40,368 - INFO - Finished: Iters=50, CPU(s)=141.839186, Error=6.079599e-03
2025-11-24 01:39:40,372 - INFO - Summary: N=1024, V-Cycles=50, CPU(s)=141.839186, Error=6.079599e-03, ResidualFile=residuals_v_cycle_N1024.csv
