2025-11-24 01:40:33,126 - INFO - Run Inexact Uzawa: N=128, h=0.0078125
2025-11-24 01:40:33,126 - INFO - --- Solving Inexact Uzawa (N=128) ---
2025-11-24 01:40:33,129 - INFO - Init Residual: 8.7412e+03
2025-11-24 01:40:33,364 - INFO - Iter 10: Rel Res = 1.8340e+00
2025-11-24 01:40:33,572 - INFO - Iter 20: Rel Res = 1.8336e+00
2025-11-24 01:40:33,795 - INFO - Iter 30: Rel Res = 1.8331e+00
2025-11-24 01:40:33,970 - INFO - Iter 40: Rel Res = 1.8327e+00
2025-11-24 01:40:34,148 - INFO - Iter 50: Rel Res = 1.8322e+00
2025-11-24 01:40:36,597 - INFO - Run Inexact Uzawa: N=128, h=0.0078125
2025-11-24 01:40:36,613 - INFO - --- Solving Inexact Uzawa (N=128) ---
2025-11-24 01:40:36,614 - INFO - Init Residual: 8.7412e+03
2025-11-24 01:40:36,853 - INFO - Iter 10: Rel Res = 1.8340e+00
2025-11-24 01:40:37,074 - INFO - Iter 20: Rel Res = 1.8336e+00
2025-11-24 01:40:37,223 - INFO - Iter 30: Rel Res = 1.8331e+00
2025-11-24 01:40:37,372 - INFO - Iter 40: Rel Res = 1.8327e+00
2025-11-24 01:40:37,524 - INFO - Iter 50: Rel Res = 1.8322e+00
2025-11-24 01:40:37,762 - INFO - Iter 60: Rel Res = 1.8318e+00
2025-11-24 01:40:37,957 - INFO - Iter 70: Rel Res = 1.8313e+00
2025-11-24 01:40:38,117 - INFO - Iter 80: Rel Res = 1.8308e+00
2025-11-24 01:40:38,357 - INFO - Iter 90: Rel Res = 1.8304e+00
2025-11-24 01:40:38,534 - INFO - Iter 100: Rel Res = 1.8299e+00
2025-11-24 01:40:38,687 - INFO - Iter 110: Rel Res = 1.8294e+00
2025-11-24 01:40:38,837 - INFO - Iter 120: Rel Res = 1.8289e+00
2025-11-24 01:40:39,010 - INFO - Iter 130: Rel Res = 1.8284e+00
2025-11-24 01:40:39,202 - INFO - Iter 140: Rel Res = 1.8279e+00
2025-11-24 01:40:39,437 - INFO - Iter 150: Rel Res = 1.8274e+00
2025-11-24 01:40:39,592 - INFO - Iter 160: Rel Res = 1.8268e+00
2025-11-24 01:40:39,745 - INFO - Iter 170: Rel Res = 1.8263e+00
2025-11-24 01:40:39,924 - INFO - Iter 180: Rel Res = 1.8258e+00
2025-11-24 01:40:40,127 - INFO - Iter 190: Rel Res = 1.8252e+00
2025-11-24 01:40:40,349 - INFO - Iter 200: Rel Res = 1.8247e+00
2025-11-24 01:40:40,351 - INFO - Finished: Iters=200, CPU(s)=3.735705, Error=2.782299e-02
2025-11-24 01:40:40,352 - INFO - Iter 0: Rel Res = 1.000000e+00
2025-11-24 01:40:40,352 - INFO - Iter 1: Rel Res = 1.738562e+00
2025-11-24 01:40:40,352 - INFO - Iter 2: Rel Res = 1.829156e+00
2025-11-24 01:40:40,352 - INFO - Iter 3: Rel Res = 1.834032e+00
2025-11-24 01:40:40,353 - INFO - Iter 4: Rel Res = 1.834252e+00
2025-11-24 01:40:40,353 - INFO - Iter 5: Rel Res = 1.834223e+00
2025-11-24 01:40:40,353 - INFO - Iter 6: Rel Res = 1.834181e+00
2025-11-24 01:40:40,353 - INFO - Iter 7: Rel Res = 1.834138e+00
2025-11-24 01:40:40,353 - INFO - Iter 8: Rel Res = 1.834095e+00
2025-11-24 01:40:40,353 - INFO - Iter 9: Rel Res = 1.834052e+00
2025-11-24 01:40:40,353 - INFO - Iter 10: Rel Res = 1.834009e+00
2025-11-24 01:40:40,353 - INFO - Iter 11: Rel Res = 1.833966e+00
2025-11-24 01:40:40,353 - INFO - Iter 12: Rel Res = 1.833923e+00
2025-11-24 01:40:40,353 - INFO - Iter 13: Rel Res = 1.833880e+00
2025-11-24 01:40:40,353 - INFO - Iter 14: Rel Res = 1.833836e+00
2025-11-24 01:40:40,353 - INFO - Iter 15: Rel Res = 1.833793e+00
2025-11-24 01:40:40,353 - INFO - Iter 16: Rel Res = 1.833750e+00
2025-11-24 01:40:40,353 - INFO - Iter 17: Rel Res = 1.833706e+00
2025-11-24 01:40:40,353 - INFO - Iter 18: Rel Res = 1.833663e+00
2025-11-24 01:40:40,353 - INFO - Iter 19: Rel Res = 1.833619e+00
2025-11-24 01:40:40,353 - INFO - Iter 20: Rel Res = 1.833575e+00
2025-11-24 01:40:40,353 - INFO - Iter 21: Rel Res = 1.833532e+00
2025-11-24 01:40:40,353 - INFO - Iter 22: Rel Res = 1.833488e+00
2025-11-24 01:40:40,354 - INFO - Iter 23: Rel Res = 1.833444e+00
2025-11-24 01:40:40,354 - INFO - Iter 24: Rel Res = 1.833400e+00
2025-11-24 01:40:40,354 - INFO - Iter 25: Rel Res = 1.833356e+00
2025-11-24 01:40:40,354 - INFO - Iter 26: Rel Res = 1.833312e+00
2025-11-24 01:40:40,354 - INFO - Iter 27: Rel Res = 1.833268e+00
2025-11-24 01:40:40,354 - INFO - Iter 28: Rel Res = 1.833224e+00
2025-11-24 01:40:40,354 - INFO - Iter 29: Rel Res = 1.833180e+00
2025-11-24 01:40:40,354 - INFO - Iter 30: Rel Res = 1.833136e+00
2025-11-24 01:40:40,354 - INFO - Iter 31: Rel Res = 1.833091e+00
2025-11-24 01:40:40,354 - INFO - Iter 32: Rel Res = 1.833047e+00
2025-11-24 01:40:40,354 - INFO - Iter 33: Rel Res = 1.833002e+00
2025-11-24 01:40:40,354 - INFO - Iter 34: Rel Res = 1.832958e+00
2025-11-24 01:40:40,354 - INFO - Iter 35: Rel Res = 1.832913e+00
2025-11-24 01:40:40,354 - INFO - Iter 36: Rel Res = 1.832869e+00
2025-11-24 01:40:40,354 - INFO - Iter 37: Rel Res = 1.832824e+00
2025-11-24 01:40:40,354 - INFO - Iter 38: Rel Res = 1.832779e+00
2025-11-24 01:40:40,354 - INFO - Iter 39: Rel Res = 1.832735e+00
2025-11-24 01:40:40,354 - INFO - Iter 40: Rel Res = 1.832690e+00
2025-11-24 01:40:40,354 - INFO - Iter 41: Rel Res = 1.832645e+00
2025-11-24 01:40:40,354 - INFO - Iter 42: Rel Res = 1.832600e+00
2025-11-24 01:40:40,354 - INFO - Iter 43: Rel Res = 1.832555e+00
2025-11-24 01:40:40,354 - INFO - Iter 44: Rel Res = 1.832510e+00
2025-11-24 01:40:40,354 - INFO - Iter 45: Rel Res = 1.832464e+00
2025-11-24 01:40:40,354 - INFO - Iter 46: Rel Res = 1.832419e+00
2025-11-24 01:40:40,354 - INFO - Iter 47: Rel Res = 1.832374e+00
2025-11-24 01:40:40,354 - INFO - Iter 48: Rel Res = 1.832329e+00
2025-11-24 01:40:40,354 - INFO - Iter 49: Rel Res = 1.832283e+00
2025-11-24 01:40:40,354 - INFO - Iter 50: Rel Res = 1.832238e+00
2025-11-24 01:40:40,354 - INFO - Iter 51: Rel Res = 1.832192e+00
2025-11-24 01:40:40,355 - INFO - Iter 52: Rel Res = 1.832147e+00
2025-11-24 01:40:40,355 - INFO - Iter 53: Rel Res = 1.832101e+00
2025-11-24 01:40:40,355 - INFO - Iter 54: Rel Res = 1.832055e+00
2025-11-24 01:40:40,355 - INFO - Iter 55: Rel Res = 1.832009e+00
2025-11-24 01:40:40,355 - INFO - Iter 56: Rel Res = 1.831963e+00
2025-11-24 01:40:40,355 - INFO - Iter 57: Rel Res = 1.831918e+00
2025-11-24 01:40:40,355 - INFO - Iter 58: Rel Res = 1.831872e+00
2025-11-24 01:40:40,355 - INFO - Iter 59: Rel Res = 1.831826e+00
2025-11-24 01:40:40,355 - INFO - Iter 60: Rel Res = 1.831779e+00
2025-11-24 01:40:40,355 - INFO - Iter 61: Rel Res = 1.831733e+00
2025-11-24 01:40:40,355 - INFO - Iter 62: Rel Res = 1.831687e+00
2025-11-24 01:40:40,355 - INFO - Iter 63: Rel Res = 1.831641e+00
2025-11-24 01:40:40,355 - INFO - Iter 64: Rel Res = 1.831594e+00
2025-11-24 01:40:40,355 - INFO - Iter 65: Rel Res = 1.831548e+00
2025-11-24 01:40:40,355 - INFO - Iter 66: Rel Res = 1.831501e+00
2025-11-24 01:40:40,355 - INFO - Iter 67: Rel Res = 1.831455e+00
2025-11-24 01:40:40,355 - INFO - Iter 68: Rel Res = 1.831408e+00
2025-11-24 01:40:40,355 - INFO - Iter 69: Rel Res = 1.831362e+00
2025-11-24 01:40:40,355 - INFO - Iter 70: Rel Res = 1.831315e+00
2025-11-24 01:40:40,355 - INFO - Iter 71: Rel Res = 1.831268e+00
2025-11-24 01:40:40,355 - INFO - Iter 72: Rel Res = 1.831221e+00
2025-11-24 01:40:40,355 - INFO - Iter 73: Rel Res = 1.831174e+00
2025-11-24 01:40:40,355 - INFO - Iter 74: Rel Res = 1.831127e+00
2025-11-24 01:40:40,355 - INFO - Iter 75: Rel Res = 1.831080e+00
2025-11-24 01:40:40,355 - INFO - Iter 76: Rel Res = 1.831033e+00
2025-11-24 01:40:40,355 - INFO - Iter 77: Rel Res = 1.830986e+00
2025-11-24 01:40:40,355 - INFO - Iter 78: Rel Res = 1.830939e+00
2025-11-24 01:40:40,355 - INFO - Iter 79: Rel Res = 1.830891e+00
2025-11-24 01:40:40,355 - INFO - Iter 80: Rel Res = 1.830844e+00
2025-11-24 01:40:40,355 - INFO - Iter 81: Rel Res = 1.830796e+00
2025-11-24 01:40:40,355 - INFO - Iter 82: Rel Res = 1.830749e+00
2025-11-24 01:40:40,355 - INFO - Iter 83: Rel Res = 1.830701e+00
2025-11-24 01:40:40,356 - INFO - Iter 84: Rel Res = 1.830654e+00
2025-11-24 01:40:40,356 - INFO - Iter 85: Rel Res = 1.830606e+00
2025-11-24 01:40:40,356 - INFO - Iter 86: Rel Res = 1.830558e+00
2025-11-24 01:40:40,356 - INFO - Iter 87: Rel Res = 1.830510e+00
2025-11-24 01:40:40,356 - INFO - Iter 88: Rel Res = 1.830462e+00
2025-11-24 01:40:40,356 - INFO - Iter 89: Rel Res = 1.830415e+00
2025-11-24 01:40:40,356 - INFO - Iter 90: Rel Res = 1.830366e+00
2025-11-24 01:40:40,357 - INFO - Iter 91: Rel Res = 1.830318e+00
2025-11-24 01:40:40,357 - INFO - Iter 92: Rel Res = 1.830270e+00
2025-11-24 01:40:40,357 - INFO - Iter 93: Rel Res = 1.830222e+00
2025-11-24 01:40:40,357 - INFO - Iter 94: Rel Res = 1.830174e+00
2025-11-24 01:40:40,357 - INFO - Iter 95: Rel Res = 1.830125e+00
2025-11-24 01:40:40,357 - INFO - Iter 96: Rel Res = 1.830077e+00
2025-11-24 01:40:40,357 - INFO - Iter 97: Rel Res = 1.830028e+00
2025-11-24 01:40:40,357 - INFO - Iter 98: Rel Res = 1.829980e+00
2025-11-24 01:40:40,357 - INFO - Iter 99: Rel Res = 1.829931e+00
2025-11-24 01:40:40,357 - INFO - Iter 100: Rel Res = 1.829882e+00
2025-11-24 01:40:40,357 - INFO - Iter 101: Rel Res = 1.829834e+00
2025-11-24 01:40:40,357 - INFO - Iter 102: Rel Res = 1.829785e+00
2025-11-24 01:40:40,357 - INFO - Iter 103: Rel Res = 1.829736e+00
2025-11-24 01:40:40,357 - INFO - Iter 104: Rel Res = 1.829687e+00
2025-11-24 01:40:40,357 - INFO - Iter 105: Rel Res = 1.829638e+00
2025-11-24 01:40:40,357 - INFO - Iter 106: Rel Res = 1.829589e+00
2025-11-24 01:40:40,357 - INFO - Iter 107: Rel Res = 1.829540e+00
2025-11-24 01:40:40,357 - INFO - Iter 108: Rel Res = 1.829490e+00
2025-11-24 01:40:40,357 - INFO - Iter 109: Rel Res = 1.829441e+00
2025-11-24 01:40:40,357 - INFO - Iter 110: Rel Res = 1.829392e+00
2025-11-24 01:40:40,357 - INFO - Iter 111: Rel Res = 1.829342e+00
2025-11-24 01:40:40,357 - INFO - Iter 112: Rel Res = 1.829293e+00
2025-11-24 01:40:40,357 - INFO - Iter 113: Rel Res = 1.829243e+00
2025-11-24 01:40:40,357 - INFO - Iter 114: Rel Res = 1.829194e+00
2025-11-24 01:40:40,357 - INFO - Iter 115: Rel Res = 1.829144e+00
2025-11-24 01:40:40,357 - INFO - Iter 116: Rel Res = 1.829094e+00
2025-11-24 01:40:40,357 - INFO - Iter 117: Rel Res = 1.829044e+00
2025-11-24 01:40:40,357 - INFO - Iter 118: Rel Res = 1.828994e+00
2025-11-24 01:40:40,357 - INFO - Iter 119: Rel Res = 1.828944e+00
2025-11-24 01:40:40,357 - INFO - Iter 120: Rel Res = 1.828894e+00
2025-11-24 01:40:40,357 - INFO - Iter 121: Rel Res = 1.828844e+00
2025-11-24 01:40:40,357 - INFO - Iter 122: Rel Res = 1.828794e+00
2025-11-24 01:40:40,357 - INFO - Iter 123: Rel Res = 1.828744e+00
2025-11-24 01:40:40,357 - INFO - Iter 124: Rel Res = 1.828693e+00
2025-11-24 01:40:40,357 - INFO - Iter 125: Rel Res = 1.828643e+00
2025-11-24 01:40:40,357 - INFO - Iter 126: Rel Res = 1.828592e+00
2025-11-24 01:40:40,357 - INFO - Iter 127: Rel Res = 1.828542e+00
2025-11-24 01:40:40,357 - INFO - Iter 128: Rel Res = 1.828491e+00
2025-11-24 01:40:40,357 - INFO - Iter 129: Rel Res = 1.828441e+00
2025-11-24 01:40:40,357 - INFO - Iter 130: Rel Res = 1.828390e+00
2025-11-24 01:40:40,357 - INFO - Iter 131: Rel Res = 1.828339e+00
2025-11-24 01:40:40,357 - INFO - Iter 132: Rel Res = 1.828288e+00
2025-11-24 01:40:40,357 - INFO - Iter 133: Rel Res = 1.828237e+00
2025-11-24 01:40:40,357 - INFO - Iter 134: Rel Res = 1.828186e+00
2025-11-24 01:40:40,357 - INFO - Iter 135: Rel Res = 1.828135e+00
2025-11-24 01:40:40,357 - INFO - Iter 136: Rel Res = 1.828084e+00
2025-11-24 01:40:40,357 - INFO - Iter 137: Rel Res = 1.828033e+00
2025-11-24 01:40:40,357 - INFO - Iter 138: Rel Res = 1.827981e+00
2025-11-24 01:40:40,357 - INFO - Iter 139: Rel Res = 1.827930e+00
2025-11-24 01:40:40,357 - INFO - Iter 140: Rel Res = 1.827879e+00
2025-11-24 01:40:40,357 - INFO - Iter 141: Rel Res = 1.827827e+00
2025-11-24 01:40:40,357 - INFO - Iter 142: Rel Res = 1.827776e+00
2025-11-24 01:40:40,357 - INFO - Iter 143: Rel Res = 1.827724e+00
2025-11-24 01:40:40,357 - INFO - Iter 144: Rel Res = 1.827672e+00
2025-11-24 01:40:40,357 - INFO - Iter 145: Rel Res = 1.827620e+00
2025-11-24 01:40:40,357 - INFO - Iter 146: Rel Res = 1.827568e+00
2025-11-24 01:40:40,357 - INFO - Iter 147: Rel Res = 1.827517e+00
2025-11-24 01:40:40,357 - INFO - Iter 148: Rel Res = 1.827464e+00
2025-11-24 01:40:40,357 - INFO - Iter 149: Rel Res = 1.827412e+00
2025-11-24 01:40:40,357 - INFO - Iter 150: Rel Res = 1.827360e+00
2025-11-24 01:40:40,357 - INFO - Iter 151: Rel Res = 1.827308e+00
2025-11-24 01:40:40,357 - INFO - Iter 152: Rel Res = 1.827256e+00
2025-11-24 01:40:40,357 - INFO - Iter 153: Rel Res = 1.827203e+00
2025-11-24 01:40:40,357 - INFO - Iter 154: Rel Res = 1.827151e+00
2025-11-24 01:40:40,357 - INFO - Iter 155: Rel Res = 1.827098e+00
2025-11-24 01:40:40,357 - INFO - Iter 156: Rel Res = 1.827046e+00
2025-11-24 01:40:40,357 - INFO - Iter 157: Rel Res = 1.826993e+00
2025-11-24 01:40:40,357 - INFO - Iter 158: Rel Res = 1.826940e+00
2025-11-24 01:40:40,357 - INFO - Iter 159: Rel Res = 1.826888e+00
2025-11-24 01:40:40,359 - INFO - Iter 160: Rel Res = 1.826835e+00
2025-11-24 01:40:40,359 - INFO - Iter 161: Rel Res = 1.826782e+00
2025-11-24 01:40:40,359 - INFO - Iter 162: Rel Res = 1.826729e+00
2025-11-24 01:40:40,359 - INFO - Iter 163: Rel Res = 1.826676e+00
2025-11-24 01:40:40,359 - INFO - Iter 164: Rel Res = 1.826623e+00
2025-11-24 01:40:40,359 - INFO - Iter 165: Rel Res = 1.826569e+00
2025-11-24 01:40:40,359 - INFO - Iter 166: Rel Res = 1.826516e+00
2025-11-24 01:40:40,359 - INFO - Iter 167: Rel Res = 1.826463e+00
2025-11-24 01:40:40,359 - INFO - Iter 168: Rel Res = 1.826409e+00
2025-11-24 01:40:40,359 - INFO - Iter 169: Rel Res = 1.826356e+00
2025-11-24 01:40:40,359 - INFO - Iter 170: Rel Res = 1.826302e+00
2025-11-24 01:40:40,359 - INFO - Iter 171: Rel Res = 1.826248e+00
2025-11-24 01:40:40,359 - INFO - Iter 172: Rel Res = 1.826195e+00
2025-11-24 01:40:40,359 - INFO - Iter 173: Rel Res = 1.826141e+00
2025-11-24 01:40:40,359 - INFO - Iter 174: Rel Res = 1.826087e+00
2025-11-24 01:40:40,359 - INFO - Iter 175: Rel Res = 1.826033e+00
2025-11-24 01:40:40,359 - INFO - Iter 176: Rel Res = 1.825979e+00
2025-11-24 01:40:40,359 - INFO - Iter 177: Rel Res = 1.825925e+00
2025-11-24 01:40:40,359 - INFO - Iter 178: Rel Res = 1.825871e+00
2025-11-24 01:40:40,359 - INFO - Iter 179: Rel Res = 1.825816e+00
2025-11-24 01:40:40,359 - INFO - Iter 180: Rel Res = 1.825762e+00
2025-11-24 01:40:40,359 - INFO - Iter 181: Rel Res = 1.825708e+00
2025-11-24 01:40:40,359 - INFO - Iter 182: Rel Res = 1.825653e+00
2025-11-24 01:40:40,359 - INFO - Iter 183: Rel Res = 1.825598e+00
2025-11-24 01:40:40,359 - INFO - Iter 184: Rel Res = 1.825544e+00
2025-11-24 01:40:40,359 - INFO - Iter 185: Rel Res = 1.825489e+00
2025-11-24 01:40:40,359 - INFO - Iter 186: Rel Res = 1.825434e+00
2025-11-24 01:40:40,359 - INFO - Iter 187: Rel Res = 1.825379e+00
2025-11-24 01:40:40,359 - INFO - Iter 188: Rel Res = 1.825324e+00
2025-11-24 01:40:40,359 - INFO - Iter 189: Rel Res = 1.825269e+00
2025-11-24 01:40:40,359 - INFO - Iter 190: Rel Res = 1.825214e+00
2025-11-24 01:40:40,359 - INFO - Iter 191: Rel Res = 1.825159e+00
2025-11-24 01:40:40,359 - INFO - Iter 192: Rel Res = 1.825104e+00
2025-11-24 01:40:40,359 - INFO - Iter 193: Rel Res = 1.825049e+00
2025-11-24 01:40:40,359 - INFO - Iter 194: Rel Res = 1.824993e+00
2025-11-24 01:40:40,359 - INFO - Iter 195: Rel Res = 1.824938e+00
2025-11-24 01:40:40,359 - INFO - Iter 196: Rel Res = 1.824882e+00
2025-11-24 01:40:40,359 - INFO - Iter 197: Rel Res = 1.824827e+00
2025-11-24 01:40:40,359 - INFO - Iter 198: Rel Res = 1.824771e+00
2025-11-24 01:40:40,359 - INFO - Iter 199: Rel Res = 1.824715e+00
2025-11-24 01:40:40,359 - INFO - Iter 200: Rel Res = 1.824659e+00
2025-11-24 01:40:40,361 - INFO - Summary: N=128, Iters=200, CPU(s)=3.735705, Error=2.782299e-02, ResidualFile=residuals_inexact_uzawa_N128.csv
