2025-12-01 21:54:04,474 - INFO - Run V-cycle: N=128, h=0.0078125
2025-12-01 21:54:04,474 - INFO - --- Solving Stokes (DGS-MG) for N=128 ---
2025-12-01 21:54:04,474 - INFO - Init Residual: 8.7412e+03
2025-12-01 21:54:04,510 - INFO - Iter 1: Rel Res = 1.3651e+00
2025-12-01 21:54:04,543 - INFO - Iter 2: Rel Res = 4.7825e-01
2025-12-01 21:54:04,582 - INFO - Iter 3: Rel Res = 3.0202e-01
2025-12-01 21:54:04,630 - INFO - Iter 4: Rel Res = 1.4894e-01
2025-12-01 21:54:04,669 - INFO - Iter 5: Rel Res = 8.7742e-02
2025-12-01 21:54:04,695 - INFO - Iter 6: Rel Res = 4.7496e-02
2025-12-01 21:54:04,739 - INFO - Iter 7: Rel Res = 2.7223e-02
2025-12-01 21:54:04,800 - INFO - Iter 8: Rel Res = 1.5169e-02
2025-12-01 21:54:04,840 - INFO - Iter 9: Rel Res = 8.6228e-03
2025-12-01 21:54:04,892 - INFO - Iter 10: Rel Res = 4.8610e-03
2025-12-01 21:54:04,930 - INFO - Iter 11: Rel Res = 2.7640e-03
2025-12-01 21:54:04,970 - INFO - Iter 12: Rel Res = 1.5717e-03
2025-12-01 21:54:05,020 - INFO - Iter 13: Rel Res = 9.0063e-04
2025-12-01 21:54:05,071 - INFO - Iter 14: Rel Res = 5.2043e-04
2025-12-01 21:54:05,119 - INFO - Iter 15: Rel Res = 3.0604e-04
2025-12-01 21:54:05,160 - INFO - Iter 16: Rel Res = 1.8531e-04
2025-12-01 21:54:05,200 - INFO - Iter 17: Rel Res = 1.1783e-04
2025-12-01 21:54:05,253 - INFO - Iter 18: Rel Res = 8.0350e-05
2025-12-01 21:54:05,299 - INFO - Iter 19: Rel Res = 5.9459e-05
2025-12-01 21:54:05,324 - INFO - Iter 20: Rel Res = 4.7455e-05
2025-12-01 21:54:05,360 - INFO - Iter 21: Rel Res = 4.0114e-05
2025-12-01 21:54:05,397 - INFO - Iter 22: Rel Res = 3.5250e-05
2025-12-01 21:54:05,431 - INFO - Iter 23: Rel Res = 3.1770e-05
2025-12-01 21:54:05,467 - INFO - Iter 24: Rel Res = 2.9117e-05
2025-12-01 21:54:05,515 - INFO - Iter 25: Rel Res = 2.6990e-05
2025-12-01 21:54:05,569 - INFO - Iter 26: Rel Res = 2.5215e-05
2025-12-01 21:54:05,620 - INFO - Iter 27: Rel Res = 2.3687e-05
2025-12-01 21:54:05,663 - INFO - Iter 28: Rel Res = 2.2337e-05
2025-12-01 21:54:05,689 - INFO - Iter 29: Rel Res = 2.1120e-05
2025-12-01 21:54:05,731 - INFO - Iter 30: Rel Res = 2.0006e-05
2025-12-01 21:54:05,770 - INFO - Iter 31: Rel Res = 1.8976e-05
2025-12-01 21:54:05,810 - INFO - Iter 32: Rel Res = 1.8014e-05
2025-12-01 21:54:05,855 - INFO - Iter 33: Rel Res = 1.7112e-05
2025-12-01 21:54:05,888 - INFO - Iter 34: Rel Res = 1.6262e-05
2025-12-01 21:54:05,919 - INFO - Iter 35: Rel Res = 1.5458e-05
2025-12-01 21:54:05,954 - INFO - Iter 36: Rel Res = 1.4697e-05
2025-12-01 21:54:05,989 - INFO - Iter 37: Rel Res = 1.3975e-05
2025-12-01 21:54:06,019 - INFO - Iter 38: Rel Res = 1.3290e-05
2025-12-01 21:54:06,051 - INFO - Iter 39: Rel Res = 1.2640e-05
2025-12-01 21:54:06,083 - INFO - Iter 40: Rel Res = 1.2022e-05
2025-12-01 21:54:06,113 - INFO - Iter 41: Rel Res = 1.1434e-05
2025-12-01 21:54:06,139 - INFO - Iter 42: Rel Res = 1.0875e-05
2025-12-01 21:54:06,184 - INFO - Iter 43: Rel Res = 1.0344e-05
2025-12-01 21:54:06,212 - INFO - Iter 44: Rel Res = 9.8387e-06
2025-12-01 21:54:06,239 - INFO - Iter 45: Rel Res = 9.3582e-06
2025-12-01 21:54:06,265 - INFO - Iter 46: Rel Res = 8.9013e-06
2025-12-01 21:54:06,293 - INFO - Iter 47: Rel Res = 8.4666e-06
2025-12-01 21:54:06,323 - INFO - Iter 48: Rel Res = 8.0532e-06
2025-12-01 21:54:06,350 - INFO - Iter 49: Rel Res = 7.6600e-06
2025-12-01 21:54:06,384 - INFO - Iter 50: Rel Res = 7.2860e-06
2025-12-01 21:54:06,384 - INFO - Finished: Iters=50, CPU(s)=1.910056, Error=2.423426e-02
2025-12-01 21:54:06,384 - INFO - Summary: N=128, V-Cycles=50, CPU(s)=1.910056, Error=2.423426e-02, ResidualFile=residuals_v_cycle_N128.csv
2025-12-02 03:20:32,519 - INFO - Run V-cycle: N=128, h=0.0078125
2025-12-02 03:20:32,519 - INFO - --- Solving Stokes (DGS-MG) for N=128 ---
2025-12-02 03:20:32,521 - INFO - Init Residual: 8.7412e+03
2025-12-02 03:20:32,614 - INFO - Iter 1: Rel Res = 1.3651e+00
2025-12-02 03:20:32,674 - INFO - Iter 2: Rel Res = 4.7825e-01
2025-12-02 03:20:32,742 - INFO - Iter 3: Rel Res = 3.0202e-01
2025-12-02 03:20:32,793 - INFO - Iter 4: Rel Res = 1.4894e-01
2025-12-02 03:20:32,855 - INFO - Iter 5: Rel Res = 8.7742e-02
2025-12-02 03:20:32,904 - INFO - Iter 6: Rel Res = 4.7496e-02
2025-12-02 03:20:32,961 - INFO - Iter 7: Rel Res = 2.7223e-02
2025-12-02 03:20:33,026 - INFO - Iter 8: Rel Res = 1.5169e-02
2025-12-02 03:20:33,107 - INFO - Iter 9: Rel Res = 8.6228e-03
2025-12-02 03:20:33,182 - INFO - Iter 10: Rel Res = 4.8610e-03
2025-12-02 03:20:33,239 - INFO - Iter 11: Rel Res = 2.7640e-03
2025-12-02 03:20:33,309 - INFO - Iter 12: Rel Res = 1.5717e-03
2025-12-02 03:20:33,395 - INFO - Iter 13: Rel Res = 9.0063e-04
2025-12-02 03:20:33,461 - INFO - Iter 14: Rel Res = 5.2043e-04
2025-12-02 03:20:33,517 - INFO - Iter 15: Rel Res = 3.0604e-04
2025-12-02 03:20:33,579 - INFO - Iter 16: Rel Res = 1.8531e-04
2025-12-02 03:20:33,621 - INFO - Iter 17: Rel Res = 1.1783e-04
2025-12-02 03:20:33,689 - INFO - Iter 18: Rel Res = 8.0350e-05
2025-12-02 03:20:33,746 - INFO - Iter 19: Rel Res = 5.9459e-05
2025-12-02 03:20:33,800 - INFO - Iter 20: Rel Res = 4.7455e-05
2025-12-02 03:20:33,890 - INFO - Iter 21: Rel Res = 4.0114e-05
2025-12-02 03:20:34,000 - INFO - Iter 22: Rel Res = 3.5250e-05
2025-12-02 03:20:34,120 - INFO - Iter 23: Rel Res = 3.1770e-05
2025-12-02 03:20:34,236 - INFO - Iter 24: Rel Res = 2.9117e-05
2025-12-02 03:20:34,369 - INFO - Iter 25: Rel Res = 2.6990e-05
2025-12-02 03:20:34,497 - INFO - Iter 26: Rel Res = 2.5215e-05
2025-12-02 03:20:34,629 - INFO - Iter 27: Rel Res = 2.3687e-05
2025-12-02 03:20:34,704 - INFO - Iter 28: Rel Res = 2.2337e-05
2025-12-02 03:20:34,831 - INFO - Iter 29: Rel Res = 2.1120e-05
2025-12-02 03:20:34,962 - INFO - Iter 30: Rel Res = 2.0006e-05
2025-12-02 03:20:35,094 - INFO - Iter 31: Rel Res = 1.8976e-05
2025-12-02 03:20:35,221 - INFO - Iter 32: Rel Res = 1.8014e-05
2025-12-02 03:20:35,361 - INFO - Iter 33: Rel Res = 1.7112e-05
2025-12-02 03:20:35,496 - INFO - Iter 34: Rel Res = 1.6262e-05
2025-12-02 03:20:35,630 - INFO - Iter 35: Rel Res = 1.5458e-05
2025-12-02 03:20:35,750 - INFO - Iter 36: Rel Res = 1.4697e-05
2025-12-02 03:20:35,870 - INFO - Iter 37: Rel Res = 1.3975e-05
2025-12-02 03:20:35,992 - INFO - Iter 38: Rel Res = 1.3290e-05
2025-12-02 03:20:36,124 - INFO - Iter 39: Rel Res = 1.2640e-05
2025-12-02 03:20:36,259 - INFO - Iter 40: Rel Res = 1.2022e-05
2025-12-02 03:20:36,394 - INFO - Iter 41: Rel Res = 1.1434e-05
2025-12-02 03:20:36,540 - INFO - Iter 42: Rel Res = 1.0875e-05
2025-12-02 03:20:36,670 - INFO - Iter 43: Rel Res = 1.0344e-05
2025-12-02 03:20:36,801 - INFO - Iter 44: Rel Res = 9.8387e-06
2025-12-02 03:20:36,913 - INFO - Iter 45: Rel Res = 9.3582e-06
2025-12-02 03:20:37,002 - INFO - Iter 46: Rel Res = 8.9013e-06
2025-12-02 03:20:37,133 - INFO - Iter 47: Rel Res = 8.4666e-06
2025-12-02 03:20:37,269 - INFO - Iter 48: Rel Res = 8.0532e-06
2025-12-02 03:20:37,407 - INFO - Iter 49: Rel Res = 7.6600e-06
2025-12-02 03:20:37,529 - INFO - Iter 50: Rel Res = 7.2860e-06
2025-12-02 03:20:37,529 - INFO - Finished: Iters=50, CPU(s)=5.010557, Error=2.423426e-02
2025-12-02 03:20:37,537 - INFO - Summary: N=128, V-Cycles=50, CPU(s)=5.010557, Error=2.423426e-02, ResidualFile=residuals_v_cycle_N128.csv
