2025-12-01 21:54:41,243 - INFO - Run V-cycle: N=1024, h=0.0009765625
2025-12-01 21:54:41,243 - INFO - --- Solving Stokes (DGS-MG) for N=1024 ---
2025-12-01 21:54:41,360 - INFO - Init Residual: 7.0010e+04
2025-12-01 21:54:43,900 - INFO - Iter 1: Rel Res = 5.7316e+00
2025-12-01 21:54:46,561 - INFO - Iter 2: Rel Res = 3.9634e+00
2025-12-01 21:54:49,355 - INFO - Iter 3: Rel Res = 3.3806e+00
2025-12-01 21:54:52,032 - INFO - Iter 4: Rel Res = 2.8766e+00
2025-12-01 21:54:54,849 - INFO - Iter 5: Rel Res = 2.4780e+00
2025-12-01 21:54:57,397 - INFO - Iter 6: Rel Res = 2.1427e+00
2025-12-01 21:54:59,974 - INFO - Iter 7: Rel Res = 1.8579e+00
2025-12-01 21:55:02,835 - INFO - Iter 8: Rel Res = 1.6136e+00
2025-12-01 21:55:05,665 - INFO - Iter 9: Rel Res = 1.4031e+00
2025-12-01 21:55:08,199 - INFO - Iter 10: Rel Res = 1.2210e+00
2025-12-01 21:55:10,799 - INFO - Iter 11: Rel Res = 1.0631e+00
2025-12-01 21:55:13,365 - INFO - Iter 12: Rel Res = 9.2605e-01
2025-12-01 21:55:16,000 - INFO - Iter 13: Rel Res = 8.0694e-01
2025-12-01 21:55:18,668 - INFO - Iter 14: Rel Res = 7.0333e-01
2025-12-01 21:55:21,258 - INFO - Iter 15: Rel Res = 6.1314e-01
2025-12-01 21:55:23,859 - INFO - Iter 16: Rel Res = 5.3462e-01
2025-12-01 21:55:26,479 - INFO - Iter 17: Rel Res = 4.6622e-01
2025-12-01 21:55:29,051 - INFO - Iter 18: Rel Res = 4.0662e-01
2025-12-01 21:55:31,659 - INFO - Iter 19: Rel Res = 3.5468e-01
2025-12-01 21:55:34,409 - INFO - Iter 20: Rel Res = 3.0940e-01
2025-12-01 21:55:37,014 - INFO - Iter 21: Rel Res = 2.6993e-01
2025-12-01 21:55:39,804 - INFO - Iter 22: Rel Res = 2.3552e-01
2025-12-01 21:55:42,344 - INFO - Iter 23: Rel Res = 2.0551e-01
2025-12-01 21:55:45,024 - INFO - Iter 24: Rel Res = 1.7934e-01
2025-12-01 21:55:47,795 - INFO - Iter 25: Rel Res = 1.5651e-01
2025-12-01 21:55:50,558 - INFO - Iter 26: Rel Res = 1.3660e-01
2025-12-01 21:55:53,419 - INFO - Iter 27: Rel Res = 1.1923e-01
2025-12-01 21:55:56,150 - INFO - Iter 28: Rel Res = 1.0408e-01
2025-12-01 21:55:59,300 - INFO - Iter 29: Rel Res = 9.0859e-02
2025-12-01 21:56:03,344 - INFO - Iter 30: Rel Res = 7.9323e-02
2025-12-01 21:56:06,506 - INFO - Iter 31: Rel Res = 6.9257e-02
2025-12-01 21:56:09,274 - INFO - Iter 32: Rel Res = 6.0472e-02
2025-12-01 21:56:12,895 - INFO - Iter 33: Rel Res = 5.2805e-02
2025-12-01 21:56:16,549 - INFO - Iter 34: Rel Res = 4.6113e-02
2025-12-01 21:56:19,571 - INFO - Iter 35: Rel Res = 4.0272e-02
2025-12-01 21:56:22,293 - INFO - Iter 36: Rel Res = 3.5173e-02
2025-12-01 21:56:26,066 - INFO - Iter 37: Rel Res = 3.0722e-02
2025-12-01 21:56:29,762 - INFO - Iter 38: Rel Res = 2.6835e-02
2025-12-01 21:56:33,029 - INFO - Iter 39: Rel Res = 2.3442e-02
2025-12-01 21:56:35,925 - INFO - Iter 40: Rel Res = 2.0479e-02
2025-12-01 21:56:39,467 - INFO - Iter 41: Rel Res = 1.7891e-02
2025-12-01 21:56:42,283 - INFO - Iter 42: Rel Res = 1.5632e-02
2025-12-01 21:56:45,492 - INFO - Iter 43: Rel Res = 1.3658e-02
2025-12-01 21:56:48,575 - INFO - Iter 44: Rel Res = 1.1935e-02
2025-12-01 21:56:51,482 - INFO - Iter 45: Rel Res = 1.0429e-02
2025-12-01 21:56:54,259 - INFO - Iter 46: Rel Res = 9.1140e-03
2025-12-01 21:56:57,203 - INFO - Iter 47: Rel Res = 7.9652e-03
2025-12-01 21:57:00,070 - INFO - Iter 48: Rel Res = 6.9615e-03
2025-12-01 21:57:03,206 - INFO - Iter 49: Rel Res = 6.0845e-03
2025-12-01 21:57:06,243 - INFO - Iter 50: Rel Res = 5.3183e-03
2025-12-01 21:57:06,351 - INFO - Finished: Iters=50, CPU(s)=144.999329, Error=6.079599e-03
2025-12-01 21:57:06,356 - INFO - Summary: N=1024, V-Cycles=50, CPU(s)=144.999329, Error=6.079599e-03, ResidualFile=residuals_v_cycle_N1024.csv
