2025-12-01 22:07:25,767 - INFO - Run Uzawa: N=64, h=0.015625
2025-12-01 22:07:25,767 - INFO - --- Solving N=64 ---
2025-12-01 22:07:25,961 - INFO - Iter 10: Rel Res = 1.2298e-04
2025-12-01 22:07:26,149 - INFO - Iter 20: Rel Res = 6.3692e-06
2025-12-01 22:07:26,264 - INFO - Iter 30: Rel Res = 2.7907e-07
2025-12-01 22:07:26,467 - INFO - Iter 40: Rel Res = 1.2014e-08
2025-12-01 22:07:26,476 - INFO - Finished: Iters=41, CPU(s)=0.709765, Error=4.374824e-02
2025-12-01 22:07:26,476 - INFO - Iter 0: Rel Res = 1.000000e+00
2025-12-01 22:07:26,476 - INFO - Iter 1: Rel Res = 1.269594e-02
2025-12-01 22:07:26,476 - INFO - Iter 2: Rel Res = 4.607625e-03
2025-12-01 22:07:26,480 - INFO - Iter 3: Rel Res = 1.955816e-03
2025-12-01 22:07:26,480 - INFO - Iter 4: Rel Res = 9.280290e-04
2025-12-01 22:07:26,480 - INFO - Iter 5: Rel Res = 5.286955e-04
2025-12-01 22:07:26,480 - INFO - Iter 6: Rel Res = 3.607962e-04
2025-12-01 22:07:26,480 - INFO - Iter 7: Rel Res = 2.704192e-04
2025-12-01 22:07:26,480 - INFO - Iter 8: Rel Res = 2.082712e-04
2025-12-01 22:07:26,480 - INFO - Iter 9: Rel Res = 1.605615e-04
2025-12-01 22:07:26,480 - INFO - Iter 10: Rel Res = 1.229760e-04
2025-12-01 22:07:26,480 - INFO - Iter 11: Rel Res = 9.345910e-05
2025-12-01 22:07:26,480 - INFO - Iter 12: Rel Res = 7.051745e-05
2025-12-01 22:07:26,480 - INFO - Iter 13: Rel Res = 5.287969e-05
2025-12-01 22:07:26,480 - INFO - Iter 14: Rel Res = 3.944998e-05
2025-12-01 22:07:26,480 - INFO - Iter 15: Rel Res = 2.930688e-05
2025-12-01 22:07:26,480 - INFO - Iter 16: Rel Res = 2.169685e-05
2025-12-01 22:07:26,480 - INFO - Iter 17: Rel Res = 1.601806e-05
2025-12-01 22:07:26,480 - INFO - Iter 18: Rel Res = 1.179889e-05
2025-12-01 22:07:26,483 - INFO - Iter 19: Rel Res = 8.675230e-06
2025-12-01 22:07:26,483 - INFO - Iter 20: Rel Res = 6.369177e-06
2025-12-01 22:07:26,483 - INFO - Iter 21: Rel Res = 4.670612e-06
2025-12-01 22:07:26,483 - INFO - Iter 22: Rel Res = 3.421796e-06
2025-12-01 22:07:26,483 - INFO - Iter 23: Rel Res = 2.504993e-06
2025-12-01 22:07:26,483 - INFO - Iter 24: Rel Res = 1.832723e-06
2025-12-01 22:07:26,483 - INFO - Iter 25: Rel Res = 1.340229e-06
2025-12-01 22:07:26,485 - INFO - Iter 26: Rel Res = 9.797065e-07
2025-12-01 22:07:26,485 - INFO - Iter 27: Rel Res = 7.159494e-07
2025-12-01 22:07:26,485 - INFO - Iter 28: Rel Res = 5.230769e-07
2025-12-01 22:07:26,485 - INFO - Iter 29: Rel Res = 3.820914e-07
2025-12-01 22:07:26,485 - INFO - Iter 30: Rel Res = 2.790657e-07
2025-12-01 22:07:26,485 - INFO - Iter 31: Rel Res = 2.037958e-07
2025-12-01 22:07:26,485 - INFO - Iter 32: Rel Res = 1.488151e-07
2025-12-01 22:07:26,485 - INFO - Iter 33: Rel Res = 1.086601e-07
2025-12-01 22:07:26,485 - INFO - Iter 34: Rel Res = 7.933515e-08
2025-12-01 22:07:26,485 - INFO - Iter 35: Rel Res = 5.792353e-08
2025-12-01 22:07:26,485 - INFO - Iter 36: Rel Res = 4.228913e-08
2025-12-01 22:07:26,485 - INFO - Iter 37: Rel Res = 3.087454e-08
2025-12-01 22:07:26,485 - INFO - Iter 38: Rel Res = 2.253994e-08
2025-12-01 22:07:26,485 - INFO - Iter 39: Rel Res = 1.645595e-08
2025-12-01 22:07:26,485 - INFO - Iter 40: Rel Res = 1.201394e-08
2025-12-01 22:07:26,485 - INFO - Iter 41: Rel Res = 8.771668e-09
2025-12-01 22:07:26,486 - INFO - Summary: N=64, Iters=41, CPU(s)=0.709765, Error=4.374824e-02, ResidualFile=residuals_uzawa_N64.csv
2025-12-02 03:19:54,126 - INFO - Run Uzawa: N=64, h=0.015625
2025-12-02 03:19:54,126 - INFO - --- Solving N=64 ---
2025-12-02 03:19:54,416 - INFO - Iter 10: Rel Res = 1.2298e-04
2025-12-02 03:19:54,593 - INFO - Iter 20: Rel Res = 6.3692e-06
2025-12-02 03:19:54,741 - INFO - Iter 30: Rel Res = 2.7907e-07
2025-12-02 03:19:54,823 - INFO - Iter 40: Rel Res = 1.2014e-08
2025-12-02 03:19:54,830 - INFO - Finished: Iters=41, CPU(s)=0.701673, Error=4.374824e-02
2025-12-02 03:19:54,830 - INFO - Iter 0: Rel Res = 1.000000e+00
2025-12-02 03:19:54,830 - INFO - Iter 1: Rel Res = 1.269594e-02
2025-12-02 03:19:54,830 - INFO - Iter 2: Rel Res = 4.607625e-03
2025-12-02 03:19:54,830 - INFO - Iter 3: Rel Res = 1.955816e-03
2025-12-02 03:19:54,830 - INFO - Iter 4: Rel Res = 9.280290e-04
2025-12-02 03:19:54,830 - INFO - Iter 5: Rel Res = 5.286955e-04
2025-12-02 03:19:54,830 - INFO - Iter 6: Rel Res = 3.607962e-04
2025-12-02 03:19:54,830 - INFO - Iter 7: Rel Res = 2.704192e-04
2025-12-02 03:19:54,831 - INFO - Iter 8: Rel Res = 2.082712e-04
2025-12-02 03:19:54,831 - INFO - Iter 9: Rel Res = 1.605615e-04
2025-12-02 03:19:54,831 - INFO - Iter 10: Rel Res = 1.229760e-04
2025-12-02 03:19:54,831 - INFO - Iter 11: Rel Res = 9.345910e-05
2025-12-02 03:19:54,831 - INFO - Iter 12: Rel Res = 7.051745e-05
2025-12-02 03:19:54,831 - INFO - Iter 13: Rel Res = 5.287969e-05
2025-12-02 03:19:54,831 - INFO - Iter 14: Rel Res = 3.944998e-05
2025-12-02 03:19:54,831 - INFO - Iter 15: Rel Res = 2.930688e-05
2025-12-02 03:19:54,831 - INFO - Iter 16: Rel Res = 2.169685e-05
2025-12-02 03:19:54,831 - INFO - Iter 17: Rel Res = 1.601806e-05
2025-12-02 03:19:54,831 - INFO - Iter 18: Rel Res = 1.179889e-05
2025-12-02 03:19:54,831 - INFO - Iter 19: Rel Res = 8.675230e-06
2025-12-02 03:19:54,831 - INFO - Iter 20: Rel Res = 6.369177e-06
2025-12-02 03:19:54,831 - INFO - Iter 21: Rel Res = 4.670612e-06
2025-12-02 03:19:54,831 - INFO - Iter 22: Rel Res = 3.421796e-06
2025-12-02 03:19:54,831 - INFO - Iter 23: Rel Res = 2.504993e-06
2025-12-02 03:19:54,831 - INFO - Iter 24: Rel Res = 1.832723e-06
2025-12-02 03:19:54,831 - INFO - Iter 25: Rel Res = 1.340229e-06
2025-12-02 03:19:54,831 - INFO - Iter 26: Rel Res = 9.797065e-07
2025-12-02 03:19:54,831 - INFO - Iter 27: Rel Res = 7.159494e-07
2025-12-02 03:19:54,831 - INFO - Iter 28: Rel Res = 5.230769e-07
2025-12-02 03:19:54,831 - INFO - Iter 29: Rel Res = 3.820914e-07
2025-12-02 03:19:54,831 - INFO - Iter 30: Rel Res = 2.790657e-07
2025-12-02 03:19:54,831 - INFO - Iter 31: Rel Res = 2.037958e-07
2025-12-02 03:19:54,831 - INFO - Iter 32: Rel Res = 1.488151e-07
2025-12-02 03:19:54,831 - INFO - Iter 33: Rel Res = 1.086601e-07
2025-12-02 03:19:54,831 - INFO - Iter 34: Rel Res = 7.933515e-08
2025-12-02 03:19:54,831 - INFO - Iter 35: Rel Res = 5.792353e-08
2025-12-02 03:19:54,831 - INFO - Iter 36: Rel Res = 4.228913e-08
2025-12-02 03:19:54,831 - INFO - Iter 37: Rel Res = 3.087454e-08
2025-12-02 03:19:54,831 - INFO - Iter 38: Rel Res = 2.253994e-08
2025-12-02 03:19:54,831 - INFO - Iter 39: Rel Res = 1.645595e-08
2025-12-02 03:19:54,831 - INFO - Iter 40: Rel Res = 1.201394e-08
2025-12-02 03:19:54,831 - INFO - Iter 41: Rel Res = 8.771668e-09
2025-12-02 03:19:54,832 - INFO - Summary: N=64, Iters=41, CPU(s)=0.701673, Error=4.374824e-02, ResidualFile=residuals_uzawa_N64.csv
