2026-01-02 01:04:15,713 - INFO - Run Inexact Uzawa: N=512, h=0.001953125, cfg=tau1e-3_eps1e-8_alpha1_nu4_L4
2026-01-02 01:04:15,714 - INFO - --- Solving Inexact Uzawa (N=512) ---
2026-01-02 01:04:15,738 - INFO - Init Residual: 1.8169e+05
2026-01-02 01:04:15,738 - INFO - Inner solver: PCG(MG), inner_iters=1, alpha=1.000000e+00
2026-01-02 01:04:16,455 - INFO - Starting solve with initial alpha=1.000000e+00
2026-01-02 01:10:45,155 - INFO - Iter 10: Rel Res = 1.9690e-06
2026-01-02 01:11:42,969 - INFO - Finished: Iters=14, CPU(s)=447.231106, Error=2.334972e-05
2026-01-02 01:11:42,977 - INFO - Iter 0: Rel Res = 1.000000e+00
2026-01-02 01:11:42,977 - INFO - Iter 1: Rel Res = 3.481190e-01
2026-01-02 01:11:42,978 - INFO - Iter 2: Rel Res = 1.484789e-01
2026-01-02 01:11:42,978 - INFO - Iter 3: Rel Res = 1.084624e-02
2026-01-02 01:11:42,978 - INFO - Iter 4: Rel Res = 2.698552e-03
2026-01-02 01:11:42,978 - INFO - Iter 5: Rel Res = 6.230435e-04
2026-01-02 01:11:42,979 - INFO - Iter 6: Rel Res = 2.059497e-04
2026-01-02 01:11:42,979 - INFO - Iter 7: Rel Res = 4.387197e-05
2026-01-02 01:11:42,979 - INFO - Iter 8: Rel Res = 4.645030e-05
2026-01-02 01:11:42,981 - INFO - Iter 9: Rel Res = 1.031460e-05
2026-01-02 01:11:42,981 - INFO - Iter 10: Rel Res = 1.968979e-06
2026-01-02 01:11:42,982 - INFO - Iter 11: Rel Res = 8.461398e-07
2026-01-02 01:11:42,982 - INFO - Iter 12: Rel Res = 8.272104e-08
2026-01-02 01:11:42,982 - INFO - Iter 13: Rel Res = 4.616551e-08
2026-01-02 01:11:42,983 - INFO - Iter 14: Rel Res = 8.408350e-09
2026-01-02 01:11:42,983 - INFO - Summary: N=512, Iters=14, CPU(s)=447.231106, Error=2.334972e-05, ResidualFile=residuals_inexact_uzawa_tau1e-3_eps1e-8_alpha1_nu4_L4_N512.csv, PCG_Iters=50,50,50,50,50,50,50,50,50,50,50,50,3,2
2026-01-02 06:56:04,791 - INFO - Run Inexact Uzawa: N=512, h=0.001953125, cfg=tau1e-3_eps1e-8_alpha1_nu4_L4
2026-01-02 06:56:04,793 - INFO - --- Solving Inexact Uzawa (N=512) ---
2026-01-02 06:56:04,807 - INFO - Init Residual: 1.8169e+05
2026-01-02 06:56:04,807 - INFO - Inner solver: PCG(Coupled-Vcycle x3), inner_iters=1, alpha=1.000000e+00
2026-01-02 06:56:04,808 - INFO - Starting solve with initial alpha=1.000000e+00
2026-01-02 06:56:06,237 - INFO - Finished: Iters=4, CPU(s)=1.432064, Error=2.335259e-05
2026-01-02 06:56:06,242 - INFO - Iter 0: Rel Res = 1.000000e+00
2026-01-02 06:56:06,242 - INFO - Iter 1: Rel Res = 1.285064e-03
2026-01-02 06:56:06,243 - INFO - Iter 2: Rel Res = 4.121015e-07
2026-01-02 06:56:06,243 - INFO - Iter 3: Rel Res = 1.973241e-07
2026-01-02 06:56:06,243 - INFO - Iter 4: Rel Res = 6.432790e-09
2026-01-02 06:56:06,244 - INFO - Summary: N=512, Iters=4, CPU(s)=1.432064, Error=2.335259e-05, ResidualFile=residuals_inexact_uzawa_tau1e-3_eps1e-8_alpha1_nu4_L4_N512.csv, PCG_Iters=11,2,1,1
