2025-11-24 01:36:39,310 - INFO - Run V-cycle: N=64, h=0.015625
2025-11-24 01:36:39,310 - INFO - --- Solving Stokes (DGS-MG) for N=64 ---
2025-11-24 01:36:39,311 - INFO - Init Residual: 4.3649e+03
2025-11-24 01:36:39,323 - INFO - Iter 1: Rel Res = 8.3739e-01
2025-11-24 01:36:39,336 - INFO - Iter 2: Rel Res = 2.5737e-01
2025-11-24 01:36:39,354 - INFO - Iter 3: Rel Res = 1.3208e-01
2025-11-24 01:36:39,373 - INFO - Iter 4: Rel Res = 5.5212e-02
2025-11-24 01:36:39,388 - INFO - Iter 5: Rel Res = 2.6253e-02
2025-11-24 01:36:39,402 - INFO - Iter 6: Rel Res = 1.1831e-02
2025-11-24 01:36:39,415 - INFO - Iter 7: Rel Res = 5.5373e-03
2025-11-24 01:36:39,426 - INFO - Iter 8: Rel Res = 2.5677e-03
2025-11-24 01:36:39,439 - INFO - Iter 9: Rel Res = 1.2113e-03
2025-11-24 01:36:39,455 - INFO - Iter 10: Rel Res = 5.7703e-04
2025-11-24 01:36:39,469 - INFO - Iter 11: Rel Res = 2.8278e-04
2025-11-24 01:36:39,488 - INFO - Iter 12: Rel Res = 1.4613e-04
2025-11-24 01:36:39,514 - INFO - Iter 13: Rel Res = 8.3682e-05
2025-11-24 01:36:39,539 - INFO - Iter 14: Rel Res = 5.5447e-05
2025-11-24 01:36:39,553 - INFO - Iter 15: Rel Res = 4.2162e-05
2025-11-24 01:36:39,572 - INFO - Iter 16: Rel Res = 3.5051e-05
2025-11-24 01:36:39,583 - INFO - Iter 17: Rel Res = 3.0561e-05
2025-11-24 01:36:39,605 - INFO - Iter 18: Rel Res = 2.7324e-05
2025-11-24 01:36:39,617 - INFO - Iter 19: Rel Res = 2.4776e-05
2025-11-24 01:36:39,632 - INFO - Iter 20: Rel Res = 2.2656e-05
2025-11-24 01:36:39,644 - INFO - Iter 21: Rel Res = 2.0825e-05
2025-11-24 01:36:39,657 - INFO - Iter 22: Rel Res = 1.9204e-05
2025-11-24 01:36:39,672 - INFO - Iter 23: Rel Res = 1.7746e-05
2025-11-24 01:36:39,695 - INFO - Iter 24: Rel Res = 1.6419e-05
2025-11-24 01:36:39,717 - INFO - Iter 25: Rel Res = 1.5203e-05
2025-11-24 01:36:39,731 - INFO - Iter 26: Rel Res = 1.4084e-05
2025-11-24 01:36:39,742 - INFO - Iter 27: Rel Res = 1.3051e-05
2025-11-24 01:36:39,753 - INFO - Iter 28: Rel Res = 1.2097e-05
2025-11-24 01:36:39,767 - INFO - Iter 29: Rel Res = 1.1213e-05
2025-11-24 01:36:39,778 - INFO - Iter 30: Rel Res = 1.0395e-05
2025-11-24 01:36:39,803 - INFO - Iter 31: Rel Res = 9.6372e-06
2025-11-24 01:36:39,822 - INFO - Iter 32: Rel Res = 8.9347e-06
2025-11-24 01:36:39,841 - INFO - Iter 33: Rel Res = 8.2836e-06
2025-11-24 01:36:39,861 - INFO - Iter 34: Rel Res = 7.6800e-06
2025-11-24 01:36:39,878 - INFO - Iter 35: Rel Res = 7.1204e-06
2025-11-24 01:36:39,891 - INFO - Iter 36: Rel Res = 6.6016e-06
2025-11-24 01:36:39,905 - INFO - Iter 37: Rel Res = 6.1207e-06
2025-11-24 01:36:39,918 - INFO - Iter 38: Rel Res = 5.6747e-06
2025-11-24 01:36:39,931 - INFO - Iter 39: Rel Res = 5.2613e-06
2025-11-24 01:36:39,941 - INFO - Iter 40: Rel Res = 4.8780e-06
2025-11-24 01:36:39,955 - INFO - Iter 41: Rel Res = 4.5227e-06
2025-11-24 01:36:39,968 - INFO - Iter 42: Rel Res = 4.1932e-06
2025-11-24 01:36:39,988 - INFO - Iter 43: Rel Res = 3.8877e-06
2025-11-24 01:36:40,006 - INFO - Iter 44: Rel Res = 3.6045e-06
2025-11-24 01:36:40,022 - INFO - Iter 45: Rel Res = 3.3419e-06
2025-11-24 01:36:40,040 - INFO - Iter 46: Rel Res = 3.0984e-06
2025-11-24 01:36:40,061 - INFO - Iter 47: Rel Res = 2.8727e-06
2025-11-24 01:36:40,073 - INFO - Iter 48: Rel Res = 2.6634e-06
2025-11-24 01:36:40,088 - INFO - Iter 49: Rel Res = 2.4694e-06
2025-11-24 01:36:40,099 - INFO - Iter 50: Rel Res = 2.2895e-06
2025-11-24 01:36:40,099 - INFO - Finished: Iters=50, CPU(s)=0.788777, Error=4.548701e-02
2025-11-24 01:36:40,101 - INFO - Summary: N=64, V-Cycles=50, CPU(s)=0.788777, Error=4.548701e-02, ResidualFile=residuals_v_cycle_N64.csv
