2026-01-02 03:46:34,487 - INFO - Run V-cycle: N=2048, h=0.00048828125, cfg=nu2_L4
2026-01-02 03:46:34,487 - INFO - --- Solving Stokes (DGS-MG) for N=2048 ---
2026-01-02 03:46:35,008 - INFO - Init Residual: 1.4333e+06
2026-01-02 03:46:49,474 - INFO - Iter 1: Rel Res = 3.9738e-01
2026-01-02 03:47:03,554 - INFO - Iter 2: Rel Res = 2.1238e-01
2026-01-02 03:47:16,915 - INFO - Iter 3: Rel Res = 1.2307e-01
2026-01-02 03:47:30,389 - INFO - Iter 4: Rel Res = 7.2680e-02
2026-01-02 03:47:43,612 - INFO - Iter 5: Rel Res = 4.2589e-02
2026-01-02 03:47:57,248 - INFO - Iter 6: Rel Res = 2.5107e-02
2026-01-02 03:48:10,045 - INFO - Iter 7: Rel Res = 1.4790e-02
2026-01-02 03:48:23,190 - INFO - Iter 8: Rel Res = 8.7084e-03
2026-01-02 03:48:36,518 - INFO - Iter 9: Rel Res = 5.1284e-03
2026-01-02 03:48:49,645 - INFO - Iter 10: Rel Res = 3.0220e-03
2026-01-02 03:49:03,146 - INFO - Iter 11: Rel Res = 1.7792e-03
2026-01-02 03:49:25,361 - INFO - Iter 12: Rel Res = 1.0482e-03
2026-01-02 03:49:39,079 - INFO - Iter 13: Rel Res = 6.1753e-04
2026-01-02 03:49:52,373 - INFO - Iter 14: Rel Res = 3.6366e-04
2026-01-02 03:50:06,001 - INFO - Iter 15: Rel Res = 2.1424e-04
2026-01-02 03:50:19,354 - INFO - Iter 16: Rel Res = 1.2622e-04
2026-01-02 03:50:32,409 - INFO - Iter 17: Rel Res = 7.4340e-05
2026-01-02 03:50:45,843 - INFO - Iter 18: Rel Res = 4.3797e-05
2026-01-02 03:50:59,305 - INFO - Iter 19: Rel Res = 2.5803e-05
2026-01-02 03:51:13,021 - INFO - Iter 20: Rel Res = 1.5199e-05
2026-01-02 03:51:26,080 - INFO - Iter 21: Rel Res = 8.9545e-06
2026-01-02 03:51:39,084 - INFO - Iter 22: Rel Res = 5.2757e-06
2026-01-02 03:51:52,090 - INFO - Iter 23: Rel Res = 3.1079e-06
2026-01-02 03:52:04,980 - INFO - Iter 24: Rel Res = 1.8310e-06
2026-01-02 03:52:19,401 - INFO - Iter 25: Rel Res = 1.0788e-06
2026-01-02 03:52:33,027 - INFO - Iter 26: Rel Res = 6.3558e-07
2026-01-02 03:52:46,363 - INFO - Iter 27: Rel Res = 3.7446e-07
2026-01-02 03:52:59,513 - INFO - Iter 28: Rel Res = 2.2062e-07
2026-01-02 03:53:12,730 - INFO - Iter 29: Rel Res = 1.2998e-07
2026-01-02 03:53:25,528 - INFO - Iter 30: Rel Res = 7.6584e-08
2026-01-02 03:53:38,600 - INFO - Iter 31: Rel Res = 4.5122e-08
2026-01-02 03:53:51,734 - INFO - Iter 32: Rel Res = 2.6585e-08
2026-01-02 03:54:04,855 - INFO - Iter 33: Rel Res = 1.5663e-08
2026-01-02 03:54:18,099 - INFO - Iter 34: Rel Res = 9.2287e-09
2026-01-02 03:54:18,504 - INFO - Finished: Iters=34, CPU(s)=463.612152, Error=1.498238e-06
2026-01-02 03:54:18,504 - INFO - Summary: N=2048, V-Cycles=34, CPU(s)=463.612152, Error=1.498238e-06, ResidualFile=residuals_v_cycle_nu2_L4_N2048.csv
2026-01-02 04:31:55,352 - INFO - Run V-cycle: N=2048, h=0.00048828125, cfg=nu2_L4
2026-01-02 04:31:55,352 - INFO - --- Solving Stokes (DGS-MG) for N=2048 ---
2026-01-02 04:31:55,759 - INFO - Init Residual: 1.4333e+06
2026-01-02 04:31:57,252 - INFO - Iter 1: Rel Res = 3.9738e-01
2026-01-02 04:31:58,773 - INFO - Iter 2: Rel Res = 2.1238e-01
2026-01-02 04:32:00,278 - INFO - Iter 3: Rel Res = 1.2307e-01
2026-01-02 04:32:01,745 - INFO - Iter 4: Rel Res = 7.2680e-02
2026-01-02 04:32:03,239 - INFO - Iter 5: Rel Res = 4.2589e-02
2026-01-02 04:32:04,676 - INFO - Iter 6: Rel Res = 2.5107e-02
2026-01-02 04:32:06,100 - INFO - Iter 7: Rel Res = 1.4790e-02
2026-01-02 04:32:07,561 - INFO - Iter 8: Rel Res = 8.7084e-03
2026-01-02 04:32:09,097 - INFO - Iter 9: Rel Res = 5.1284e-03
2026-01-02 04:32:10,607 - INFO - Iter 10: Rel Res = 3.0220e-03
2026-01-02 04:32:12,075 - INFO - Iter 11: Rel Res = 1.7792e-03
2026-01-02 04:32:13,506 - INFO - Iter 12: Rel Res = 1.0482e-03
2026-01-02 04:32:14,985 - INFO - Iter 13: Rel Res = 6.1753e-04
2026-01-02 04:32:16,484 - INFO - Iter 14: Rel Res = 3.6366e-04
2026-01-02 04:32:17,921 - INFO - Iter 15: Rel Res = 2.1424e-04
2026-01-02 04:32:19,387 - INFO - Iter 16: Rel Res = 1.2622e-04
2026-01-02 04:32:20,818 - INFO - Iter 17: Rel Res = 7.4340e-05
2026-01-02 04:32:22,324 - INFO - Iter 18: Rel Res = 4.3797e-05
2026-01-02 04:32:23,774 - INFO - Iter 19: Rel Res = 2.5803e-05
2026-01-02 04:32:25,223 - INFO - Iter 20: Rel Res = 1.5199e-05
2026-01-02 04:32:26,671 - INFO - Iter 21: Rel Res = 8.9545e-06
2026-01-02 04:32:28,160 - INFO - Iter 22: Rel Res = 5.2757e-06
2026-01-02 04:32:29,696 - INFO - Iter 23: Rel Res = 3.1079e-06
2026-01-02 04:32:31,201 - INFO - Iter 24: Rel Res = 1.8310e-06
2026-01-02 04:32:32,726 - INFO - Iter 25: Rel Res = 1.0788e-06
2026-01-02 04:32:34,216 - INFO - Iter 26: Rel Res = 6.3558e-07
2026-01-02 04:32:35,682 - INFO - Iter 27: Rel Res = 3.7446e-07
2026-01-02 04:32:37,235 - INFO - Iter 28: Rel Res = 2.2062e-07
2026-01-02 04:32:38,783 - INFO - Iter 29: Rel Res = 1.2998e-07
2026-01-02 04:32:40,353 - INFO - Iter 30: Rel Res = 7.6584e-08
2026-01-02 04:32:41,834 - INFO - Iter 31: Rel Res = 4.5122e-08
2026-01-02 04:32:43,267 - INFO - Iter 32: Rel Res = 2.6585e-08
2026-01-02 04:32:44,844 - INFO - Iter 33: Rel Res = 1.5663e-08
2026-01-02 04:32:46,270 - INFO - Iter 34: Rel Res = 9.2287e-09
2026-01-02 04:32:46,643 - INFO - Finished: Iters=34, CPU(s)=50.918056, Error=1.498238e-06
2026-01-02 04:32:46,644 - INFO - Summary: N=2048, V-Cycles=34, CPU(s)=50.918056, Error=1.498238e-06, ResidualFile=residuals_v_cycle_nu2_L4_N2048.csv
