2025-12-01 22:07:41,854 - INFO - Run Uzawa: N=256, h=0.00390625
2025-12-01 22:07:41,854 - INFO - --- Solving N=256 ---
2025-12-01 22:07:59,553 - INFO - Iter 10: Rel Res = 1.8530e-04
2025-12-01 22:08:15,060 - INFO - Iter 20: Rel Res = 2.2458e-05
2025-12-01 22:08:27,371 - INFO - Iter 30: Rel Res = 1.7948e-06
2025-12-01 22:08:39,166 - INFO - Iter 40: Rel Res = 1.2962e-07
2025-12-01 22:08:47,289 - INFO - Iter 50: Rel Res = 9.1415e-09
2025-12-01 22:08:47,293 - INFO - Finished: Iters=50, CPU(s)=65.435400, Error=1.107216e-02
2025-12-01 22:08:47,293 - INFO - Iter 0: Rel Res = 1.000000e+00
2025-12-01 22:08:47,293 - INFO - Iter 1: Rel Res = 6.161144e-03
2025-12-01 22:08:47,309 - INFO - Iter 2: Rel Res = 1.871254e-03
2025-12-01 22:08:47,309 - INFO - Iter 3: Rel Res = 9.589740e-04
2025-12-01 22:08:47,309 - INFO - Iter 4: Rel Res = 6.044255e-04
2025-12-01 22:08:47,309 - INFO - Iter 5: Rel Res = 4.421979e-04
2025-12-01 22:08:47,309 - INFO - Iter 6: Rel Res = 3.547694e-04
2025-12-01 22:08:47,309 - INFO - Iter 7: Rel Res = 2.982062e-04
2025-12-01 22:08:47,310 - INFO - Iter 8: Rel Res = 2.549388e-04
2025-12-01 22:08:47,310 - INFO - Iter 9: Rel Res = 2.181044e-04
2025-12-01 22:08:47,310 - INFO - Iter 10: Rel Res = 1.853046e-04
2025-12-01 22:08:47,310 - INFO - Iter 11: Rel Res = 1.558885e-04
2025-12-01 22:08:47,310 - INFO - Iter 12: Rel Res = 1.297685e-04
2025-12-01 22:08:47,310 - INFO - Iter 13: Rel Res = 1.069389e-04
2025-12-01 22:08:47,310 - INFO - Iter 14: Rel Res = 8.731478e-05
2025-12-01 22:08:47,310 - INFO - Iter 15: Rel Res = 7.070628e-05
2025-12-01 22:08:47,310 - INFO - Iter 16: Rel Res = 5.684274e-05
2025-12-01 22:08:47,310 - INFO - Iter 17: Rel Res = 4.540847e-05
2025-12-01 22:08:47,311 - INFO - Iter 18: Rel Res = 3.607463e-05
2025-12-01 22:08:47,311 - INFO - Iter 19: Rel Res = 2.852243e-05
2025-12-01 22:08:47,311 - INFO - Iter 20: Rel Res = 2.245783e-05
2025-12-01 22:08:47,311 - INFO - Iter 21: Rel Res = 1.761923e-05
2025-12-01 22:08:47,311 - INFO - Iter 22: Rel Res = 1.378011e-05
2025-12-01 22:08:47,311 - INFO - Iter 23: Rel Res = 1.074846e-05
2025-12-01 22:08:47,311 - INFO - Iter 24: Rel Res = 8.364205e-06
2025-12-01 22:08:47,311 - INFO - Iter 25: Rel Res = 6.495661e-06
2025-12-01 22:08:47,311 - INFO - Iter 26: Rel Res = 5.035698e-06
2025-12-01 22:08:47,311 - INFO - Iter 27: Rel Res = 3.897943e-06
2025-12-01 22:08:47,311 - INFO - Iter 28: Rel Res = 3.013275e-06
2025-12-01 22:08:47,311 - INFO - Iter 29: Rel Res = 2.326727e-06
2025-12-01 22:08:47,311 - INFO - Iter 30: Rel Res = 1.794825e-06
2025-12-01 22:08:47,311 - INFO - Iter 31: Rel Res = 1.383330e-06
2025-12-01 22:08:47,311 - INFO - Iter 32: Rel Res = 1.065385e-06
2025-12-01 22:08:47,311 - INFO - Iter 33: Rel Res = 8.199874e-07
2025-12-01 22:08:47,311 - INFO - Iter 34: Rel Res = 6.307615e-07
2025-12-01 22:08:47,311 - INFO - Iter 35: Rel Res = 4.849681e-07
2025-12-01 22:08:47,311 - INFO - Iter 36: Rel Res = 3.727174e-07
2025-12-01 22:08:47,311 - INFO - Iter 37: Rel Res = 2.863443e-07
2025-12-01 22:08:47,311 - INFO - Iter 38: Rel Res = 2.199182e-07
2025-12-01 22:08:47,311 - INFO - Iter 39: Rel Res = 1.688559e-07
2025-12-01 22:08:47,311 - INFO - Iter 40: Rel Res = 1.296195e-07
2025-12-01 22:08:47,311 - INFO - Iter 41: Rel Res = 9.948023e-08
2025-12-01 22:08:47,311 - INFO - Iter 42: Rel Res = 7.633594e-08
2025-12-01 22:08:47,311 - INFO - Iter 43: Rel Res = 5.856739e-08
2025-12-01 22:08:47,311 - INFO - Iter 44: Rel Res = 4.492893e-08
2025-12-01 22:08:47,311 - INFO - Iter 45: Rel Res = 3.446291e-08
2025-12-01 22:08:47,311 - INFO - Iter 46: Rel Res = 2.643206e-08
2025-12-01 22:08:47,311 - INFO - Iter 47: Rel Res = 2.027152e-08
2025-12-01 22:08:47,311 - INFO - Iter 48: Rel Res = 1.554573e-08
2025-12-01 22:08:47,311 - INFO - Iter 49: Rel Res = 1.192117e-08
2025-12-01 22:08:47,311 - INFO - Iter 50: Rel Res = 9.141535e-09
2025-12-01 22:08:47,311 - INFO - Summary: N=256, Iters=50, CPU(s)=65.435400, Error=1.107216e-02, ResidualFile=residuals_uzawa_N256.csv
2025-12-02 03:20:25,738 - INFO - Run Uzawa: N=256, h=0.00390625
2025-12-02 03:20:25,739 - INFO - --- Solving N=256 ---
