2026-01-02 01:47:09,012 - INFO - Run Inexact Uzawa: N=64, h=0.015625, cfg=tau1e-3_eps1e-8_alpha0p95_nu4_L4
2026-01-02 01:47:09,012 - INFO - --- Solving Inexact Uzawa (N=64) ---
2026-01-02 01:47:09,013 - INFO - Init Residual: 8.9638e+03
2026-01-02 01:47:09,013 - INFO - Inner solver: PCG(MG), inner_iters=1, alpha=9.500000e-01
2026-01-02 01:47:09,058 - INFO - Starting solve with initial alpha=9.500000e-01
2026-01-02 01:47:18,215 - INFO - Iter 10: Rel Res = 1.0934e-08
2026-01-02 01:47:18,254 - INFO - Finished: Iters=11, CPU(s)=9.242853, Error=1.495079e-03
2026-01-02 01:47:18,257 - INFO - Iter 0: Rel Res = 1.000000e+00
2026-01-02 01:47:18,257 - INFO - Iter 1: Rel Res = 5.532765e-02
2026-01-02 01:47:18,257 - INFO - Iter 2: Rel Res = 2.075816e-02
2026-01-02 01:47:18,258 - INFO - Iter 3: Rel Res = 1.108328e-03
2026-01-02 01:47:18,258 - INFO - Iter 4: Rel Res = 1.968078e-04
2026-01-02 01:47:18,258 - INFO - Iter 5: Rel Res = 1.128057e-05
2026-01-02 01:47:18,258 - INFO - Iter 6: Rel Res = 5.653992e-07
2026-01-02 01:47:18,260 - INFO - Iter 7: Rel Res = 2.750712e-08
2026-01-02 01:47:18,260 - INFO - Iter 8: Rel Res = 1.207164e-08
2026-01-02 01:47:18,261 - INFO - Iter 9: Rel Res = 1.653559e-08
2026-01-02 01:47:18,261 - INFO - Iter 10: Rel Res = 1.093449e-08
2026-01-02 01:47:18,262 - INFO - Iter 11: Rel Res = 5.578522e-09
2026-01-02 01:47:18,263 - INFO - Summary: N=64, Iters=11, CPU(s)=9.242853, Error=1.495079e-03, ResidualFile=residuals_inexact_uzawa_tau1e-3_eps1e-8_alpha0p95_nu4_L4_N64.csv, PCG_Iters=50,50,50,50,21,46,7,2,1,1,1
2026-01-02 07:05:29,831 - INFO - Run Inexact Uzawa: N=64, h=0.015625, cfg=tau1e-3_eps1e-8_alpha0p95_nu4_L4
2026-01-02 07:05:29,831 - INFO - --- Solving Inexact Uzawa (N=64) ---
2026-01-02 07:05:29,831 - INFO - Init Residual: 8.9638e+03
2026-01-02 07:05:29,831 - INFO - Inner solver: PCG(Coupled-Vcycle x3), inner_iters=1, alpha=9.500000e-01
2026-01-02 07:05:29,831 - INFO - Starting solve with initial alpha=9.500000e-01
2026-01-02 07:05:29,864 - INFO - Finished: Iters=6, CPU(s)=0.032515, Error=1.495079e-03
2026-01-02 07:05:29,865 - INFO - Iter 0: Rel Res = 1.000000e+00
2026-01-02 07:05:29,865 - INFO - Iter 1: Rel Res = 3.050137e-03
2026-01-02 07:05:29,866 - INFO - Iter 2: Rel Res = 1.526195e-04
2026-01-02 07:05:29,866 - INFO - Iter 3: Rel Res = 7.577675e-06
2026-01-02 07:05:29,866 - INFO - Iter 4: Rel Res = 3.762188e-07
2026-01-02 07:05:29,867 - INFO - Iter 5: Rel Res = 1.822090e-08
2026-01-02 07:05:29,867 - INFO - Iter 6: Rel Res = 1.345627e-09
2026-01-02 07:05:29,868 - INFO - Summary: N=64, Iters=6, CPU(s)=0.032515, Error=1.495079e-03, ResidualFile=residuals_inexact_uzawa_tau1e-3_eps1e-8_alpha0p95_nu4_L4_N64.csv, PCG_Iters=5,2,2,2,1,1
