2025-12-01 21:57:06,975 - INFO - Run V-cycle: N=2048, h=0.00048828125
2025-12-01 21:57:06,975 - INFO - --- Solving Stokes (DGS-MG) for N=2048 ---
2025-12-01 21:57:07,470 - INFO - Init Residual: 1.4003e+05
2025-12-01 21:57:20,191 - INFO - Iter 1: Rel Res = 7.1503e+00
2025-12-01 21:57:34,263 - INFO - Iter 2: Rel Res = 5.3610e+00
2025-12-01 21:57:48,058 - INFO - Iter 3: Rel Res = 4.7832e+00
2025-12-01 21:58:00,503 - INFO - Iter 4: Rel Res = 4.2911e+00
2025-12-01 21:58:13,929 - INFO - Iter 5: Rel Res = 3.8934e+00
2025-12-01 21:58:24,979 - INFO - Iter 6: Rel Res = 3.5502e+00
2025-12-01 21:58:38,823 - INFO - Iter 7: Rel Res = 3.2481e+00
2025-12-01 21:58:54,159 - INFO - Iter 8: Rel Res = 2.9780e+00
2025-12-01 21:59:06,259 - INFO - Iter 9: Rel Res = 2.7345e+00
2025-12-01 21:59:17,264 - INFO - Iter 10: Rel Res = 2.5136e+00
2025-12-01 21:59:28,684 - INFO - Iter 11: Rel Res = 2.3125e+00
2025-12-01 21:59:41,175 - INFO - Iter 12: Rel Res = 2.1287e+00
2025-12-01 21:59:53,364 - INFO - Iter 13: Rel Res = 1.9605e+00
2025-12-01 22:00:05,939 - INFO - Iter 14: Rel Res = 1.8062e+00
2025-12-01 22:00:17,229 - INFO - Iter 15: Rel Res = 1.6646e+00
2025-12-01 22:00:28,695 - INFO - Iter 16: Rel Res = 1.5344e+00
2025-12-01 22:00:41,944 - INFO - Iter 17: Rel Res = 1.4147e+00
2025-12-01 22:00:53,214 - INFO - Iter 18: Rel Res = 1.3046e+00
2025-12-01 22:01:04,134 - INFO - Iter 19: Rel Res = 1.2032e+00
2025-12-01 22:01:15,989 - INFO - Iter 20: Rel Res = 1.1098e+00
2025-12-01 22:01:28,630 - INFO - Iter 21: Rel Res = 1.0238e+00
2025-12-01 22:01:45,334 - INFO - Iter 22: Rel Res = 9.4454e-01
2025-12-01 22:01:56,419 - INFO - Iter 23: Rel Res = 8.7149e-01
2025-12-01 22:02:07,853 - INFO - Iter 24: Rel Res = 8.0416e-01
2025-12-01 22:02:19,792 - INFO - Iter 25: Rel Res = 7.4208e-01
2025-12-01 22:02:31,182 - INFO - Iter 26: Rel Res = 6.8485e-01
2025-12-01 22:02:42,193 - INFO - Iter 27: Rel Res = 6.3207e-01
2025-12-01 22:02:53,769 - INFO - Iter 28: Rel Res = 5.8340e-01
2025-12-01 22:03:04,739 - INFO - Iter 29: Rel Res = 5.3851e-01
2025-12-01 22:03:15,949 - INFO - Iter 30: Rel Res = 4.9711e-01
2025-12-01 22:03:27,254 - INFO - Iter 31: Rel Res = 4.5892e-01
2025-12-01 22:03:38,364 - INFO - Iter 32: Rel Res = 4.2370e-01
2025-12-01 22:03:50,239 - INFO - Iter 33: Rel Res = 3.9119e-01
2025-12-01 22:04:01,603 - INFO - Iter 34: Rel Res = 3.6121e-01
2025-12-01 22:04:13,495 - INFO - Iter 35: Rel Res = 3.3354e-01
2025-12-01 22:04:25,518 - INFO - Iter 36: Rel Res = 3.0801e-01
2025-12-01 22:04:37,274 - INFO - Iter 37: Rel Res = 2.8445e-01
2025-12-01 22:04:48,355 - INFO - Iter 38: Rel Res = 2.6271e-01
2025-12-01 22:04:59,734 - INFO - Iter 39: Rel Res = 2.4264e-01
2025-12-01 22:05:10,956 - INFO - Iter 40: Rel Res = 2.2412e-01
2025-12-01 22:05:22,009 - INFO - Iter 41: Rel Res = 2.0702e-01
2025-12-01 22:05:33,286 - INFO - Iter 42: Rel Res = 1.9124e-01
2025-12-01 22:05:44,433 - INFO - Iter 43: Rel Res = 1.7667e-01
2025-12-01 22:05:55,175 - INFO - Iter 44: Rel Res = 1.6321e-01
2025-12-01 22:06:06,761 - INFO - Iter 45: Rel Res = 1.5079e-01
2025-12-01 22:06:19,080 - INFO - Iter 46: Rel Res = 1.3932e-01
2025-12-01 22:06:30,393 - INFO - Iter 47: Rel Res = 1.2873e-01
2025-12-01 22:06:41,181 - INFO - Iter 48: Rel Res = 1.1895e-01
2025-12-01 22:06:52,144 - INFO - Iter 49: Rel Res = 1.0991e-01
2025-12-01 22:07:03,644 - INFO - Iter 50: Rel Res = 1.0157e-01
2025-12-01 22:07:04,108 - INFO - Finished: Iters=50, CPU(s)=596.669305, Error=2.056394e-02
2025-12-01 22:07:04,115 - INFO - Summary: N=2048, V-Cycles=50, CPU(s)=596.669305, Error=2.056394e-02, ResidualFile=residuals_v_cycle_N2048.csv
