2026-01-02 03:45:05,640 - INFO - Run V-cycle: N=1024, h=0.0009765625, cfg=nu2_L4
2026-01-02 03:45:05,640 - INFO - --- Solving Stokes (DGS-MG) for N=1024 ---
2026-01-02 03:45:05,749 - INFO - Init Residual: 5.0914e+05
2026-01-02 03:45:08,944 - INFO - Iter 1: Rel Res = 3.7871e-01
2026-01-02 03:45:12,059 - INFO - Iter 2: Rel Res = 1.7623e-01
2026-01-02 03:45:15,107 - INFO - Iter 3: Rel Res = 8.8757e-02
2026-01-02 03:45:18,277 - INFO - Iter 4: Rel Res = 4.6136e-02
2026-01-02 03:45:21,397 - INFO - Iter 5: Rel Res = 2.3564e-02
2026-01-02 03:45:24,723 - INFO - Iter 6: Rel Res = 1.2188e-02
2026-01-02 03:45:27,893 - INFO - Iter 7: Rel Res = 6.2975e-03
2026-01-02 03:45:31,278 - INFO - Iter 8: Rel Res = 3.2448e-03
2026-01-02 03:45:34,517 - INFO - Iter 9: Rel Res = 1.6749e-03
2026-01-02 03:45:37,785 - INFO - Iter 10: Rel Res = 8.6574e-04
2026-01-02 03:45:40,694 - INFO - Iter 11: Rel Res = 4.4580e-04
2026-01-02 03:45:43,763 - INFO - Iter 12: Rel Res = 2.3035e-04
2026-01-02 03:45:46,752 - INFO - Iter 13: Rel Res = 1.1899e-04
2026-01-02 03:45:49,722 - INFO - Iter 14: Rel Res = 6.1280e-05
2026-01-02 03:45:53,014 - INFO - Iter 15: Rel Res = 3.1662e-05
2026-01-02 03:45:56,116 - INFO - Iter 16: Rel Res = 1.6358e-05
2026-01-02 03:45:59,308 - INFO - Iter 17: Rel Res = 8.4254e-06
2026-01-02 03:46:02,563 - INFO - Iter 18: Rel Res = 4.3522e-06
2026-01-02 03:46:05,666 - INFO - Iter 19: Rel Res = 2.2490e-06
2026-01-02 03:46:08,816 - INFO - Iter 20: Rel Res = 1.1587e-06
2026-01-02 03:46:11,989 - INFO - Iter 21: Rel Res = 5.9832e-07
2026-01-02 03:46:15,137 - INFO - Iter 22: Rel Res = 3.0921e-07
2026-01-02 03:46:18,257 - INFO - Iter 23: Rel Res = 1.5938e-07
2026-01-02 03:46:21,283 - INFO - Iter 24: Rel Res = 8.2272e-08
2026-01-02 03:46:24,275 - INFO - Iter 25: Rel Res = 4.2515e-08
2026-01-02 03:46:27,318 - INFO - Iter 26: Rel Res = 2.1925e-08
2026-01-02 03:46:30,509 - INFO - Iter 27: Rel Res = 1.1315e-08
2026-01-02 03:46:33,857 - INFO - Iter 28: Rel Res = 5.8461e-09
2026-01-02 03:46:33,993 - INFO - Finished: Iters=28, CPU(s)=88.216721, Error=5.856936e-06
2026-01-02 03:46:33,998 - INFO - Summary: N=1024, V-Cycles=28, CPU(s)=88.216721, Error=5.856936e-06, ResidualFile=residuals_v_cycle_nu2_L4_N1024.csv
2026-01-02 04:31:44,516 - INFO - Run V-cycle: N=1024, h=0.0009765625, cfg=nu2_L4
2026-01-02 04:31:44,516 - INFO - --- Solving Stokes (DGS-MG) for N=1024 ---
2026-01-02 04:31:44,624 - INFO - Init Residual: 5.0914e+05
2026-01-02 04:31:44,988 - INFO - Iter 1: Rel Res = 3.7871e-01
2026-01-02 04:31:45,335 - INFO - Iter 2: Rel Res = 1.7623e-01
2026-01-02 04:31:45,697 - INFO - Iter 3: Rel Res = 8.8757e-02
2026-01-02 04:31:46,065 - INFO - Iter 4: Rel Res = 4.6136e-02
2026-01-02 04:31:46,435 - INFO - Iter 5: Rel Res = 2.3564e-02
2026-01-02 04:31:46,805 - INFO - Iter 6: Rel Res = 1.2188e-02
2026-01-02 04:31:47,164 - INFO - Iter 7: Rel Res = 6.2975e-03
2026-01-02 04:31:47,537 - INFO - Iter 8: Rel Res = 3.2448e-03
2026-01-02 04:31:47,923 - INFO - Iter 9: Rel Res = 1.6749e-03
2026-01-02 04:31:48,284 - INFO - Iter 10: Rel Res = 8.6574e-04
2026-01-02 04:31:48,643 - INFO - Iter 11: Rel Res = 4.4580e-04
2026-01-02 04:31:48,993 - INFO - Iter 12: Rel Res = 2.3035e-04
2026-01-02 04:31:49,354 - INFO - Iter 13: Rel Res = 1.1899e-04
2026-01-02 04:31:49,735 - INFO - Iter 14: Rel Res = 6.1280e-05
2026-01-02 04:31:50,097 - INFO - Iter 15: Rel Res = 3.1662e-05
2026-01-02 04:31:50,501 - INFO - Iter 16: Rel Res = 1.6358e-05
2026-01-02 04:31:50,859 - INFO - Iter 17: Rel Res = 8.4254e-06
2026-01-02 04:31:51,222 - INFO - Iter 18: Rel Res = 4.3522e-06
2026-01-02 04:31:51,567 - INFO - Iter 19: Rel Res = 2.2490e-06
2026-01-02 04:31:51,914 - INFO - Iter 20: Rel Res = 1.1587e-06
2026-01-02 04:31:52,285 - INFO - Iter 21: Rel Res = 5.9832e-07
2026-01-02 04:31:52,662 - INFO - Iter 22: Rel Res = 3.0921e-07
2026-01-02 04:31:53,017 - INFO - Iter 23: Rel Res = 1.5938e-07
2026-01-02 04:31:53,384 - INFO - Iter 24: Rel Res = 8.2272e-08
2026-01-02 04:31:53,742 - INFO - Iter 25: Rel Res = 4.2515e-08
2026-01-02 04:31:54,105 - INFO - Iter 26: Rel Res = 2.1925e-08
2026-01-02 04:31:54,489 - INFO - Iter 27: Rel Res = 1.1315e-08
2026-01-02 04:31:54,847 - INFO - Iter 28: Rel Res = 5.8461e-09
2026-01-02 04:31:54,951 - INFO - Finished: Iters=28, CPU(s)=10.330435, Error=5.856936e-06
2026-01-02 04:31:54,953 - INFO - Summary: N=1024, V-Cycles=28, CPU(s)=10.330435, Error=5.856936e-06, ResidualFile=residuals_v_cycle_nu2_L4_N1024.csv
