2026-01-02 01:55:46,913 - INFO - Run Inexact Uzawa: N=256, h=0.00390625, cfg=tau1e-4_eps1e-8_alpha1_nu4_L4
2026-01-02 01:55:46,914 - INFO - --- Solving Inexact Uzawa (N=256) ---
2026-01-02 01:55:46,917 - INFO - Init Residual: 6.5398e+04
2026-01-02 01:55:46,917 - INFO - Inner solver: PCG(MG), inner_iters=1, alpha=1.000000e+00
2026-01-02 01:55:47,150 - INFO - Starting solve with initial alpha=1.000000e+00
2026-01-02 01:57:09,307 - INFO - Iter 10: Rel Res = 1.0832e-08
2026-01-02 01:57:09,437 - INFO - Finished: Iters=11, CPU(s)=82.519653, Error=9.339344e-05
2026-01-02 01:57:09,447 - INFO - Iter 0: Rel Res = 1.000000e+00
2026-01-02 01:57:09,447 - INFO - Iter 1: Rel Res = 3.467962e-01
2026-01-02 01:57:09,447 - INFO - Iter 2: Rel Res = 1.387659e-01
2026-01-02 01:57:09,447 - INFO - Iter 3: Rel Res = 1.585981e-02
2026-01-02 01:57:09,447 - INFO - Iter 4: Rel Res = 7.113553e-03
2026-01-02 01:57:09,447 - INFO - Iter 5: Rel Res = 5.486454e-04
2026-01-02 01:57:09,450 - INFO - Iter 6: Rel Res = 8.580992e-06
2026-01-02 01:57:09,450 - INFO - Iter 7: Rel Res = 3.473584e-06
2026-01-02 01:57:09,450 - INFO - Iter 8: Rel Res = 2.021822e-07
2026-01-02 01:57:09,451 - INFO - Iter 9: Rel Res = 6.351117e-08
2026-01-02 01:57:09,452 - INFO - Iter 10: Rel Res = 1.083185e-08
2026-01-02 01:57:09,452 - INFO - Iter 11: Rel Res = 8.827291e-09
2026-01-02 01:57:09,453 - INFO - Summary: N=256, Iters=11, CPU(s)=82.519653, Error=9.339344e-05, ResidualFile=residuals_inexact_uzawa_tau1e-4_eps1e-8_alpha1_nu4_L4_N256.csv, PCG_Iters=50,50,50,50,50,50,50,50,17,6,1
2026-01-02 07:07:23,732 - INFO - Run Inexact Uzawa: N=256, h=0.00390625, cfg=tau1e-4_eps1e-8_alpha1_nu4_L4
2026-01-02 07:07:23,763 - INFO - --- Solving Inexact Uzawa (N=256) ---
2026-01-02 07:07:23,767 - INFO - Init Residual: 6.5398e+04
2026-01-02 07:07:23,767 - INFO - Inner solver: PCG(Coupled-Vcycle x3), inner_iters=1, alpha=1.000000e+00
2026-01-02 07:07:23,768 - INFO - Starting solve with initial alpha=1.000000e+00
2026-01-02 07:07:24,137 - INFO - Finished: Iters=3, CPU(s)=0.369996, Error=9.339872e-05
2026-01-02 07:07:24,139 - INFO - Iter 0: Rel Res = 1.000000e+00
2026-01-02 07:07:24,139 - INFO - Iter 1: Rel Res = 1.780908e-03
2026-01-02 07:07:24,140 - INFO - Iter 2: Rel Res = 1.412238e-08
2026-01-02 07:07:24,140 - INFO - Iter 3: Rel Res = 6.147490e-09
2026-01-02 07:07:24,141 - INFO - Summary: N=256, Iters=3, CPU(s)=0.369996, Error=9.339872e-05, ResidualFile=residuals_inexact_uzawa_tau1e-4_eps1e-8_alpha1_nu4_L4_N256.csv, PCG_Iters=8,3,1
