2025-12-02 03:48:55,056 - INFO - Run Inexact Uzawa: N=1024, h=0.0009765625
2025-12-02 03:48:55,056 - INFO - --- Solving Inexact Uzawa (N=1024) ---
2025-12-02 03:48:55,190 - INFO - Init Residual: 7.0010e+04
2025-12-02 03:48:55,190 - INFO - Inner solver: CG, inner_iters=2, alpha=1.192093e-07
2025-12-02 03:48:55,190 - INFO - Starting solve with initial alpha=1.192093e-07
2025-12-02 03:52:10,140 - INFO - Iter 10: Rel Res = 7.2566e-04
2025-12-02 03:52:15,522 - INFO - Iter 20: Rel Res = 7.2566e-04
2025-12-02 03:52:19,626 - INFO - Iter 30: Rel Res = 7.2566e-04
2025-12-02 03:52:24,194 - INFO - Iter 40: Rel Res = 7.2566e-04
2025-12-02 03:52:28,285 - INFO - Iter 50: Rel Res = 7.2566e-04
2025-12-02 03:52:32,530 - INFO - Iter 60: Rel Res = 7.2566e-04
2025-12-02 03:52:36,776 - INFO - Iter 70: Rel Res = 7.2566e-04
2025-12-02 03:52:40,712 - INFO - Iter 80: Rel Res = 7.2566e-04
2025-12-02 03:52:44,356 - INFO - Iter 90: Rel Res = 7.2566e-04
2025-12-02 03:52:48,726 - INFO - Iter 100: Rel Res = 7.2566e-04
2025-12-02 03:52:52,850 - INFO - Iter 110: Rel Res = 7.2566e-04
2025-12-02 03:52:57,052 - INFO - Iter 120: Rel Res = 7.2566e-04
2025-12-02 03:53:00,711 - INFO - Iter 130: Rel Res = 7.2566e-04
2025-12-02 03:53:04,794 - INFO - Iter 140: Rel Res = 7.2566e-04
2025-12-02 03:53:08,818 - INFO - Iter 150: Rel Res = 7.2566e-04
2025-12-02 03:53:12,918 - INFO - Iter 160: Rel Res = 7.2566e-04
2025-12-02 03:53:16,656 - INFO - Iter 170: Rel Res = 7.2566e-04
2025-12-02 03:53:20,876 - INFO - Iter 180: Rel Res = 7.2566e-04
2025-12-02 03:53:24,896 - INFO - Iter 190: Rel Res = 7.2566e-04
2025-12-02 03:53:28,765 - INFO - Iter 200: Rel Res = 7.2566e-04
2025-12-02 03:53:28,946 - INFO - Finished: Iters=200, CPU(s)=273.709748, Error=1.329423e-02
2025-12-02 03:53:28,976 - INFO - Iter 0: Rel Res = 1.000000e+00
2025-12-02 03:53:28,976 - INFO - Iter 1: Rel Res = 7.256596e-04
2025-12-02 03:53:28,976 - INFO - Iter 2: Rel Res = 7.256596e-04
2025-12-02 03:53:28,976 - INFO - Iter 3: Rel Res = 7.256596e-04
2025-12-02 03:53:28,976 - INFO - Iter 4: Rel Res = 7.256596e-04
2025-12-02 03:53:28,976 - INFO - Iter 5: Rel Res = 7.256596e-04
2025-12-02 03:53:28,976 - INFO - Iter 6: Rel Res = 7.256596e-04
2025-12-02 03:53:28,976 - INFO - Iter 7: Rel Res = 7.256596e-04
2025-12-02 03:53:28,976 - INFO - Iter 8: Rel Res = 7.256596e-04
2025-12-02 03:53:28,976 - INFO - Iter 9: Rel Res = 7.256596e-04
2025-12-02 03:53:28,976 - INFO - Iter 10: Rel Res = 7.256596e-04
2025-12-02 03:53:28,976 - INFO - Iter 11: Rel Res = 7.256596e-04
2025-12-02 03:53:28,976 - INFO - Iter 12: Rel Res = 7.256596e-04
2025-12-02 03:53:28,976 - INFO - Iter 13: Rel Res = 7.256596e-04
2025-12-02 03:53:28,976 - INFO - Iter 14: Rel Res = 7.256596e-04
2025-12-02 03:53:28,976 - INFO - Iter 15: Rel Res = 7.256596e-04
2025-12-02 03:53:28,976 - INFO - Iter 16: Rel Res = 7.256596e-04
2025-12-02 03:53:28,976 - INFO - Iter 17: Rel Res = 7.256596e-04
2025-12-02 03:53:28,976 - INFO - Iter 18: Rel Res = 7.256596e-04
2025-12-02 03:53:28,976 - INFO - Iter 19: Rel Res = 7.256596e-04
2025-12-02 03:53:28,976 - INFO - Iter 20: Rel Res = 7.256596e-04
2025-12-02 03:53:28,976 - INFO - Iter 21: Rel Res = 7.256596e-04
2025-12-02 03:53:28,976 - INFO - Iter 22: Rel Res = 7.256596e-04
2025-12-02 03:53:28,976 - INFO - Iter 23: Rel Res = 7.256596e-04
2025-12-02 03:53:28,976 - INFO - Iter 24: Rel Res = 7.256596e-04
2025-12-02 03:53:28,976 - INFO - Iter 25: Rel Res = 7.256596e-04
2025-12-02 03:53:28,976 - INFO - Iter 26: Rel Res = 7.256596e-04
2025-12-02 03:53:28,976 - INFO - Iter 27: Rel Res = 7.256596e-04
2025-12-02 03:53:28,976 - INFO - Iter 28: Rel Res = 7.256596e-04
2025-12-02 03:53:28,976 - INFO - Iter 29: Rel Res = 7.256596e-04
2025-12-02 03:53:28,976 - INFO - Iter 30: Rel Res = 7.256596e-04
2025-12-02 03:53:28,981 - INFO - Iter 31: Rel Res = 7.256596e-04
2025-12-02 03:53:28,981 - INFO - Iter 32: Rel Res = 7.256596e-04
2025-12-02 03:53:28,981 - INFO - Iter 33: Rel Res = 7.256596e-04
2025-12-02 03:53:28,981 - INFO - Iter 34: Rel Res = 7.256596e-04
2025-12-02 03:53:28,981 - INFO - Iter 35: Rel Res = 7.256596e-04
2025-12-02 03:53:28,981 - INFO - Iter 36: Rel Res = 7.256596e-04
2025-12-02 03:53:28,981 - INFO - Iter 37: Rel Res = 7.256596e-04
2025-12-02 03:53:28,981 - INFO - Iter 38: Rel Res = 7.256596e-04
2025-12-02 03:53:28,981 - INFO - Iter 39: Rel Res = 7.256596e-04
2025-12-02 03:53:28,981 - INFO - Iter 40: Rel Res = 7.256596e-04
2025-12-02 03:53:28,981 - INFO - Iter 41: Rel Res = 7.256596e-04
2025-12-02 03:53:28,981 - INFO - Iter 42: Rel Res = 7.256596e-04
2025-12-02 03:53:28,981 - INFO - Iter 43: Rel Res = 7.256596e-04
2025-12-02 03:53:28,981 - INFO - Iter 44: Rel Res = 7.256596e-04
2025-12-02 03:53:28,981 - INFO - Iter 45: Rel Res = 7.256596e-04
2025-12-02 03:53:28,981 - INFO - Iter 46: Rel Res = 7.256596e-04
2025-12-02 03:53:28,981 - INFO - Iter 47: Rel Res = 7.256596e-04
2025-12-02 03:53:28,981 - INFO - Iter 48: Rel Res = 7.256596e-04
2025-12-02 03:53:28,981 - INFO - Iter 49: Rel Res = 7.256596e-04
2025-12-02 03:53:28,981 - INFO - Iter 50: Rel Res = 7.256596e-04
2025-12-02 03:53:28,981 - INFO - Iter 51: Rel Res = 7.256596e-04
2025-12-02 03:53:28,986 - INFO - Iter 52: Rel Res = 7.256596e-04
2025-12-02 03:53:28,986 - INFO - Iter 53: Rel Res = 7.256596e-04
2025-12-02 03:53:28,986 - INFO - Iter 54: Rel Res = 7.256596e-04
2025-12-02 03:53:28,986 - INFO - Iter 55: Rel Res = 7.256596e-04
2025-12-02 03:53:28,986 - INFO - Iter 56: Rel Res = 7.256596e-04
2025-12-02 03:53:28,986 - INFO - Iter 57: Rel Res = 7.256596e-04
2025-12-02 03:53:28,986 - INFO - Iter 58: Rel Res = 7.256596e-04
2025-12-02 03:53:28,986 - INFO - Iter 59: Rel Res = 7.256596e-04
2025-12-02 03:53:28,986 - INFO - Iter 60: Rel Res = 7.256596e-04
2025-12-02 03:53:28,986 - INFO - Iter 61: Rel Res = 7.256596e-04
2025-12-02 03:53:28,986 - INFO - Iter 62: Rel Res = 7.256596e-04
2025-12-02 03:53:28,986 - INFO - Iter 63: Rel Res = 7.256596e-04
2025-12-02 03:53:28,986 - INFO - Iter 64: Rel Res = 7.256596e-04
2025-12-02 03:53:28,986 - INFO - Iter 65: Rel Res = 7.256596e-04
2025-12-02 03:53:28,986 - INFO - Iter 66: Rel Res = 7.256596e-04
2025-12-02 03:53:28,986 - INFO - Iter 67: Rel Res = 7.256596e-04
2025-12-02 03:53:28,986 - INFO - Iter 68: Rel Res = 7.256596e-04
2025-12-02 03:53:28,986 - INFO - Iter 69: Rel Res = 7.256596e-04
2025-12-02 03:53:28,986 - INFO - Iter 70: Rel Res = 7.256596e-04
2025-12-02 03:53:28,986 - INFO - Iter 71: Rel Res = 7.256596e-04
2025-12-02 03:53:28,986 - INFO - Iter 72: Rel Res = 7.256596e-04
2025-12-02 03:53:28,986 - INFO - Iter 73: Rel Res = 7.256596e-04
2025-12-02 03:53:28,986 - INFO - Iter 74: Rel Res = 7.256596e-04
2025-12-02 03:53:28,986 - INFO - Iter 75: Rel Res = 7.256596e-04
2025-12-02 03:53:28,986 - INFO - Iter 76: Rel Res = 7.256596e-04
2025-12-02 03:53:28,986 - INFO - Iter 77: Rel Res = 7.256596e-04
2025-12-02 03:53:28,986 - INFO - Iter 78: Rel Res = 7.256596e-04
2025-12-02 03:53:28,986 - INFO - Iter 79: Rel Res = 7.256596e-04
2025-12-02 03:53:28,986 - INFO - Iter 80: Rel Res = 7.256596e-04
2025-12-02 03:53:28,986 - INFO - Iter 81: Rel Res = 7.256596e-04
2025-12-02 03:53:28,986 - INFO - Iter 82: Rel Res = 7.256596e-04
2025-12-02 03:53:28,986 - INFO - Iter 83: Rel Res = 7.256596e-04
2025-12-02 03:53:28,986 - INFO - Iter 84: Rel Res = 7.256596e-04
2025-12-02 03:53:28,986 - INFO - Iter 85: Rel Res = 7.256596e-04
2025-12-02 03:53:28,986 - INFO - Iter 86: Rel Res = 7.256596e-04
2025-12-02 03:53:28,986 - INFO - Iter 87: Rel Res = 7.256596e-04
2025-12-02 03:53:28,986 - INFO - Iter 88: Rel Res = 7.256596e-04
2025-12-02 03:53:28,986 - INFO - Iter 89: Rel Res = 7.256596e-04
2025-12-02 03:53:28,986 - INFO - Iter 90: Rel Res = 7.256596e-04
2025-12-02 03:53:28,986 - INFO - Iter 91: Rel Res = 7.256596e-04
2025-12-02 03:53:28,986 - INFO - Iter 92: Rel Res = 7.256596e-04
2025-12-02 03:53:28,986 - INFO - Iter 93: Rel Res = 7.256596e-04
2025-12-02 03:53:28,986 - INFO - Iter 94: Rel Res = 7.256596e-04
2025-12-02 03:53:28,986 - INFO - Iter 95: Rel Res = 7.256596e-04
2025-12-02 03:53:28,986 - INFO - Iter 96: Rel Res = 7.256596e-04
2025-12-02 03:53:28,986 - INFO - Iter 97: Rel Res = 7.256596e-04
2025-12-02 03:53:28,986 - INFO - Iter 98: Rel Res = 7.256596e-04
2025-12-02 03:53:28,986 - INFO - Iter 99: Rel Res = 7.256596e-04
2025-12-02 03:53:28,986 - INFO - Iter 100: Rel Res = 7.256596e-04
2025-12-02 03:53:28,986 - INFO - Iter 101: Rel Res = 7.256596e-04
2025-12-02 03:53:28,986 - INFO - Iter 102: Rel Res = 7.256596e-04
2025-12-02 03:53:28,986 - INFO - Iter 103: Rel Res = 7.256596e-04
2025-12-02 03:53:28,986 - INFO - Iter 104: Rel Res = 7.256596e-04
2025-12-02 03:53:28,986 - INFO - Iter 105: Rel Res = 7.256596e-04
2025-12-02 03:53:28,986 - INFO - Iter 106: Rel Res = 7.256596e-04
2025-12-02 03:53:28,986 - INFO - Iter 107: Rel Res = 7.256596e-04
2025-12-02 03:53:28,986 - INFO - Iter 108: Rel Res = 7.256596e-04
2025-12-02 03:53:28,986 - INFO - Iter 109: Rel Res = 7.256596e-04
2025-12-02 03:53:28,986 - INFO - Iter 110: Rel Res = 7.256596e-04
2025-12-02 03:53:28,986 - INFO - Iter 111: Rel Res = 7.256596e-04
2025-12-02 03:53:28,986 - INFO - Iter 112: Rel Res = 7.256596e-04
2025-12-02 03:53:28,986 - INFO - Iter 113: Rel Res = 7.256596e-04
2025-12-02 03:53:28,986 - INFO - Iter 114: Rel Res = 7.256596e-04
2025-12-02 03:53:28,986 - INFO - Iter 115: Rel Res = 7.256596e-04
2025-12-02 03:53:28,986 - INFO - Iter 116: Rel Res = 7.256596e-04
2025-12-02 03:53:28,986 - INFO - Iter 117: Rel Res = 7.256596e-04
2025-12-02 03:53:28,986 - INFO - Iter 118: Rel Res = 7.256596e-04
2025-12-02 03:53:28,986 - INFO - Iter 119: Rel Res = 7.256596e-04
2025-12-02 03:53:28,986 - INFO - Iter 120: Rel Res = 7.256596e-04
2025-12-02 03:53:28,986 - INFO - Iter 121: Rel Res = 7.256596e-04
2025-12-02 03:53:28,986 - INFO - Iter 122: Rel Res = 7.256596e-04
2025-12-02 03:53:28,986 - INFO - Iter 123: Rel Res = 7.256596e-04
2025-12-02 03:53:28,986 - INFO - Iter 124: Rel Res = 7.256596e-04
2025-12-02 03:53:28,986 - INFO - Iter 125: Rel Res = 7.256596e-04
2025-12-02 03:53:28,986 - INFO - Iter 126: Rel Res = 7.256596e-04
2025-12-02 03:53:28,986 - INFO - Iter 127: Rel Res = 7.256596e-04
2025-12-02 03:53:28,986 - INFO - Iter 128: Rel Res = 7.256596e-04
2025-12-02 03:53:28,986 - INFO - Iter 129: Rel Res = 7.256596e-04
2025-12-02 03:53:28,986 - INFO - Iter 130: Rel Res = 7.256596e-04
2025-12-02 03:53:28,986 - INFO - Iter 131: Rel Res = 7.256596e-04
2025-12-02 03:53:28,986 - INFO - Iter 132: Rel Res = 7.256596e-04
2025-12-02 03:53:28,986 - INFO - Iter 133: Rel Res = 7.256596e-04
2025-12-02 03:53:28,986 - INFO - Iter 134: Rel Res = 7.256596e-04
2025-12-02 03:53:28,986 - INFO - Iter 135: Rel Res = 7.256596e-04
2025-12-02 03:53:28,986 - INFO - Iter 136: Rel Res = 7.256596e-04
2025-12-02 03:53:28,986 - INFO - Iter 137: Rel Res = 7.256596e-04
2025-12-02 03:53:28,986 - INFO - Iter 138: Rel Res = 7.256596e-04
2025-12-02 03:53:28,986 - INFO - Iter 139: Rel Res = 7.256596e-04
2025-12-02 03:53:28,986 - INFO - Iter 140: Rel Res = 7.256596e-04
2025-12-02 03:53:28,986 - INFO - Iter 141: Rel Res = 7.256596e-04
2025-12-02 03:53:28,986 - INFO - Iter 142: Rel Res = 7.256596e-04
2025-12-02 03:53:28,986 - INFO - Iter 143: Rel Res = 7.256596e-04
2025-12-02 03:53:28,986 - INFO - Iter 144: Rel Res = 7.256596e-04
2025-12-02 03:53:28,986 - INFO - Iter 145: Rel Res = 7.256596e-04
2025-12-02 03:53:28,986 - INFO - Iter 146: Rel Res = 7.256596e-04
2025-12-02 03:53:28,986 - INFO - Iter 147: Rel Res = 7.256596e-04
2025-12-02 03:53:28,986 - INFO - Iter 148: Rel Res = 7.256596e-04
2025-12-02 03:53:28,986 - INFO - Iter 149: Rel Res = 7.256596e-04
2025-12-02 03:53:28,986 - INFO - Iter 150: Rel Res = 7.256596e-04
2025-12-02 03:53:28,986 - INFO - Iter 151: Rel Res = 7.256596e-04
2025-12-02 03:53:28,986 - INFO - Iter 152: Rel Res = 7.256596e-04
2025-12-02 03:53:28,986 - INFO - Iter 153: Rel Res = 7.256596e-04
2025-12-02 03:53:28,986 - INFO - Iter 154: Rel Res = 7.256596e-04
2025-12-02 03:53:28,986 - INFO - Iter 155: Rel Res = 7.256596e-04
2025-12-02 03:53:28,986 - INFO - Iter 156: Rel Res = 7.256596e-04
2025-12-02 03:53:28,986 - INFO - Iter 157: Rel Res = 7.256596e-04
2025-12-02 03:53:28,986 - INFO - Iter 158: Rel Res = 7.256596e-04
2025-12-02 03:53:28,986 - INFO - Iter 159: Rel Res = 7.256596e-04
2025-12-02 03:53:28,986 - INFO - Iter 160: Rel Res = 7.256596e-04
2025-12-02 03:53:28,986 - INFO - Iter 161: Rel Res = 7.256596e-04
2025-12-02 03:53:28,986 - INFO - Iter 162: Rel Res = 7.256596e-04
2025-12-02 03:53:28,986 - INFO - Iter 163: Rel Res = 7.256596e-04
2025-12-02 03:53:28,986 - INFO - Iter 164: Rel Res = 7.256596e-04
2025-12-02 03:53:28,986 - INFO - Iter 165: Rel Res = 7.256596e-04
2025-12-02 03:53:28,986 - INFO - Iter 166: Rel Res = 7.256596e-04
2025-12-02 03:53:28,986 - INFO - Iter 167: Rel Res = 7.256596e-04
2025-12-02 03:53:28,986 - INFO - Iter 168: Rel Res = 7.256596e-04
2025-12-02 03:53:28,986 - INFO - Iter 169: Rel Res = 7.256596e-04
2025-12-02 03:53:28,986 - INFO - Iter 170: Rel Res = 7.256596e-04
2025-12-02 03:53:28,986 - INFO - Iter 171: Rel Res = 7.256596e-04
2025-12-02 03:53:28,986 - INFO - Iter 172: Rel Res = 7.256596e-04
2025-12-02 03:53:28,986 - INFO - Iter 173: Rel Res = 7.256596e-04
2025-12-02 03:53:28,986 - INFO - Iter 174: Rel Res = 7.256596e-04
2025-12-02 03:53:28,986 - INFO - Iter 175: Rel Res = 7.256596e-04
2025-12-02 03:53:28,986 - INFO - Iter 176: Rel Res = 7.256596e-04
2025-12-02 03:53:28,986 - INFO - Iter 177: Rel Res = 7.256596e-04
2025-12-02 03:53:28,986 - INFO - Iter 178: Rel Res = 7.256596e-04
2025-12-02 03:53:28,986 - INFO - Iter 179: Rel Res = 7.256596e-04
2025-12-02 03:53:28,986 - INFO - Iter 180: Rel Res = 7.256596e-04
2025-12-02 03:53:28,986 - INFO - Iter 181: Rel Res = 7.256596e-04
2025-12-02 03:53:28,986 - INFO - Iter 182: Rel Res = 7.256596e-04
2025-12-02 03:53:28,986 - INFO - Iter 183: Rel Res = 7.256596e-04
2025-12-02 03:53:28,986 - INFO - Iter 184: Rel Res = 7.256596e-04
2025-12-02 03:53:28,986 - INFO - Iter 185: Rel Res = 7.256596e-04
2025-12-02 03:53:28,986 - INFO - Iter 186: Rel Res = 7.256596e-04
2025-12-02 03:53:28,986 - INFO - Iter 187: Rel Res = 7.256596e-04
2025-12-02 03:53:28,986 - INFO - Iter 188: Rel Res = 7.256596e-04
2025-12-02 03:53:28,986 - INFO - Iter 189: Rel Res = 7.256596e-04
2025-12-02 03:53:28,986 - INFO - Iter 190: Rel Res = 7.256596e-04
2025-12-02 03:53:28,986 - INFO - Iter 191: Rel Res = 7.256596e-04
2025-12-02 03:53:28,986 - INFO - Iter 192: Rel Res = 7.256596e-04
2025-12-02 03:53:28,986 - INFO - Iter 193: Rel Res = 7.256596e-04
2025-12-02 03:53:28,986 - INFO - Iter 194: Rel Res = 7.256596e-04
2025-12-02 03:53:28,986 - INFO - Iter 195: Rel Res = 7.256596e-04
2025-12-02 03:53:28,986 - INFO - Iter 196: Rel Res = 7.256596e-04
2025-12-02 03:53:28,995 - INFO - Iter 197: Rel Res = 7.256596e-04
2025-12-02 03:53:28,995 - INFO - Iter 198: Rel Res = 7.256596e-04
2025-12-02 03:53:28,995 - INFO - Iter 199: Rel Res = 7.256596e-04
2025-12-02 03:53:28,996 - INFO - Iter 200: Rel Res = 7.256596e-04
2025-12-02 03:53:28,996 - INFO - Summary: N=1024, Iters=200, CPU(s)=273.709748, Error=1.329423e-02, ResidualFile=residuals_inexact_uzawa_N1024.csv
