2025-12-01 21:54:13,024 - INFO - Run V-cycle: N=512, h=0.001953125
2025-12-01 21:54:13,024 - INFO - --- Solving Stokes (DGS-MG) for N=512 ---
2025-12-01 21:54:13,043 - INFO - Init Residual: 3.4999e+04
2025-12-01 21:54:13,609 - INFO - Iter 1: Rel Res = 4.4095e+00
2025-12-01 21:54:14,151 - INFO - Iter 2: Rel Res = 2.7031e+00
2025-12-01 21:54:14,710 - INFO - Iter 3: Rel Res = 2.1213e+00
2025-12-01 21:54:15,244 - INFO - Iter 4: Rel Res = 1.6325e+00
2025-12-01 21:54:15,755 - INFO - Iter 5: Rel Res = 1.2789e+00
2025-12-01 21:54:16,390 - INFO - Iter 6: Rel Res = 1.0023e+00
2025-12-01 21:54:16,960 - INFO - Iter 7: Rel Res = 7.8778e-01
2025-12-01 21:54:17,490 - INFO - Iter 8: Rel Res = 6.1968e-01
2025-12-01 21:54:18,035 - INFO - Iter 9: Rel Res = 4.8787e-01
2025-12-01 21:54:18,590 - INFO - Iter 10: Rel Res = 3.8427e-01
2025-12-01 21:54:19,094 - INFO - Iter 11: Rel Res = 3.0278e-01
2025-12-01 21:54:19,638 - INFO - Iter 12: Rel Res = 2.3863e-01
2025-12-01 21:54:20,200 - INFO - Iter 13: Rel Res = 1.8810e-01
2025-12-01 21:54:20,690 - INFO - Iter 14: Rel Res = 1.4829e-01
2025-12-01 21:54:21,295 - INFO - Iter 15: Rel Res = 1.1692e-01
2025-12-01 21:54:21,820 - INFO - Iter 16: Rel Res = 9.2189e-02
2025-12-01 21:54:22,348 - INFO - Iter 17: Rel Res = 7.2694e-02
2025-12-01 21:54:22,924 - INFO - Iter 18: Rel Res = 5.7323e-02
2025-12-01 21:54:23,415 - INFO - Iter 19: Rel Res = 4.5205e-02
2025-12-01 21:54:23,934 - INFO - Iter 20: Rel Res = 3.5650e-02
2025-12-01 21:54:24,524 - INFO - Iter 21: Rel Res = 2.8116e-02
2025-12-01 21:54:25,075 - INFO - Iter 22: Rel Res = 2.2175e-02
2025-12-01 21:54:25,610 - INFO - Iter 23: Rel Res = 1.7491e-02
2025-12-01 21:54:26,174 - INFO - Iter 24: Rel Res = 1.3798e-02
2025-12-01 21:54:26,694 - INFO - Iter 25: Rel Res = 1.0886e-02
2025-12-01 21:54:27,339 - INFO - Iter 26: Rel Res = 8.5908e-03
2025-12-01 21:54:27,875 - INFO - Iter 27: Rel Res = 6.7812e-03
2025-12-01 21:54:28,410 - INFO - Iter 28: Rel Res = 5.3547e-03
2025-12-01 21:54:28,975 - INFO - Iter 29: Rel Res = 4.2304e-03
2025-12-01 21:54:29,520 - INFO - Iter 30: Rel Res = 3.3444e-03
2025-12-01 21:54:30,061 - INFO - Iter 31: Rel Res = 2.6464e-03
2025-12-01 21:54:30,599 - INFO - Iter 32: Rel Res = 2.0965e-03
2025-12-01 21:54:31,165 - INFO - Iter 33: Rel Res = 1.6636e-03
2025-12-01 21:54:31,790 - INFO - Iter 34: Rel Res = 1.3229e-03
2025-12-01 21:54:32,364 - INFO - Iter 35: Rel Res = 1.0548e-03
2025-12-01 21:54:32,918 - INFO - Iter 36: Rel Res = 8.4413e-04
2025-12-01 21:54:33,480 - INFO - Iter 37: Rel Res = 6.7861e-04
2025-12-01 21:54:33,993 - INFO - Iter 38: Rel Res = 5.4869e-04
2025-12-01 21:54:34,626 - INFO - Iter 39: Rel Res = 4.4678e-04
2025-12-01 21:54:35,221 - INFO - Iter 40: Rel Res = 3.6688e-04
2025-12-01 21:54:35,795 - INFO - Iter 41: Rel Res = 3.0423e-04
2025-12-01 21:54:36,449 - INFO - Iter 42: Rel Res = 2.5505e-04
2025-12-01 21:54:37,089 - INFO - Iter 43: Rel Res = 2.1633e-04
2025-12-01 21:54:37,592 - INFO - Iter 44: Rel Res = 1.8571e-04
2025-12-01 21:54:38,169 - INFO - Iter 45: Rel Res = 1.6131e-04
2025-12-01 21:54:38,759 - INFO - Iter 46: Rel Res = 1.4170e-04
2025-12-01 21:54:39,334 - INFO - Iter 47: Rel Res = 1.2574e-04
2025-12-01 21:54:39,920 - INFO - Iter 48: Rel Res = 1.1259e-04
2025-12-01 21:54:40,531 - INFO - Iter 49: Rel Res = 1.0159e-04
2025-12-01 21:54:41,094 - INFO - Iter 50: Rel Res = 9.2278e-05
2025-12-01 21:54:41,118 - INFO - Finished: Iters=50, CPU(s)=28.069960, Error=8.699926e-03
2025-12-01 21:54:41,118 - INFO - Summary: N=512, V-Cycles=50, CPU(s)=28.069960, Error=8.699926e-03, ResidualFile=residuals_v_cycle_N512.csv
2025-12-02 03:20:47,862 - INFO - Run V-cycle: N=512, h=0.001953125
2025-12-02 03:20:47,862 - INFO - --- Solving Stokes (DGS-MG) for N=512 ---
2025-12-02 03:20:47,909 - INFO - Init Residual: 3.4999e+04
2025-12-02 03:20:48,594 - INFO - Iter 1: Rel Res = 4.4095e+00
2025-12-02 03:20:49,448 - INFO - Iter 2: Rel Res = 2.7031e+00
2025-12-02 03:20:50,196 - INFO - Iter 3: Rel Res = 2.1213e+00
2025-12-02 03:20:51,352 - INFO - Iter 4: Rel Res = 1.6325e+00
2025-12-02 03:20:52,196 - INFO - Iter 5: Rel Res = 1.2789e+00
2025-12-02 03:20:53,089 - INFO - Iter 6: Rel Res = 1.0023e+00
2025-12-02 03:20:53,962 - INFO - Iter 7: Rel Res = 7.8778e-01
2025-12-02 03:20:55,059 - INFO - Iter 8: Rel Res = 6.1968e-01
2025-12-02 03:20:56,094 - INFO - Iter 9: Rel Res = 4.8787e-01
2025-12-02 03:20:57,042 - INFO - Iter 10: Rel Res = 3.8427e-01
