2026-01-02 01:02:54,767 - INFO - Run Inexact Uzawa: N=256, h=0.00390625, cfg=tau1e-3_eps1e-8_alpha1_nu4_L4
2026-01-02 01:02:54,767 - INFO - --- Solving Inexact Uzawa (N=256) ---
2026-01-02 01:02:54,771 - INFO - Init Residual: 6.5398e+04
2026-01-02 01:02:54,772 - INFO - Inner solver: PCG(MG), inner_iters=1, alpha=1.000000e+00
2026-01-02 01:02:54,961 - INFO - Starting solve with initial alpha=1.000000e+00
2026-01-02 01:04:15,294 - INFO - Iter 10: Rel Res = 1.1093e-08
2026-01-02 01:04:15,552 - INFO - Finished: Iters=11, CPU(s)=80.780185, Error=9.339610e-05
2026-01-02 01:04:15,554 - INFO - Iter 0: Rel Res = 1.000000e+00
2026-01-02 01:04:15,554 - INFO - Iter 1: Rel Res = 3.467962e-01
2026-01-02 01:04:15,554 - INFO - Iter 2: Rel Res = 1.387659e-01
2026-01-02 01:04:15,554 - INFO - Iter 3: Rel Res = 1.585981e-02
2026-01-02 01:04:15,554 - INFO - Iter 4: Rel Res = 7.113553e-03
2026-01-02 01:04:15,554 - INFO - Iter 5: Rel Res = 5.487177e-04
2026-01-02 01:04:15,555 - INFO - Iter 6: Rel Res = 8.612597e-06
2026-01-02 01:04:15,555 - INFO - Iter 7: Rel Res = 3.718473e-06
2026-01-02 01:04:15,556 - INFO - Iter 8: Rel Res = 2.264830e-07
2026-01-02 01:04:15,556 - INFO - Iter 9: Rel Res = 8.372965e-08
2026-01-02 01:04:15,556 - INFO - Iter 10: Rel Res = 1.109343e-08
2026-01-02 01:04:15,556 - INFO - Iter 11: Rel Res = 5.799661e-09
2026-01-02 01:04:15,557 - INFO - Summary: N=256, Iters=11, CPU(s)=80.780185, Error=9.339610e-05, ResidualFile=residuals_inexact_uzawa_tau1e-3_eps1e-8_alpha1_nu4_L4_N256.csv, PCG_Iters=50,50,50,50,29,50,50,50,5,5,1
2026-01-02 06:56:04,412 - INFO - Run Inexact Uzawa: N=256, h=0.00390625, cfg=tau1e-3_eps1e-8_alpha1_nu4_L4
2026-01-02 06:56:04,414 - INFO - --- Solving Inexact Uzawa (N=256) ---
2026-01-02 06:56:04,416 - INFO - Init Residual: 6.5398e+04
2026-01-02 06:56:04,416 - INFO - Inner solver: PCG(Coupled-Vcycle x3), inner_iters=1, alpha=1.000000e+00
2026-01-02 06:56:04,419 - INFO - Starting solve with initial alpha=1.000000e+00
2026-01-02 06:56:04,682 - INFO - Finished: Iters=4, CPU(s)=0.263993, Error=9.340136e-05
2026-01-02 06:56:04,683 - INFO - Iter 0: Rel Res = 1.000000e+00
2026-01-02 06:56:04,683 - INFO - Iter 1: Rel Res = 1.780908e-03
2026-01-02 06:56:04,683 - INFO - Iter 2: Rel Res = 3.679826e-07
2026-01-02 06:56:04,683 - INFO - Iter 3: Rel Res = 1.797923e-07
2026-01-02 06:56:04,684 - INFO - Iter 4: Rel Res = 4.575778e-09
2026-01-02 06:56:04,684 - INFO - Summary: N=256, Iters=4, CPU(s)=0.263993, Error=9.340136e-05, ResidualFile=residuals_inexact_uzawa_tau1e-3_eps1e-8_alpha1_nu4_L4_N256.csv, PCG_Iters=8,2,1,1
