2026-01-02 03:37:06,993 - INFO - Run V-cycle: N=2048, h=0.00048828125, cfg=nu2_L2
2026-01-02 03:37:06,994 - INFO - --- Solving Stokes (DGS-MG) for N=2048 ---
2026-01-02 03:37:07,528 - INFO - Init Residual: 1.4333e+06
2026-01-02 03:37:21,506 - INFO - Iter 1: Rel Res = 3.9738e-01
2026-01-02 03:37:35,093 - INFO - Iter 2: Rel Res = 2.1238e-01
2026-01-02 03:37:48,659 - INFO - Iter 3: Rel Res = 1.2307e-01
2026-01-02 03:38:02,378 - INFO - Iter 4: Rel Res = 7.2680e-02
2026-01-02 03:38:19,509 - INFO - Iter 5: Rel Res = 4.2589e-02
2026-01-02 03:38:34,505 - INFO - Iter 6: Rel Res = 2.5107e-02
2026-01-02 03:38:51,183 - INFO - Iter 7: Rel Res = 1.4790e-02
2026-01-02 03:39:04,661 - INFO - Iter 8: Rel Res = 8.7084e-03
2026-01-02 03:39:18,144 - INFO - Iter 9: Rel Res = 5.1284e-03
2026-01-02 03:39:31,395 - INFO - Iter 10: Rel Res = 3.0220e-03
2026-01-02 03:39:45,626 - INFO - Iter 11: Rel Res = 1.7792e-03
2026-01-02 03:39:59,034 - INFO - Iter 12: Rel Res = 1.0482e-03
2026-01-02 03:40:11,915 - INFO - Iter 13: Rel Res = 6.1753e-04
2026-01-02 03:40:25,852 - INFO - Iter 14: Rel Res = 3.6366e-04
2026-01-02 03:40:38,739 - INFO - Iter 15: Rel Res = 2.1424e-04
2026-01-02 03:40:56,249 - INFO - Iter 16: Rel Res = 1.2622e-04
2026-01-02 03:41:09,348 - INFO - Iter 17: Rel Res = 7.4340e-05
2026-01-02 03:41:22,565 - INFO - Iter 18: Rel Res = 4.3797e-05
2026-01-02 03:41:39,255 - INFO - Iter 19: Rel Res = 2.5803e-05
2026-01-02 03:41:52,853 - INFO - Iter 20: Rel Res = 1.5199e-05
2026-01-02 03:42:07,560 - INFO - Iter 21: Rel Res = 8.9545e-06
2026-01-02 03:42:21,480 - INFO - Iter 22: Rel Res = 5.2757e-06
2026-01-02 03:42:35,172 - INFO - Iter 23: Rel Res = 3.1079e-06
2026-01-02 03:42:48,867 - INFO - Iter 24: Rel Res = 1.8310e-06
2026-01-02 03:43:02,621 - INFO - Iter 25: Rel Res = 1.0788e-06
2026-01-02 03:43:16,566 - INFO - Iter 26: Rel Res = 6.3558e-07
2026-01-02 03:43:29,769 - INFO - Iter 27: Rel Res = 3.7446e-07
2026-01-02 03:43:43,131 - INFO - Iter 28: Rel Res = 2.2062e-07
2026-01-02 03:43:56,119 - INFO - Iter 29: Rel Res = 1.2998e-07
2026-01-02 03:44:09,691 - INFO - Iter 30: Rel Res = 7.6584e-08
2026-01-02 03:44:23,599 - INFO - Iter 31: Rel Res = 4.5122e-08
2026-01-02 03:44:38,233 - INFO - Iter 32: Rel Res = 2.6585e-08
2026-01-02 03:44:51,671 - INFO - Iter 33: Rel Res = 1.5663e-08
2026-01-02 03:45:05,055 - INFO - Iter 34: Rel Res = 9.2287e-09
2026-01-02 03:45:05,463 - INFO - Finished: Iters=34, CPU(s)=478.060946, Error=1.498238e-06
2026-01-02 03:45:05,482 - INFO - Summary: N=2048, V-Cycles=34, CPU(s)=478.060946, Error=1.498238e-06, ResidualFile=residuals_v_cycle_nu2_L2_N2048.csv
2026-01-02 04:22:20,339 - INFO - Run V-cycle: N=2048, h=0.00048828125, cfg=nu2_L2
2026-01-02 04:22:20,339 - INFO - --- Solving Stokes (DGS-MG) for N=2048 ---
2026-01-02 04:22:20,774 - INFO - Init Residual: 1.4333e+06
2026-01-02 04:22:22,321 - INFO - Iter 1: Rel Res = 3.9738e-01
2026-01-02 04:27:44,644 - INFO - Run V-cycle: N=2048, h=0.00048828125, cfg=nu2_L2
2026-01-02 04:27:44,644 - INFO - --- Solving Stokes (DGS-MG) for N=2048 ---
2026-01-02 04:27:45,028 - INFO - Init Residual: 1.4333e+06
2026-01-02 04:27:46,454 - INFO - Iter 1: Rel Res = 3.9738e-01
2026-01-02 04:30:52,419 - INFO - Run V-cycle: N=2048, h=0.00048828125, cfg=nu2_L2
2026-01-02 04:30:52,419 - INFO - --- Solving Stokes (DGS-MG) for N=2048 ---
2026-01-02 04:30:52,796 - INFO - Init Residual: 1.4333e+06
2026-01-02 04:30:54,418 - INFO - Iter 1: Rel Res = 3.9738e-01
2026-01-02 04:30:55,780 - INFO - Iter 2: Rel Res = 2.1238e-01
2026-01-02 04:30:57,164 - INFO - Iter 3: Rel Res = 1.2307e-01
2026-01-02 04:30:58,650 - INFO - Iter 4: Rel Res = 7.2680e-02
2026-01-02 04:31:00,021 - INFO - Iter 5: Rel Res = 4.2589e-02
2026-01-02 04:31:01,374 - INFO - Iter 6: Rel Res = 2.5107e-02
2026-01-02 04:31:02,799 - INFO - Iter 7: Rel Res = 1.4790e-02
2026-01-02 04:31:04,190 - INFO - Iter 8: Rel Res = 8.7084e-03
2026-01-02 04:31:05,562 - INFO - Iter 9: Rel Res = 5.1284e-03
2026-01-02 04:31:06,946 - INFO - Iter 10: Rel Res = 3.0220e-03
2026-01-02 04:31:08,301 - INFO - Iter 11: Rel Res = 1.7792e-03
2026-01-02 04:31:09,695 - INFO - Iter 12: Rel Res = 1.0482e-03
2026-01-02 04:31:11,151 - INFO - Iter 13: Rel Res = 6.1753e-04
2026-01-02 04:31:12,599 - INFO - Iter 14: Rel Res = 3.6366e-04
2026-01-02 04:31:14,047 - INFO - Iter 15: Rel Res = 2.1424e-04
2026-01-02 04:31:15,499 - INFO - Iter 16: Rel Res = 1.2622e-04
2026-01-02 04:31:16,920 - INFO - Iter 17: Rel Res = 7.4340e-05
2026-01-02 04:31:18,296 - INFO - Iter 18: Rel Res = 4.3797e-05
2026-01-02 04:31:19,768 - INFO - Iter 19: Rel Res = 2.5803e-05
2026-01-02 04:31:21,297 - INFO - Iter 20: Rel Res = 1.5199e-05
2026-01-02 04:31:22,833 - INFO - Iter 21: Rel Res = 8.9545e-06
2026-01-02 04:31:24,396 - INFO - Iter 22: Rel Res = 5.2757e-06
2026-01-02 04:31:25,813 - INFO - Iter 23: Rel Res = 3.1079e-06
2026-01-02 04:31:27,357 - INFO - Iter 24: Rel Res = 1.8310e-06
2026-01-02 04:31:28,963 - INFO - Iter 25: Rel Res = 1.0788e-06
2026-01-02 04:31:30,443 - INFO - Iter 26: Rel Res = 6.3558e-07
2026-01-02 04:31:31,845 - INFO - Iter 27: Rel Res = 3.7446e-07
2026-01-02 04:31:33,313 - INFO - Iter 28: Rel Res = 2.2062e-07
2026-01-02 04:31:34,791 - INFO - Iter 29: Rel Res = 1.2998e-07
2026-01-02 04:31:36,273 - INFO - Iter 30: Rel Res = 7.6584e-08
2026-01-02 04:31:37,806 - INFO - Iter 31: Rel Res = 4.5122e-08
2026-01-02 04:31:39,283 - INFO - Iter 32: Rel Res = 2.6585e-08
2026-01-02 04:31:40,776 - INFO - Iter 33: Rel Res = 1.5663e-08
2026-01-02 04:31:42,268 - INFO - Iter 34: Rel Res = 9.2287e-09
2026-01-02 04:31:42,662 - INFO - Finished: Iters=34, CPU(s)=49.848678, Error=1.498238e-06
2026-01-02 04:31:42,665 - INFO - Summary: N=2048, V-Cycles=34, CPU(s)=49.848678, Error=1.498238e-06, ResidualFile=residuals_v_cycle_nu2_L2_N2048.csv
