2025-11-24 01:39:43,604 - INFO - Run Uzawa: N=128, h=0.0078125
2025-11-24 01:39:43,604 - INFO - --- Solving N=128 ---
2025-11-24 01:39:49,655 - INFO - Iter 10: Rel Res = 1.5331e-05
2025-11-24 01:39:55,638 - INFO - Iter 20: Rel Res = 8.4850e-07
2025-11-24 01:39:59,786 - INFO - Iter 30: Rel Res = 4.8582e-08
2025-11-24 01:40:01,957 - INFO - Finished: Iters=36, CPU(s)=18.347518, Error=2.205082e-02
2025-11-24 01:40:01,958 - INFO - Iter 0: Rel Res = 1.000000e+00
2025-11-24 01:40:01,958 - INFO - Iter 1: Rel Res = 8.897589e-04
2025-11-24 01:40:01,958 - INFO - Iter 2: Rel Res = 3.420861e-04
2025-11-24 01:40:01,958 - INFO - Iter 3: Rel Res = 1.791280e-04
2025-11-24 01:40:01,971 - INFO - Iter 4: Rel Res = 1.109949e-04
2025-11-24 01:40:01,972 - INFO - Iter 5: Rel Res = 7.511278e-05
2025-11-24 01:40:01,972 - INFO - Iter 6: Rel Res = 5.306303e-05
2025-11-24 01:40:01,972 - INFO - Iter 7: Rel Res = 3.832914e-05
2025-11-24 01:40:01,972 - INFO - Iter 8: Rel Res = 2.804132e-05
2025-11-24 01:40:01,972 - INFO - Iter 9: Rel Res = 2.067924e-05
2025-11-24 01:40:01,972 - INFO - Iter 10: Rel Res = 1.533137e-05
2025-11-24 01:40:01,972 - INFO - Iter 11: Rel Res = 1.140842e-05
2025-11-24 01:40:01,972 - INFO - Iter 12: Rel Res = 8.511373e-06
2025-11-24 01:40:01,972 - INFO - Iter 13: Rel Res = 6.361833e-06
2025-11-24 01:40:01,972 - INFO - Iter 14: Rel Res = 4.761558e-06
2025-11-24 01:40:01,972 - INFO - Iter 15: Rel Res = 3.567311e-06
2025-11-24 01:40:01,972 - INFO - Iter 16: Rel Res = 2.674512e-06
2025-11-24 01:40:01,972 - INFO - Iter 17: Rel Res = 2.006219e-06
2025-11-24 01:40:01,972 - INFO - Iter 18: Rel Res = 1.505511e-06
2025-11-24 01:40:01,972 - INFO - Iter 19: Rel Res = 1.130105e-06
2025-11-24 01:40:01,972 - INFO - Iter 20: Rel Res = 8.485011e-07
2025-11-24 01:40:01,972 - INFO - Iter 21: Rel Res = 6.371803e-07
2025-11-24 01:40:01,972 - INFO - Iter 22: Rel Res = 4.785555e-07
2025-11-24 01:40:01,972 - INFO - Iter 23: Rel Res = 3.594597e-07
2025-11-24 01:40:01,972 - INFO - Iter 24: Rel Res = 2.700269e-07
2025-11-24 01:40:01,972 - INFO - Iter 25: Rel Res = 2.028598e-07
2025-11-24 01:40:01,972 - INFO - Iter 26: Rel Res = 1.524095e-07
2025-11-24 01:40:01,973 - INFO - Iter 27: Rel Res = 1.145120e-07
2025-11-24 01:40:01,973 - INFO - Iter 28: Rel Res = 8.604191e-08
2025-11-24 01:40:01,973 - INFO - Iter 29: Rel Res = 6.465270e-08
2025-11-24 01:40:01,973 - INFO - Iter 30: Rel Res = 4.858238e-08
2025-11-24 01:40:01,973 - INFO - Iter 31: Rel Res = 3.650773e-08
2025-11-24 01:40:01,973 - INFO - Iter 32: Rel Res = 2.743490e-08
2025-11-24 01:40:01,973 - INFO - Iter 33: Rel Res = 2.061738e-08
2025-11-24 01:40:01,973 - INFO - Iter 34: Rel Res = 1.549436e-08
2025-11-24 01:40:01,973 - INFO - Iter 35: Rel Res = 1.164457e-08
2025-11-24 01:40:01,973 - INFO - Iter 36: Rel Res = 8.751492e-09
2025-11-24 01:40:01,973 - INFO - Summary: N=128, Iters=36, CPU(s)=18.347518, Error=2.205082e-02, ResidualFile=residuals_uzawa_N128.csv
2025-11-24 01:40:02,957 - INFO - Run Uzawa: N=128, h=0.0078125
2025-11-24 01:40:02,958 - INFO - --- Solving N=128 ---
2025-11-24 01:40:09,193 - INFO - Iter 10: Rel Res = 1.5331e-05
2025-11-24 01:40:13,373 - INFO - Iter 20: Rel Res = 8.4850e-07
2025-11-24 01:40:17,502 - INFO - Run Uzawa: N=128, h=0.0078125
2025-11-24 01:40:17,502 - INFO - --- Solving N=128 ---
2025-11-24 01:40:22,390 - INFO - Iter 10: Rel Res = 1.5331e-05
2025-11-24 01:40:26,233 - INFO - Iter 20: Rel Res = 8.4850e-07
2025-11-24 01:40:29,211 - INFO - Iter 30: Rel Res = 4.8582e-08
2025-11-24 01:40:30,781 - INFO - Finished: Iters=36, CPU(s)=13.277309, Error=2.205082e-02
2025-11-24 01:40:30,781 - INFO - Iter 0: Rel Res = 1.000000e+00
2025-11-24 01:40:30,782 - INFO - Iter 1: Rel Res = 8.897589e-04
2025-11-24 01:40:30,782 - INFO - Iter 2: Rel Res = 3.420861e-04
2025-11-24 01:40:30,782 - INFO - Iter 3: Rel Res = 1.791280e-04
2025-11-24 01:40:30,782 - INFO - Iter 4: Rel Res = 1.109949e-04
2025-11-24 01:40:30,782 - INFO - Iter 5: Rel Res = 7.511278e-05
2025-11-24 01:40:30,782 - INFO - Iter 6: Rel Res = 5.306303e-05
2025-11-24 01:40:30,782 - INFO - Iter 7: Rel Res = 3.832914e-05
2025-11-24 01:40:30,782 - INFO - Iter 8: Rel Res = 2.804132e-05
2025-11-24 01:40:30,782 - INFO - Iter 9: Rel Res = 2.067924e-05
2025-11-24 01:40:30,782 - INFO - Iter 10: Rel Res = 1.533137e-05
2025-11-24 01:40:30,782 - INFO - Iter 11: Rel Res = 1.140842e-05
2025-11-24 01:40:30,782 - INFO - Iter 12: Rel Res = 8.511373e-06
2025-11-24 01:40:30,782 - INFO - Iter 13: Rel Res = 6.361833e-06
2025-11-24 01:40:30,782 - INFO - Iter 14: Rel Res = 4.761558e-06
2025-11-24 01:40:30,782 - INFO - Iter 15: Rel Res = 3.567311e-06
2025-11-24 01:40:30,782 - INFO - Iter 16: Rel Res = 2.674512e-06
2025-11-24 01:40:30,782 - INFO - Iter 17: Rel Res = 2.006219e-06
2025-11-24 01:40:30,782 - INFO - Iter 18: Rel Res = 1.505511e-06
2025-11-24 01:40:30,782 - INFO - Iter 19: Rel Res = 1.130105e-06
2025-11-24 01:40:30,782 - INFO - Iter 20: Rel Res = 8.485011e-07
2025-11-24 01:40:30,782 - INFO - Iter 21: Rel Res = 6.371803e-07
2025-11-24 01:40:30,782 - INFO - Iter 22: Rel Res = 4.785555e-07
2025-11-24 01:40:30,782 - INFO - Iter 23: Rel Res = 3.594597e-07
2025-11-24 01:40:30,782 - INFO - Iter 24: Rel Res = 2.700269e-07
2025-11-24 01:40:30,782 - INFO - Iter 25: Rel Res = 2.028598e-07
2025-11-24 01:40:30,782 - INFO - Iter 26: Rel Res = 1.524095e-07
2025-11-24 01:40:30,782 - INFO - Iter 27: Rel Res = 1.145120e-07
2025-11-24 01:40:30,783 - INFO - Iter 28: Rel Res = 8.604191e-08
2025-11-24 01:40:30,783 - INFO - Iter 29: Rel Res = 6.465270e-08
2025-11-24 01:40:30,783 - INFO - Iter 30: Rel Res = 4.858238e-08
2025-11-24 01:40:30,783 - INFO - Iter 31: Rel Res = 3.650773e-08
2025-11-24 01:40:30,783 - INFO - Iter 32: Rel Res = 2.743490e-08
2025-11-24 01:40:30,783 - INFO - Iter 33: Rel Res = 2.061738e-08
2025-11-24 01:40:30,783 - INFO - Iter 34: Rel Res = 1.549436e-08
2025-11-24 01:40:30,783 - INFO - Iter 35: Rel Res = 1.164457e-08
2025-11-24 01:40:30,783 - INFO - Iter 36: Rel Res = 8.751492e-09
2025-11-24 01:40:30,783 - INFO - Summary: N=128, Iters=36, CPU(s)=13.277309, Error=2.205082e-02, ResidualFile=residuals_uzawa_N128.csv
