2025-11-24 01:40:31,287 - INFO - Run Inexact Uzawa: N=64, h=0.015625
2025-11-24 01:40:31,287 - INFO - --- Solving Inexact Uzawa (N=64) ---
2025-11-24 01:40:31,287 - INFO - Init Residual: 4.3649e+03
2025-11-24 01:40:31,355 - INFO - Iter 10: Rel Res = 1.3145e+00
2025-11-24 01:40:31,419 - INFO - Iter 20: Rel Res = 1.3130e+00
2025-11-24 01:40:31,481 - INFO - Iter 30: Rel Res = 1.3115e+00
2025-11-24 01:40:31,547 - INFO - Iter 40: Rel Res = 1.3100e+00
2025-11-24 01:40:31,607 - INFO - Iter 50: Rel Res = 1.3084e+00
2025-11-24 01:40:31,674 - INFO - Iter 60: Rel Res = 1.3067e+00
2025-11-24 01:40:31,755 - INFO - Iter 70: Rel Res = 1.3050e+00
2025-11-24 01:40:31,837 - INFO - Iter 80: Rel Res = 1.3033e+00
2025-11-24 01:40:31,955 - INFO - Iter 90: Rel Res = 1.3015e+00
2025-11-24 01:40:32,067 - INFO - Iter 100: Rel Res = 1.2997e+00
2025-11-24 01:40:32,193 - INFO - Iter 110: Rel Res = 1.2978e+00
2025-11-24 01:40:32,314 - INFO - Iter 120: Rel Res = 1.2959e+00
2025-11-24 01:40:32,441 - INFO - Iter 130: Rel Res = 1.2939e+00
2025-11-24 01:40:32,565 - INFO - Iter 140: Rel Res = 1.2918e+00
2025-11-24 01:40:32,664 - INFO - Iter 150: Rel Res = 1.2897e+00
2025-11-24 01:40:32,754 - INFO - Iter 160: Rel Res = 1.2876e+00
2025-11-24 01:40:32,840 - INFO - Iter 170: Rel Res = 1.2853e+00
2025-11-24 01:40:32,965 - INFO - Iter 180: Rel Res = 1.2830e+00
2025-11-24 01:40:33,033 - INFO - Iter 190: Rel Res = 1.2807e+00
2025-11-24 01:40:33,102 - INFO - Iter 200: Rel Res = 1.2783e+00
2025-11-24 01:40:33,103 - INFO - Finished: Iters=200, CPU(s)=1.814820, Error=7.577181e-02
2025-11-24 01:40:33,103 - INFO - Iter 0: Rel Res = 1.000000e+00
2025-11-24 01:40:33,103 - INFO - Iter 1: Rel Res = 1.249402e+00
2025-11-24 01:40:33,103 - INFO - Iter 2: Rel Res = 1.312037e+00
2025-11-24 01:40:33,103 - INFO - Iter 3: Rel Res = 1.315314e+00
2025-11-24 01:40:33,103 - INFO - Iter 4: Rel Res = 1.315352e+00
2025-11-24 01:40:33,103 - INFO - Iter 5: Rel Res = 1.315219e+00
2025-11-24 01:40:33,103 - INFO - Iter 6: Rel Res = 1.315077e+00
2025-11-24 01:40:33,103 - INFO - Iter 7: Rel Res = 1.314933e+00
2025-11-24 01:40:33,103 - INFO - Iter 8: Rel Res = 1.314790e+00
2025-11-24 01:40:33,103 - INFO - Iter 9: Rel Res = 1.314645e+00
2025-11-24 01:40:33,103 - INFO - Iter 10: Rel Res = 1.314501e+00
2025-11-24 01:40:33,103 - INFO - Iter 11: Rel Res = 1.314356e+00
2025-11-24 01:40:33,103 - INFO - Iter 12: Rel Res = 1.314210e+00
2025-11-24 01:40:33,103 - INFO - Iter 13: Rel Res = 1.314064e+00
2025-11-24 01:40:33,103 - INFO - Iter 14: Rel Res = 1.313918e+00
2025-11-24 01:40:33,104 - INFO - Iter 15: Rel Res = 1.313771e+00
2025-11-24 01:40:33,104 - INFO - Iter 16: Rel Res = 1.313624e+00
2025-11-24 01:40:33,104 - INFO - Iter 17: Rel Res = 1.313477e+00
2025-11-24 01:40:33,104 - INFO - Iter 18: Rel Res = 1.313329e+00
2025-11-24 01:40:33,104 - INFO - Iter 19: Rel Res = 1.313181e+00
2025-11-24 01:40:33,104 - INFO - Iter 20: Rel Res = 1.313032e+00
2025-11-24 01:40:33,104 - INFO - Iter 21: Rel Res = 1.312883e+00
2025-11-24 01:40:33,104 - INFO - Iter 22: Rel Res = 1.312734e+00
2025-11-24 01:40:33,104 - INFO - Iter 23: Rel Res = 1.312584e+00
2025-11-24 01:40:33,104 - INFO - Iter 24: Rel Res = 1.312433e+00
2025-11-24 01:40:33,104 - INFO - Iter 25: Rel Res = 1.312282e+00
2025-11-24 01:40:33,104 - INFO - Iter 26: Rel Res = 1.312131e+00
2025-11-24 01:40:33,104 - INFO - Iter 27: Rel Res = 1.311980e+00
2025-11-24 01:40:33,104 - INFO - Iter 28: Rel Res = 1.311828e+00
2025-11-24 01:40:33,104 - INFO - Iter 29: Rel Res = 1.311675e+00
2025-11-24 01:40:33,104 - INFO - Iter 30: Rel Res = 1.311522e+00
2025-11-24 01:40:33,104 - INFO - Iter 31: Rel Res = 1.311369e+00
2025-11-24 01:40:33,104 - INFO - Iter 32: Rel Res = 1.311215e+00
2025-11-24 01:40:33,104 - INFO - Iter 33: Rel Res = 1.311061e+00
2025-11-24 01:40:33,104 - INFO - Iter 34: Rel Res = 1.310907e+00
2025-11-24 01:40:33,104 - INFO - Iter 35: Rel Res = 1.310752e+00
2025-11-24 01:40:33,104 - INFO - Iter 36: Rel Res = 1.310596e+00
2025-11-24 01:40:33,104 - INFO - Iter 37: Rel Res = 1.310440e+00
2025-11-24 01:40:33,104 - INFO - Iter 38: Rel Res = 1.310284e+00
2025-11-24 01:40:33,104 - INFO - Iter 39: Rel Res = 1.310127e+00
2025-11-24 01:40:33,104 - INFO - Iter 40: Rel Res = 1.309970e+00
2025-11-24 01:40:33,104 - INFO - Iter 41: Rel Res = 1.309813e+00
2025-11-24 01:40:33,104 - INFO - Iter 42: Rel Res = 1.309655e+00
2025-11-24 01:40:33,104 - INFO - Iter 43: Rel Res = 1.309496e+00
2025-11-24 01:40:33,104 - INFO - Iter 44: Rel Res = 1.309337e+00
2025-11-24 01:40:33,104 - INFO - Iter 45: Rel Res = 1.309178e+00
2025-11-24 01:40:33,104 - INFO - Iter 46: Rel Res = 1.309018e+00
2025-11-24 01:40:33,104 - INFO - Iter 47: Rel Res = 1.308858e+00
2025-11-24 01:40:33,104 - INFO - Iter 48: Rel Res = 1.308697e+00
2025-11-24 01:40:33,104 - INFO - Iter 49: Rel Res = 1.308536e+00
2025-11-24 01:40:33,104 - INFO - Iter 50: Rel Res = 1.308374e+00
2025-11-24 01:40:33,105 - INFO - Iter 51: Rel Res = 1.308212e+00
2025-11-24 01:40:33,105 - INFO - Iter 52: Rel Res = 1.308050e+00
2025-11-24 01:40:33,105 - INFO - Iter 53: Rel Res = 1.307887e+00
2025-11-24 01:40:33,105 - INFO - Iter 54: Rel Res = 1.307724e+00
2025-11-24 01:40:33,105 - INFO - Iter 55: Rel Res = 1.307560e+00
2025-11-24 01:40:33,105 - INFO - Iter 56: Rel Res = 1.307396e+00
2025-11-24 01:40:33,105 - INFO - Iter 57: Rel Res = 1.307231e+00
2025-11-24 01:40:33,105 - INFO - Iter 58: Rel Res = 1.307066e+00
2025-11-24 01:40:33,105 - INFO - Iter 59: Rel Res = 1.306900e+00
2025-11-24 01:40:33,105 - INFO - Iter 60: Rel Res = 1.306734e+00
2025-11-24 01:40:33,105 - INFO - Iter 61: Rel Res = 1.306567e+00
2025-11-24 01:40:33,105 - INFO - Iter 62: Rel Res = 1.306400e+00
2025-11-24 01:40:33,105 - INFO - Iter 63: Rel Res = 1.306233e+00
2025-11-24 01:40:33,105 - INFO - Iter 64: Rel Res = 1.306065e+00
2025-11-24 01:40:33,105 - INFO - Iter 65: Rel Res = 1.305896e+00
2025-11-24 01:40:33,105 - INFO - Iter 66: Rel Res = 1.305727e+00
2025-11-24 01:40:33,105 - INFO - Iter 67: Rel Res = 1.305558e+00
2025-11-24 01:40:33,105 - INFO - Iter 68: Rel Res = 1.305388e+00
2025-11-24 01:40:33,105 - INFO - Iter 69: Rel Res = 1.305218e+00
2025-11-24 01:40:33,105 - INFO - Iter 70: Rel Res = 1.305047e+00
2025-11-24 01:40:33,105 - INFO - Iter 71: Rel Res = 1.304876e+00
2025-11-24 01:40:33,105 - INFO - Iter 72: Rel Res = 1.304704e+00
2025-11-24 01:40:33,105 - INFO - Iter 73: Rel Res = 1.304532e+00
2025-11-24 01:40:33,105 - INFO - Iter 74: Rel Res = 1.304359e+00
2025-11-24 01:40:33,105 - INFO - Iter 75: Rel Res = 1.304186e+00
2025-11-24 01:40:33,105 - INFO - Iter 76: Rel Res = 1.304012e+00
2025-11-24 01:40:33,105 - INFO - Iter 77: Rel Res = 1.303838e+00
2025-11-24 01:40:33,105 - INFO - Iter 78: Rel Res = 1.303663e+00
2025-11-24 01:40:33,105 - INFO - Iter 79: Rel Res = 1.303488e+00
2025-11-24 01:40:33,105 - INFO - Iter 80: Rel Res = 1.303313e+00
2025-11-24 01:40:33,105 - INFO - Iter 81: Rel Res = 1.303137e+00
2025-11-24 01:40:33,105 - INFO - Iter 82: Rel Res = 1.302960e+00
2025-11-24 01:40:33,105 - INFO - Iter 83: Rel Res = 1.302783e+00
2025-11-24 01:40:33,105 - INFO - Iter 84: Rel Res = 1.302605e+00
2025-11-24 01:40:33,105 - INFO - Iter 85: Rel Res = 1.302427e+00
2025-11-24 01:40:33,105 - INFO - Iter 86: Rel Res = 1.302249e+00
2025-11-24 01:40:33,105 - INFO - Iter 87: Rel Res = 1.302070e+00
2025-11-24 01:40:33,105 - INFO - Iter 88: Rel Res = 1.301890e+00
2025-11-24 01:40:33,105 - INFO - Iter 89: Rel Res = 1.301710e+00
2025-11-24 01:40:33,105 - INFO - Iter 90: Rel Res = 1.301530e+00
2025-11-24 01:40:33,106 - INFO - Iter 91: Rel Res = 1.301349e+00
2025-11-24 01:40:33,106 - INFO - Iter 92: Rel Res = 1.301167e+00
2025-11-24 01:40:33,106 - INFO - Iter 93: Rel Res = 1.300985e+00
2025-11-24 01:40:33,106 - INFO - Iter 94: Rel Res = 1.300803e+00
2025-11-24 01:40:33,106 - INFO - Iter 95: Rel Res = 1.300619e+00
2025-11-24 01:40:33,106 - INFO - Iter 96: Rel Res = 1.300436e+00
2025-11-24 01:40:33,106 - INFO - Iter 97: Rel Res = 1.300252e+00
2025-11-24 01:40:33,106 - INFO - Iter 98: Rel Res = 1.300067e+00
2025-11-24 01:40:33,106 - INFO - Iter 99: Rel Res = 1.299882e+00
2025-11-24 01:40:33,106 - INFO - Iter 100: Rel Res = 1.299697e+00
2025-11-24 01:40:33,106 - INFO - Iter 101: Rel Res = 1.299510e+00
2025-11-24 01:40:33,106 - INFO - Iter 102: Rel Res = 1.299324e+00
2025-11-24 01:40:33,106 - INFO - Iter 103: Rel Res = 1.299137e+00
2025-11-24 01:40:33,106 - INFO - Iter 104: Rel Res = 1.298949e+00
2025-11-24 01:40:33,106 - INFO - Iter 105: Rel Res = 1.298761e+00
2025-11-24 01:40:33,106 - INFO - Iter 106: Rel Res = 1.298572e+00
2025-11-24 01:40:33,106 - INFO - Iter 107: Rel Res = 1.298383e+00
2025-11-24 01:40:33,106 - INFO - Iter 108: Rel Res = 1.298193e+00
2025-11-24 01:40:33,106 - INFO - Iter 109: Rel Res = 1.298003e+00
2025-11-24 01:40:33,106 - INFO - Iter 110: Rel Res = 1.297812e+00
2025-11-24 01:40:33,106 - INFO - Iter 111: Rel Res = 1.297620e+00
2025-11-24 01:40:33,106 - INFO - Iter 112: Rel Res = 1.297428e+00
2025-11-24 01:40:33,106 - INFO - Iter 113: Rel Res = 1.297236e+00
2025-11-24 01:40:33,106 - INFO - Iter 114: Rel Res = 1.297043e+00
2025-11-24 01:40:33,106 - INFO - Iter 115: Rel Res = 1.296850e+00
2025-11-24 01:40:33,106 - INFO - Iter 116: Rel Res = 1.296656e+00
2025-11-24 01:40:33,106 - INFO - Iter 117: Rel Res = 1.296461e+00
2025-11-24 01:40:33,106 - INFO - Iter 118: Rel Res = 1.296266e+00
2025-11-24 01:40:33,106 - INFO - Iter 119: Rel Res = 1.296070e+00
2025-11-24 01:40:33,106 - INFO - Iter 120: Rel Res = 1.295874e+00
2025-11-24 01:40:33,106 - INFO - Iter 121: Rel Res = 1.295677e+00
2025-11-24 01:40:33,106 - INFO - Iter 122: Rel Res = 1.295480e+00
2025-11-24 01:40:33,106 - INFO - Iter 123: Rel Res = 1.295282e+00
2025-11-24 01:40:33,106 - INFO - Iter 124: Rel Res = 1.295084e+00
2025-11-24 01:40:33,106 - INFO - Iter 125: Rel Res = 1.294885e+00
2025-11-24 01:40:33,106 - INFO - Iter 126: Rel Res = 1.294685e+00
2025-11-24 01:40:33,106 - INFO - Iter 127: Rel Res = 1.294485e+00
2025-11-24 01:40:33,107 - INFO - Iter 128: Rel Res = 1.294285e+00
2025-11-24 01:40:33,107 - INFO - Iter 129: Rel Res = 1.294083e+00
2025-11-24 01:40:33,107 - INFO - Iter 130: Rel Res = 1.293882e+00
2025-11-24 01:40:33,107 - INFO - Iter 131: Rel Res = 1.293679e+00
2025-11-24 01:40:33,107 - INFO - Iter 132: Rel Res = 1.293477e+00
2025-11-24 01:40:33,107 - INFO - Iter 133: Rel Res = 1.293273e+00
2025-11-24 01:40:33,107 - INFO - Iter 134: Rel Res = 1.293069e+00
2025-11-24 01:40:33,107 - INFO - Iter 135: Rel Res = 1.292865e+00
2025-11-24 01:40:33,107 - INFO - Iter 136: Rel Res = 1.292660e+00
2025-11-24 01:40:33,107 - INFO - Iter 137: Rel Res = 1.292454e+00
2025-11-24 01:40:33,107 - INFO - Iter 138: Rel Res = 1.292248e+00
2025-11-24 01:40:33,107 - INFO - Iter 139: Rel Res = 1.292041e+00
2025-11-24 01:40:33,107 - INFO - Iter 140: Rel Res = 1.291833e+00
2025-11-24 01:40:33,107 - INFO - Iter 141: Rel Res = 1.291625e+00
2025-11-24 01:40:33,107 - INFO - Iter 142: Rel Res = 1.291417e+00
2025-11-24 01:40:33,107 - INFO - Iter 143: Rel Res = 1.291208e+00
2025-11-24 01:40:33,107 - INFO - Iter 144: Rel Res = 1.290998e+00
2025-11-24 01:40:33,107 - INFO - Iter 145: Rel Res = 1.290788e+00
2025-11-24 01:40:33,107 - INFO - Iter 146: Rel Res = 1.290577e+00
2025-11-24 01:40:33,107 - INFO - Iter 147: Rel Res = 1.290365e+00
2025-11-24 01:40:33,107 - INFO - Iter 148: Rel Res = 1.290153e+00
2025-11-24 01:40:33,107 - INFO - Iter 149: Rel Res = 1.289941e+00
2025-11-24 01:40:33,107 - INFO - Iter 150: Rel Res = 1.289728e+00
2025-11-24 01:40:33,107 - INFO - Iter 151: Rel Res = 1.289514e+00
2025-11-24 01:40:33,107 - INFO - Iter 152: Rel Res = 1.289299e+00
2025-11-24 01:40:33,107 - INFO - Iter 153: Rel Res = 1.289084e+00
2025-11-24 01:40:33,107 - INFO - Iter 154: Rel Res = 1.288869e+00
2025-11-24 01:40:33,107 - INFO - Iter 155: Rel Res = 1.288653e+00
2025-11-24 01:40:33,107 - INFO - Iter 156: Rel Res = 1.288436e+00
2025-11-24 01:40:33,107 - INFO - Iter 157: Rel Res = 1.288218e+00
2025-11-24 01:40:33,107 - INFO - Iter 158: Rel Res = 1.288000e+00
2025-11-24 01:40:33,107 - INFO - Iter 159: Rel Res = 1.287782e+00
2025-11-24 01:40:33,107 - INFO - Iter 160: Rel Res = 1.287563e+00
2025-11-24 01:40:33,107 - INFO - Iter 161: Rel Res = 1.287343e+00
2025-11-24 01:40:33,107 - INFO - Iter 162: Rel Res = 1.287122e+00
2025-11-24 01:40:33,107 - INFO - Iter 163: Rel Res = 1.286901e+00
2025-11-24 01:40:33,107 - INFO - Iter 164: Rel Res = 1.286680e+00
2025-11-24 01:40:33,107 - INFO - Iter 165: Rel Res = 1.286458e+00
2025-11-24 01:40:33,107 - INFO - Iter 166: Rel Res = 1.286235e+00
2025-11-24 01:40:33,107 - INFO - Iter 167: Rel Res = 1.286011e+00
2025-11-24 01:40:33,107 - INFO - Iter 168: Rel Res = 1.285787e+00
2025-11-24 01:40:33,107 - INFO - Iter 169: Rel Res = 1.285562e+00
2025-11-24 01:40:33,107 - INFO - Iter 170: Rel Res = 1.285337e+00
2025-11-24 01:40:33,107 - INFO - Iter 171: Rel Res = 1.285111e+00
2025-11-24 01:40:33,108 - INFO - Iter 172: Rel Res = 1.284885e+00
2025-11-24 01:40:33,108 - INFO - Iter 173: Rel Res = 1.284657e+00
2025-11-24 01:40:33,108 - INFO - Iter 174: Rel Res = 1.284429e+00
2025-11-24 01:40:33,108 - INFO - Iter 175: Rel Res = 1.284201e+00
2025-11-24 01:40:33,108 - INFO - Iter 176: Rel Res = 1.283972e+00
2025-11-24 01:40:33,108 - INFO - Iter 177: Rel Res = 1.283742e+00
2025-11-24 01:40:33,108 - INFO - Iter 178: Rel Res = 1.283512e+00
2025-11-24 01:40:33,108 - INFO - Iter 179: Rel Res = 1.283281e+00
2025-11-24 01:40:33,108 - INFO - Iter 180: Rel Res = 1.283049e+00
2025-11-24 01:40:33,108 - INFO - Iter 181: Rel Res = 1.282817e+00
2025-11-24 01:40:33,108 - INFO - Iter 182: Rel Res = 1.282584e+00
2025-11-24 01:40:33,108 - INFO - Iter 183: Rel Res = 1.282350e+00
2025-11-24 01:40:33,108 - INFO - Iter 184: Rel Res = 1.282116e+00
2025-11-24 01:40:33,108 - INFO - Iter 185: Rel Res = 1.281881e+00
2025-11-24 01:40:33,108 - INFO - Iter 186: Rel Res = 1.281646e+00
2025-11-24 01:40:33,108 - INFO - Iter 187: Rel Res = 1.281410e+00
2025-11-24 01:40:33,108 - INFO - Iter 188: Rel Res = 1.281173e+00
2025-11-24 01:40:33,108 - INFO - Iter 189: Rel Res = 1.280935e+00
2025-11-24 01:40:33,108 - INFO - Iter 190: Rel Res = 1.280697e+00
2025-11-24 01:40:33,108 - INFO - Iter 191: Rel Res = 1.280459e+00
2025-11-24 01:40:33,108 - INFO - Iter 192: Rel Res = 1.280219e+00
2025-11-24 01:40:33,108 - INFO - Iter 193: Rel Res = 1.279979e+00
2025-11-24 01:40:33,108 - INFO - Iter 194: Rel Res = 1.279738e+00
2025-11-24 01:40:33,108 - INFO - Iter 195: Rel Res = 1.279497e+00
2025-11-24 01:40:33,108 - INFO - Iter 196: Rel Res = 1.279255e+00
2025-11-24 01:40:33,108 - INFO - Iter 197: Rel Res = 1.279012e+00
2025-11-24 01:40:33,108 - INFO - Iter 198: Rel Res = 1.278769e+00
2025-11-24 01:40:33,108 - INFO - Iter 199: Rel Res = 1.278525e+00
2025-11-24 01:40:33,108 - INFO - Iter 200: Rel Res = 1.278280e+00
2025-11-24 01:40:33,109 - INFO - Summary: N=64, Iters=200, CPU(s)=1.814820, Error=7.577181e-02, ResidualFile=residuals_inexact_uzawa_N64.csv
2025-11-24 01:40:34,952 - INFO - Run Inexact Uzawa: N=64, h=0.015625
2025-11-24 01:40:34,952 - INFO - --- Solving Inexact Uzawa (N=64) ---
2025-11-24 01:40:34,953 - INFO - Init Residual: 4.3649e+03
2025-11-24 01:40:35,066 - INFO - Iter 10: Rel Res = 1.3145e+00
2025-11-24 01:40:35,189 - INFO - Iter 20: Rel Res = 1.3130e+00
2025-11-24 01:40:35,311 - INFO - Iter 30: Rel Res = 1.3115e+00
2025-11-24 01:40:35,390 - INFO - Iter 40: Rel Res = 1.3100e+00
2025-11-24 01:40:35,482 - INFO - Iter 50: Rel Res = 1.3084e+00
2025-11-24 01:40:35,588 - INFO - Iter 60: Rel Res = 1.3067e+00
2025-11-24 01:40:35,679 - INFO - Iter 70: Rel Res = 1.3050e+00
2025-11-24 01:40:35,774 - INFO - Iter 80: Rel Res = 1.3033e+00
2025-11-24 01:40:35,837 - INFO - Iter 90: Rel Res = 1.3015e+00
2025-11-24 01:40:35,908 - INFO - Iter 100: Rel Res = 1.2997e+00
2025-11-24 01:40:35,969 - INFO - Iter 110: Rel Res = 1.2978e+00
2025-11-24 01:40:36,040 - INFO - Iter 120: Rel Res = 1.2959e+00
2025-11-24 01:40:36,113 - INFO - Iter 130: Rel Res = 1.2939e+00
2025-11-24 01:40:36,194 - INFO - Iter 140: Rel Res = 1.2918e+00
2025-11-24 01:40:36,259 - INFO - Iter 150: Rel Res = 1.2897e+00
2025-11-24 01:40:36,325 - INFO - Iter 160: Rel Res = 1.2876e+00
2025-11-24 01:40:36,388 - INFO - Iter 170: Rel Res = 1.2853e+00
2025-11-24 01:40:36,451 - INFO - Iter 180: Rel Res = 1.2830e+00
2025-11-24 01:40:36,517 - INFO - Iter 190: Rel Res = 1.2807e+00
2025-11-24 01:40:36,590 - INFO - Iter 200: Rel Res = 1.2783e+00
2025-11-24 01:40:36,590 - INFO - Finished: Iters=200, CPU(s)=1.638155, Error=7.577181e-02
2025-11-24 01:40:36,591 - INFO - Iter 0: Rel Res = 1.000000e+00
2025-11-24 01:40:36,591 - INFO - Iter 1: Rel Res = 1.249402e+00
2025-11-24 01:40:36,591 - INFO - Iter 2: Rel Res = 1.312037e+00
2025-11-24 01:40:36,591 - INFO - Iter 3: Rel Res = 1.315314e+00
2025-11-24 01:40:36,591 - INFO - Iter 4: Rel Res = 1.315352e+00
2025-11-24 01:40:36,591 - INFO - Iter 5: Rel Res = 1.315219e+00
2025-11-24 01:40:36,591 - INFO - Iter 6: Rel Res = 1.315077e+00
2025-11-24 01:40:36,591 - INFO - Iter 7: Rel Res = 1.314933e+00
2025-11-24 01:40:36,591 - INFO - Iter 8: Rel Res = 1.314790e+00
2025-11-24 01:40:36,591 - INFO - Iter 9: Rel Res = 1.314645e+00
2025-11-24 01:40:36,591 - INFO - Iter 10: Rel Res = 1.314501e+00
2025-11-24 01:40:36,591 - INFO - Iter 11: Rel Res = 1.314356e+00
2025-11-24 01:40:36,591 - INFO - Iter 12: Rel Res = 1.314210e+00
2025-11-24 01:40:36,591 - INFO - Iter 13: Rel Res = 1.314064e+00
2025-11-24 01:40:36,591 - INFO - Iter 14: Rel Res = 1.313918e+00
2025-11-24 01:40:36,591 - INFO - Iter 15: Rel Res = 1.313771e+00
2025-11-24 01:40:36,591 - INFO - Iter 16: Rel Res = 1.313624e+00
2025-11-24 01:40:36,591 - INFO - Iter 17: Rel Res = 1.313477e+00
2025-11-24 01:40:36,591 - INFO - Iter 18: Rel Res = 1.313329e+00
2025-11-24 01:40:36,591 - INFO - Iter 19: Rel Res = 1.313181e+00
2025-11-24 01:40:36,591 - INFO - Iter 20: Rel Res = 1.313032e+00
2025-11-24 01:40:36,591 - INFO - Iter 21: Rel Res = 1.312883e+00
2025-11-24 01:40:36,591 - INFO - Iter 22: Rel Res = 1.312734e+00
2025-11-24 01:40:36,591 - INFO - Iter 23: Rel Res = 1.312584e+00
2025-11-24 01:40:36,591 - INFO - Iter 24: Rel Res = 1.312433e+00
2025-11-24 01:40:36,591 - INFO - Iter 25: Rel Res = 1.312282e+00
2025-11-24 01:40:36,592 - INFO - Iter 26: Rel Res = 1.312131e+00
2025-11-24 01:40:36,592 - INFO - Iter 27: Rel Res = 1.311980e+00
2025-11-24 01:40:36,592 - INFO - Iter 28: Rel Res = 1.311828e+00
2025-11-24 01:40:36,592 - INFO - Iter 29: Rel Res = 1.311675e+00
2025-11-24 01:40:36,592 - INFO - Iter 30: Rel Res = 1.311522e+00
2025-11-24 01:40:36,592 - INFO - Iter 31: Rel Res = 1.311369e+00
2025-11-24 01:40:36,592 - INFO - Iter 32: Rel Res = 1.311215e+00
2025-11-24 01:40:36,592 - INFO - Iter 33: Rel Res = 1.311061e+00
2025-11-24 01:40:36,592 - INFO - Iter 34: Rel Res = 1.310907e+00
2025-11-24 01:40:36,592 - INFO - Iter 35: Rel Res = 1.310752e+00
2025-11-24 01:40:36,592 - INFO - Iter 36: Rel Res = 1.310596e+00
2025-11-24 01:40:36,592 - INFO - Iter 37: Rel Res = 1.310440e+00
2025-11-24 01:40:36,592 - INFO - Iter 38: Rel Res = 1.310284e+00
2025-11-24 01:40:36,592 - INFO - Iter 39: Rel Res = 1.310127e+00
2025-11-24 01:40:36,592 - INFO - Iter 40: Rel Res = 1.309970e+00
2025-11-24 01:40:36,592 - INFO - Iter 41: Rel Res = 1.309813e+00
2025-11-24 01:40:36,592 - INFO - Iter 42: Rel Res = 1.309655e+00
2025-11-24 01:40:36,592 - INFO - Iter 43: Rel Res = 1.309496e+00
2025-11-24 01:40:36,592 - INFO - Iter 44: Rel Res = 1.309337e+00
2025-11-24 01:40:36,592 - INFO - Iter 45: Rel Res = 1.309178e+00
2025-11-24 01:40:36,592 - INFO - Iter 46: Rel Res = 1.309018e+00
2025-11-24 01:40:36,592 - INFO - Iter 47: Rel Res = 1.308858e+00
2025-11-24 01:40:36,592 - INFO - Iter 48: Rel Res = 1.308697e+00
2025-11-24 01:40:36,592 - INFO - Iter 49: Rel Res = 1.308536e+00
2025-11-24 01:40:36,592 - INFO - Iter 50: Rel Res = 1.308374e+00
2025-11-24 01:40:36,592 - INFO - Iter 51: Rel Res = 1.308212e+00
2025-11-24 01:40:36,592 - INFO - Iter 52: Rel Res = 1.308050e+00
2025-11-24 01:40:36,592 - INFO - Iter 53: Rel Res = 1.307887e+00
2025-11-24 01:40:36,592 - INFO - Iter 54: Rel Res = 1.307724e+00
2025-11-24 01:40:36,592 - INFO - Iter 55: Rel Res = 1.307560e+00
2025-11-24 01:40:36,592 - INFO - Iter 56: Rel Res = 1.307396e+00
2025-11-24 01:40:36,592 - INFO - Iter 57: Rel Res = 1.307231e+00
2025-11-24 01:40:36,593 - INFO - Iter 58: Rel Res = 1.307066e+00
2025-11-24 01:40:36,593 - INFO - Iter 59: Rel Res = 1.306900e+00
2025-11-24 01:40:36,593 - INFO - Iter 60: Rel Res = 1.306734e+00
2025-11-24 01:40:36,593 - INFO - Iter 61: Rel Res = 1.306567e+00
2025-11-24 01:40:36,593 - INFO - Iter 62: Rel Res = 1.306400e+00
2025-11-24 01:40:36,593 - INFO - Iter 63: Rel Res = 1.306233e+00
2025-11-24 01:40:36,593 - INFO - Iter 64: Rel Res = 1.306065e+00
2025-11-24 01:40:36,593 - INFO - Iter 65: Rel Res = 1.305896e+00
2025-11-24 01:40:36,593 - INFO - Iter 66: Rel Res = 1.305727e+00
2025-11-24 01:40:36,593 - INFO - Iter 67: Rel Res = 1.305558e+00
2025-11-24 01:40:36,593 - INFO - Iter 68: Rel Res = 1.305388e+00
2025-11-24 01:40:36,593 - INFO - Iter 69: Rel Res = 1.305218e+00
2025-11-24 01:40:36,593 - INFO - Iter 70: Rel Res = 1.305047e+00
2025-11-24 01:40:36,593 - INFO - Iter 71: Rel Res = 1.304876e+00
2025-11-24 01:40:36,593 - INFO - Iter 72: Rel Res = 1.304704e+00
2025-11-24 01:40:36,593 - INFO - Iter 73: Rel Res = 1.304532e+00
2025-11-24 01:40:36,593 - INFO - Iter 74: Rel Res = 1.304359e+00
2025-11-24 01:40:36,593 - INFO - Iter 75: Rel Res = 1.304186e+00
2025-11-24 01:40:36,593 - INFO - Iter 76: Rel Res = 1.304012e+00
2025-11-24 01:40:36,593 - INFO - Iter 77: Rel Res = 1.303838e+00
2025-11-24 01:40:36,593 - INFO - Iter 78: Rel Res = 1.303663e+00
2025-11-24 01:40:36,593 - INFO - Iter 79: Rel Res = 1.303488e+00
2025-11-24 01:40:36,593 - INFO - Iter 80: Rel Res = 1.303313e+00
2025-11-24 01:40:36,593 - INFO - Iter 81: Rel Res = 1.303137e+00
2025-11-24 01:40:36,593 - INFO - Iter 82: Rel Res = 1.302960e+00
2025-11-24 01:40:36,593 - INFO - Iter 83: Rel Res = 1.302783e+00
2025-11-24 01:40:36,593 - INFO - Iter 84: Rel Res = 1.302605e+00
2025-11-24 01:40:36,593 - INFO - Iter 85: Rel Res = 1.302427e+00
2025-11-24 01:40:36,593 - INFO - Iter 86: Rel Res = 1.302249e+00
2025-11-24 01:40:36,593 - INFO - Iter 87: Rel Res = 1.302070e+00
2025-11-24 01:40:36,593 - INFO - Iter 88: Rel Res = 1.301890e+00
2025-11-24 01:40:36,593 - INFO - Iter 89: Rel Res = 1.301710e+00
2025-11-24 01:40:36,593 - INFO - Iter 90: Rel Res = 1.301530e+00
2025-11-24 01:40:36,593 - INFO - Iter 91: Rel Res = 1.301349e+00
2025-11-24 01:40:36,593 - INFO - Iter 92: Rel Res = 1.301167e+00
2025-11-24 01:40:36,593 - INFO - Iter 93: Rel Res = 1.300985e+00
2025-11-24 01:40:36,593 - INFO - Iter 94: Rel Res = 1.300803e+00
2025-11-24 01:40:36,593 - INFO - Iter 95: Rel Res = 1.300619e+00
2025-11-24 01:40:36,593 - INFO - Iter 96: Rel Res = 1.300436e+00
2025-11-24 01:40:36,593 - INFO - Iter 97: Rel Res = 1.300252e+00
2025-11-24 01:40:36,594 - INFO - Iter 98: Rel Res = 1.300067e+00
2025-11-24 01:40:36,594 - INFO - Iter 99: Rel Res = 1.299882e+00
2025-11-24 01:40:36,594 - INFO - Iter 100: Rel Res = 1.299697e+00
2025-11-24 01:40:36,594 - INFO - Iter 101: Rel Res = 1.299510e+00
2025-11-24 01:40:36,594 - INFO - Iter 102: Rel Res = 1.299324e+00
2025-11-24 01:40:36,594 - INFO - Iter 103: Rel Res = 1.299137e+00
2025-11-24 01:40:36,594 - INFO - Iter 104: Rel Res = 1.298949e+00
2025-11-24 01:40:36,594 - INFO - Iter 105: Rel Res = 1.298761e+00
2025-11-24 01:40:36,594 - INFO - Iter 106: Rel Res = 1.298572e+00
2025-11-24 01:40:36,594 - INFO - Iter 107: Rel Res = 1.298383e+00
2025-11-24 01:40:36,594 - INFO - Iter 108: Rel Res = 1.298193e+00
2025-11-24 01:40:36,594 - INFO - Iter 109: Rel Res = 1.298003e+00
2025-11-24 01:40:36,594 - INFO - Iter 110: Rel Res = 1.297812e+00
2025-11-24 01:40:36,594 - INFO - Iter 111: Rel Res = 1.297620e+00
2025-11-24 01:40:36,594 - INFO - Iter 112: Rel Res = 1.297428e+00
2025-11-24 01:40:36,594 - INFO - Iter 113: Rel Res = 1.297236e+00
2025-11-24 01:40:36,594 - INFO - Iter 114: Rel Res = 1.297043e+00
2025-11-24 01:40:36,594 - INFO - Iter 115: Rel Res = 1.296850e+00
2025-11-24 01:40:36,594 - INFO - Iter 116: Rel Res = 1.296656e+00
2025-11-24 01:40:36,594 - INFO - Iter 117: Rel Res = 1.296461e+00
2025-11-24 01:40:36,594 - INFO - Iter 118: Rel Res = 1.296266e+00
2025-11-24 01:40:36,594 - INFO - Iter 119: Rel Res = 1.296070e+00
2025-11-24 01:40:36,594 - INFO - Iter 120: Rel Res = 1.295874e+00
2025-11-24 01:40:36,594 - INFO - Iter 121: Rel Res = 1.295677e+00
2025-11-24 01:40:36,594 - INFO - Iter 122: Rel Res = 1.295480e+00
2025-11-24 01:40:36,594 - INFO - Iter 123: Rel Res = 1.295282e+00
2025-11-24 01:40:36,594 - INFO - Iter 124: Rel Res = 1.295084e+00
2025-11-24 01:40:36,594 - INFO - Iter 125: Rel Res = 1.294885e+00
2025-11-24 01:40:36,594 - INFO - Iter 126: Rel Res = 1.294685e+00
2025-11-24 01:40:36,594 - INFO - Iter 127: Rel Res = 1.294485e+00
2025-11-24 01:40:36,594 - INFO - Iter 128: Rel Res = 1.294285e+00
2025-11-24 01:40:36,594 - INFO - Iter 129: Rel Res = 1.294083e+00
2025-11-24 01:40:36,594 - INFO - Iter 130: Rel Res = 1.293882e+00
2025-11-24 01:40:36,594 - INFO - Iter 131: Rel Res = 1.293679e+00
2025-11-24 01:40:36,594 - INFO - Iter 132: Rel Res = 1.293477e+00
2025-11-24 01:40:36,594 - INFO - Iter 133: Rel Res = 1.293273e+00
2025-11-24 01:40:36,594 - INFO - Iter 134: Rel Res = 1.293069e+00
2025-11-24 01:40:36,594 - INFO - Iter 135: Rel Res = 1.292865e+00
2025-11-24 01:40:36,594 - INFO - Iter 136: Rel Res = 1.292660e+00
2025-11-24 01:40:36,595 - INFO - Iter 137: Rel Res = 1.292454e+00
2025-11-24 01:40:36,595 - INFO - Iter 138: Rel Res = 1.292248e+00
2025-11-24 01:40:36,595 - INFO - Iter 139: Rel Res = 1.292041e+00
2025-11-24 01:40:36,595 - INFO - Iter 140: Rel Res = 1.291833e+00
2025-11-24 01:40:36,595 - INFO - Iter 141: Rel Res = 1.291625e+00
2025-11-24 01:40:36,595 - INFO - Iter 142: Rel Res = 1.291417e+00
2025-11-24 01:40:36,595 - INFO - Iter 143: Rel Res = 1.291208e+00
2025-11-24 01:40:36,595 - INFO - Iter 144: Rel Res = 1.290998e+00
2025-11-24 01:40:36,595 - INFO - Iter 145: Rel Res = 1.290788e+00
2025-11-24 01:40:36,595 - INFO - Iter 146: Rel Res = 1.290577e+00
2025-11-24 01:40:36,595 - INFO - Iter 147: Rel Res = 1.290365e+00
2025-11-24 01:40:36,595 - INFO - Iter 148: Rel Res = 1.290153e+00
2025-11-24 01:40:36,595 - INFO - Iter 149: Rel Res = 1.289941e+00
2025-11-24 01:40:36,595 - INFO - Iter 150: Rel Res = 1.289728e+00
2025-11-24 01:40:36,595 - INFO - Iter 151: Rel Res = 1.289514e+00
2025-11-24 01:40:36,595 - INFO - Iter 152: Rel Res = 1.289299e+00
2025-11-24 01:40:36,595 - INFO - Iter 153: Rel Res = 1.289084e+00
2025-11-24 01:40:36,595 - INFO - Iter 154: Rel Res = 1.288869e+00
2025-11-24 01:40:36,595 - INFO - Iter 155: Rel Res = 1.288653e+00
2025-11-24 01:40:36,595 - INFO - Iter 156: Rel Res = 1.288436e+00
2025-11-24 01:40:36,595 - INFO - Iter 157: Rel Res = 1.288218e+00
2025-11-24 01:40:36,595 - INFO - Iter 158: Rel Res = 1.288000e+00
2025-11-24 01:40:36,595 - INFO - Iter 159: Rel Res = 1.287782e+00
2025-11-24 01:40:36,595 - INFO - Iter 160: Rel Res = 1.287563e+00
2025-11-24 01:40:36,595 - INFO - Iter 161: Rel Res = 1.287343e+00
2025-11-24 01:40:36,595 - INFO - Iter 162: Rel Res = 1.287122e+00
2025-11-24 01:40:36,595 - INFO - Iter 163: Rel Res = 1.286901e+00
2025-11-24 01:40:36,595 - INFO - Iter 164: Rel Res = 1.286680e+00
2025-11-24 01:40:36,595 - INFO - Iter 165: Rel Res = 1.286458e+00
2025-11-24 01:40:36,595 - INFO - Iter 166: Rel Res = 1.286235e+00
2025-11-24 01:40:36,595 - INFO - Iter 167: Rel Res = 1.286011e+00
2025-11-24 01:40:36,595 - INFO - Iter 168: Rel Res = 1.285787e+00
2025-11-24 01:40:36,595 - INFO - Iter 169: Rel Res = 1.285562e+00
2025-11-24 01:40:36,595 - INFO - Iter 170: Rel Res = 1.285337e+00
2025-11-24 01:40:36,595 - INFO - Iter 171: Rel Res = 1.285111e+00
2025-11-24 01:40:36,595 - INFO - Iter 172: Rel Res = 1.284885e+00
2025-11-24 01:40:36,595 - INFO - Iter 173: Rel Res = 1.284657e+00
2025-11-24 01:40:36,595 - INFO - Iter 174: Rel Res = 1.284429e+00
2025-11-24 01:40:36,595 - INFO - Iter 175: Rel Res = 1.284201e+00
2025-11-24 01:40:36,596 - INFO - Iter 176: Rel Res = 1.283972e+00
2025-11-24 01:40:36,596 - INFO - Iter 177: Rel Res = 1.283742e+00
2025-11-24 01:40:36,596 - INFO - Iter 178: Rel Res = 1.283512e+00
2025-11-24 01:40:36,596 - INFO - Iter 179: Rel Res = 1.283281e+00
2025-11-24 01:40:36,596 - INFO - Iter 180: Rel Res = 1.283049e+00
2025-11-24 01:40:36,597 - INFO - Iter 181: Rel Res = 1.282817e+00
2025-11-24 01:40:36,597 - INFO - Iter 182: Rel Res = 1.282584e+00
2025-11-24 01:40:36,597 - INFO - Iter 183: Rel Res = 1.282350e+00
2025-11-24 01:40:36,597 - INFO - Iter 184: Rel Res = 1.282116e+00
2025-11-24 01:40:36,597 - INFO - Iter 185: Rel Res = 1.281881e+00
2025-11-24 01:40:36,597 - INFO - Iter 186: Rel Res = 1.281646e+00
2025-11-24 01:40:36,597 - INFO - Iter 187: Rel Res = 1.281410e+00
2025-11-24 01:40:36,597 - INFO - Iter 188: Rel Res = 1.281173e+00
2025-11-24 01:40:36,597 - INFO - Iter 189: Rel Res = 1.280935e+00
2025-11-24 01:40:36,597 - INFO - Iter 190: Rel Res = 1.280697e+00
2025-11-24 01:40:36,597 - INFO - Iter 191: Rel Res = 1.280459e+00
2025-11-24 01:40:36,597 - INFO - Iter 192: Rel Res = 1.280219e+00
2025-11-24 01:40:36,597 - INFO - Iter 193: Rel Res = 1.279979e+00
2025-11-24 01:40:36,597 - INFO - Iter 194: Rel Res = 1.279738e+00
2025-11-24 01:40:36,597 - INFO - Iter 195: Rel Res = 1.279497e+00
2025-11-24 01:40:36,597 - INFO - Iter 196: Rel Res = 1.279255e+00
2025-11-24 01:40:36,597 - INFO - Iter 197: Rel Res = 1.279012e+00
2025-11-24 01:40:36,597 - INFO - Iter 198: Rel Res = 1.278769e+00
2025-11-24 01:40:36,597 - INFO - Iter 199: Rel Res = 1.278525e+00
2025-11-24 01:40:36,597 - INFO - Iter 200: Rel Res = 1.278280e+00
2025-11-24 01:40:36,597 - INFO - Summary: N=64, Iters=200, CPU(s)=1.638155, Error=7.577181e-02, ResidualFile=residuals_inexact_uzawa_N64.csv
