2025-12-01 22:08:47,460 - INFO - Run Uzawa: N=512, h=0.001953125
2025-12-01 22:08:47,460 - INFO - --- Solving N=512 ---
2025-12-01 22:11:31,631 - INFO - Iter 10: Rel Res = 2.0056e-04
2025-12-01 22:13:53,130 - INFO - Iter 20: Rel Res = 3.4322e-05
2025-12-01 22:15:34,386 - INFO - Iter 30: Rel Res = 3.4654e-06
2025-12-01 22:16:48,064 - INFO - Iter 40: Rel Res = 2.9826e-07
2025-12-01 22:17:42,570 - INFO - Iter 50: Rel Res = 2.4468e-08
2025-12-01 22:17:57,799 - INFO - Finished: Iters=54, CPU(s)=550.328808, Error=5.548086e-03
2025-12-01 22:17:57,807 - INFO - Iter 0: Rel Res = 1.000000e+00
2025-12-01 22:17:57,807 - INFO - Iter 1: Rel Res = 5.574420e-03
2025-12-01 22:17:57,807 - INFO - Iter 2: Rel Res = 1.541002e-03
2025-12-01 22:17:57,807 - INFO - Iter 3: Rel Res = 8.504842e-04
2025-12-01 22:17:57,807 - INFO - Iter 4: Rel Res = 5.782117e-04
2025-12-01 22:17:57,807 - INFO - Iter 5: Rel Res = 4.366889e-04
2025-12-01 22:17:57,807 - INFO - Iter 6: Rel Res = 3.526956e-04
2025-12-01 22:17:57,807 - INFO - Iter 7: Rel Res = 2.984168e-04
2025-12-01 22:17:57,807 - INFO - Iter 8: Rel Res = 2.595118e-04
2025-12-01 22:17:57,807 - INFO - Iter 9: Rel Res = 2.281709e-04
2025-12-01 22:17:57,807 - INFO - Iter 10: Rel Res = 2.005586e-04
2025-12-01 22:17:57,809 - INFO - Iter 11: Rel Res = 1.751317e-04
2025-12-01 22:17:57,809 - INFO - Iter 12: Rel Res = 1.514898e-04
2025-12-01 22:17:57,809 - INFO - Iter 13: Rel Res = 1.296923e-04
2025-12-01 22:17:57,809 - INFO - Iter 14: Rel Res = 1.099069e-04
2025-12-01 22:17:57,809 - INFO - Iter 15: Rel Res = 9.225606e-05
2025-12-01 22:17:57,809 - INFO - Iter 16: Rel Res = 7.676942e-05
2025-12-01 22:17:57,809 - INFO - Iter 17: Rel Res = 6.338515e-05
2025-12-01 22:17:57,809 - INFO - Iter 18: Rel Res = 5.197112e-05
2025-12-01 22:17:57,809 - INFO - Iter 19: Rel Res = 4.235003e-05
2025-12-01 22:17:57,809 - INFO - Iter 20: Rel Res = 3.432196e-05
2025-12-01 22:17:57,809 - INFO - Iter 21: Rel Res = 2.768176e-05
2025-12-01 22:17:57,809 - INFO - Iter 22: Rel Res = 2.223124e-05
2025-12-01 22:17:57,809 - INFO - Iter 23: Rel Res = 1.778684e-05
2025-12-01 22:17:57,809 - INFO - Iter 24: Rel Res = 1.418372e-05
2025-12-01 22:17:57,809 - INFO - Iter 25: Rel Res = 1.127731e-05
2025-12-01 22:17:57,810 - INFO - Iter 26: Rel Res = 8.943210e-06
2025-12-01 22:17:57,810 - INFO - Iter 27: Rel Res = 7.075937e-06
2025-12-01 22:17:57,810 - INFO - Iter 28: Rel Res = 5.587171e-06
2025-12-01 22:17:57,810 - INFO - Iter 29: Rel Res = 4.403710e-06
2025-12-01 22:17:57,810 - INFO - Iter 30: Rel Res = 3.465400e-06
2025-12-01 22:17:57,810 - INFO - Iter 31: Rel Res = 2.723170e-06
2025-12-01 22:17:57,810 - INFO - Iter 32: Rel Res = 2.137237e-06
2025-12-01 22:17:57,810 - INFO - Iter 33: Rel Res = 1.675515e-06
2025-12-01 22:17:57,810 - INFO - Iter 34: Rel Res = 1.312249e-06
2025-12-01 22:17:57,810 - INFO - Iter 35: Rel Res = 1.026845e-06
2025-12-01 22:17:57,810 - INFO - Iter 36: Rel Res = 8.028910e-07
2025-12-01 22:17:57,810 - INFO - Iter 37: Rel Res = 6.273493e-07
2025-12-01 22:17:57,810 - INFO - Iter 38: Rel Res = 4.898881e-07
2025-12-01 22:17:57,810 - INFO - Iter 39: Rel Res = 3.823391e-07
2025-12-01 22:17:57,810 - INFO - Iter 40: Rel Res = 2.982575e-07
2025-12-01 22:17:57,810 - INFO - Iter 41: Rel Res = 2.325671e-07
2025-12-01 22:17:57,810 - INFO - Iter 42: Rel Res = 1.812759e-07
2025-12-01 22:17:57,810 - INFO - Iter 43: Rel Res = 1.412490e-07
2025-12-01 22:17:57,810 - INFO - Iter 44: Rel Res = 1.100275e-07
2025-12-01 22:17:57,810 - INFO - Iter 45: Rel Res = 8.568449e-08
2025-12-01 22:17:57,810 - INFO - Iter 46: Rel Res = 6.671153e-08
2025-12-01 22:17:57,810 - INFO - Iter 47: Rel Res = 5.192894e-08
2025-12-01 22:17:57,810 - INFO - Iter 48: Rel Res = 4.041452e-08
2025-12-01 22:17:57,810 - INFO - Iter 49: Rel Res = 3.144817e-08
2025-12-01 22:17:57,810 - INFO - Iter 50: Rel Res = 2.446755e-08
2025-12-01 22:17:57,810 - INFO - Iter 51: Rel Res = 1.903419e-08
2025-12-01 22:17:57,810 - INFO - Iter 52: Rel Res = 1.480578e-08
2025-12-01 22:17:57,810 - INFO - Iter 53: Rel Res = 1.151579e-08
2025-12-01 22:17:57,810 - INFO - Iter 54: Rel Res = 8.956267e-09
2025-12-01 22:17:57,811 - INFO - Summary: N=512, Iters=54, CPU(s)=550.328808, Error=5.548086e-03, ResidualFile=residuals_uzawa_N512.csv
