2026-01-02 01:48:57,684 - INFO - Run Inexact Uzawa: N=512, h=0.001953125, cfg=tau1e-3_eps1e-8_alpha0p95_nu4_L4
2026-01-02 01:48:57,685 - INFO - --- Solving Inexact Uzawa (N=512) ---
2026-01-02 01:48:57,702 - INFO - Init Residual: 1.8169e+05
2026-01-02 01:48:57,702 - INFO - Inner solver: PCG(MG), inner_iters=1, alpha=9.500000e-01
2026-01-02 01:48:58,451 - INFO - Starting solve with initial alpha=9.500000e-01
2026-01-02 01:54:59,459 - INFO - Iter 10: Rel Res = 8.0885e-08
2026-01-02 01:55:05,596 - INFO - Finished: Iters=13, CPU(s)=367.895083, Error=2.335559e-05
2026-01-02 01:55:05,604 - INFO - Iter 0: Rel Res = 1.000000e+00
2026-01-02 01:55:05,604 - INFO - Iter 1: Rel Res = 3.428124e-01
2026-01-02 01:55:05,604 - INFO - Iter 2: Rel Res = 1.379514e-01
2026-01-02 01:55:05,605 - INFO - Iter 3: Rel Res = 8.477725e-03
2026-01-02 01:55:05,605 - INFO - Iter 4: Rel Res = 1.265043e-03
2026-01-02 01:55:05,605 - INFO - Iter 5: Rel Res = 3.684163e-04
2026-01-02 01:55:05,605 - INFO - Iter 6: Rel Res = 9.457515e-05
2026-01-02 01:55:05,606 - INFO - Iter 7: Rel Res = 2.831739e-05
2026-01-02 01:55:05,606 - INFO - Iter 8: Rel Res = 8.284193e-06
2026-01-02 01:55:05,606 - INFO - Iter 9: Rel Res = 7.286949e-07
2026-01-02 01:55:05,606 - INFO - Iter 10: Rel Res = 8.088543e-08
2026-01-02 01:55:05,606 - INFO - Iter 11: Rel Res = 2.636055e-08
2026-01-02 01:55:05,607 - INFO - Iter 12: Rel Res = 1.037925e-08
2026-01-02 01:55:05,607 - INFO - Iter 13: Rel Res = 9.565112e-09
2026-01-02 01:55:05,607 - INFO - Summary: N=512, Iters=13, CPU(s)=367.895083, Error=2.335559e-05, ResidualFile=residuals_inexact_uzawa_tau1e-3_eps1e-8_alpha0p95_nu4_L4_N512.csv, PCG_Iters=50,50,50,50,50,50,50,50,50,50,4,3,2
2026-01-02 07:05:30,665 - INFO - Run Inexact Uzawa: N=512, h=0.001953125, cfg=tau1e-3_eps1e-8_alpha0p95_nu4_L4
2026-01-02 07:05:30,666 - INFO - --- Solving Inexact Uzawa (N=512) ---
2026-01-02 07:05:30,685 - INFO - Init Residual: 1.8169e+05
2026-01-02 07:05:30,686 - INFO - Inner solver: PCG(Coupled-Vcycle x3), inner_iters=1, alpha=9.500000e-01
2026-01-02 07:05:30,687 - INFO - Starting solve with initial alpha=9.500000e-01
2026-01-02 07:05:32,456 - INFO - Finished: Iters=5, CPU(s)=1.773177, Error=2.334640e-05
2026-01-02 07:05:32,460 - INFO - Iter 0: Rel Res = 1.000000e+00
2026-01-02 07:05:32,461 - INFO - Iter 1: Rel Res = 1.223639e-03
2026-01-02 07:05:32,461 - INFO - Iter 2: Rel Res = 6.148314e-05
2026-01-02 07:05:32,461 - INFO - Iter 3: Rel Res = 2.933131e-06
2026-01-02 07:05:32,462 - INFO - Iter 4: Rel Res = 1.395757e-07
2026-01-02 07:05:32,462 - INFO - Iter 5: Rel Res = 6.558577e-09
2026-01-02 07:05:32,463 - INFO - Summary: N=512, Iters=5, CPU(s)=1.773177, Error=2.334640e-05, ResidualFile=residuals_inexact_uzawa_tau1e-3_eps1e-8_alpha0p95_nu4_L4_N512.csv, PCG_Iters=11,2,2,2,1
