2025-12-01 21:54:03,811 - INFO - Run V-cycle: N=64, h=0.015625
2025-12-01 21:54:03,811 - INFO - --- Solving Stokes (DGS-MG) for N=64 ---
2025-12-01 21:54:03,812 - INFO - Init Residual: 4.3649e+03
2025-12-01 21:54:03,825 - INFO - Iter 1: Rel Res = 8.3739e-01
2025-12-01 21:54:03,835 - INFO - Iter 2: Rel Res = 2.5737e-01
2025-12-01 21:54:03,851 - INFO - Iter 3: Rel Res = 1.3208e-01
2025-12-01 21:54:03,863 - INFO - Iter 4: Rel Res = 5.5212e-02
2025-12-01 21:54:03,878 - INFO - Iter 5: Rel Res = 2.6253e-02
2025-12-01 21:54:03,892 - INFO - Iter 6: Rel Res = 1.1831e-02
2025-12-01 21:54:03,903 - INFO - Iter 7: Rel Res = 5.5373e-03
2025-12-01 21:54:03,913 - INFO - Iter 8: Rel Res = 2.5677e-03
2025-12-01 21:54:03,925 - INFO - Iter 9: Rel Res = 1.2113e-03
2025-12-01 21:54:03,936 - INFO - Iter 10: Rel Res = 5.7703e-04
2025-12-01 21:54:03,948 - INFO - Iter 11: Rel Res = 2.8278e-04
2025-12-01 21:54:03,967 - INFO - Iter 12: Rel Res = 1.4613e-04
2025-12-01 21:54:03,980 - INFO - Iter 13: Rel Res = 8.3682e-05
2025-12-01 21:54:03,996 - INFO - Iter 14: Rel Res = 5.5447e-05
2025-12-01 21:54:04,020 - INFO - Iter 15: Rel Res = 4.2162e-05
2025-12-01 21:54:04,040 - INFO - Iter 16: Rel Res = 3.5051e-05
2025-12-01 21:54:04,049 - INFO - Iter 17: Rel Res = 3.0561e-05
2025-12-01 21:54:04,065 - INFO - Iter 18: Rel Res = 2.7324e-05
2025-12-01 21:54:04,078 - INFO - Iter 19: Rel Res = 2.4776e-05
2025-12-01 21:54:04,094 - INFO - Iter 20: Rel Res = 2.2656e-05
2025-12-01 21:54:04,112 - INFO - Iter 21: Rel Res = 2.0825e-05
2025-12-01 21:54:04,125 - INFO - Iter 22: Rel Res = 1.9204e-05
2025-12-01 21:54:04,135 - INFO - Iter 23: Rel Res = 1.7746e-05
2025-12-01 21:54:04,147 - INFO - Iter 24: Rel Res = 1.6419e-05
2025-12-01 21:54:04,159 - INFO - Iter 25: Rel Res = 1.5203e-05
2025-12-01 21:54:04,170 - INFO - Iter 26: Rel Res = 1.4084e-05
2025-12-01 21:54:04,182 - INFO - Iter 27: Rel Res = 1.3051e-05
2025-12-01 21:54:04,194 - INFO - Iter 28: Rel Res = 1.2097e-05
2025-12-01 21:54:04,209 - INFO - Iter 29: Rel Res = 1.1213e-05
2025-12-01 21:54:04,223 - INFO - Iter 30: Rel Res = 1.0395e-05
2025-12-01 21:54:04,233 - INFO - Iter 31: Rel Res = 9.6372e-06
2025-12-01 21:54:04,250 - INFO - Iter 32: Rel Res = 8.9347e-06
2025-12-01 21:54:04,266 - INFO - Iter 33: Rel Res = 8.2836e-06
2025-12-01 21:54:04,285 - INFO - Iter 34: Rel Res = 7.6800e-06
2025-12-01 21:54:04,300 - INFO - Iter 35: Rel Res = 7.1204e-06
2025-12-01 21:54:04,309 - INFO - Iter 36: Rel Res = 6.6016e-06
2025-12-01 21:54:04,321 - INFO - Iter 37: Rel Res = 6.1207e-06
2025-12-01 21:54:04,333 - INFO - Iter 38: Rel Res = 5.6747e-06
2025-12-01 21:54:04,339 - INFO - Iter 39: Rel Res = 5.2613e-06
2025-12-01 21:54:04,354 - INFO - Iter 40: Rel Res = 4.8780e-06
2025-12-01 21:54:04,363 - INFO - Iter 41: Rel Res = 4.5227e-06
2025-12-01 21:54:04,374 - INFO - Iter 42: Rel Res = 4.1932e-06
2025-12-01 21:54:04,389 - INFO - Iter 43: Rel Res = 3.8877e-06
2025-12-01 21:54:04,400 - INFO - Iter 44: Rel Res = 3.6045e-06
2025-12-01 21:54:04,411 - INFO - Iter 45: Rel Res = 3.3419e-06
2025-12-01 21:54:04,423 - INFO - Iter 46: Rel Res = 3.0984e-06
2025-12-01 21:54:04,434 - INFO - Iter 47: Rel Res = 2.8727e-06
2025-12-01 21:54:04,444 - INFO - Iter 48: Rel Res = 2.6634e-06
2025-12-01 21:54:04,455 - INFO - Iter 49: Rel Res = 2.4694e-06
2025-12-01 21:54:04,470 - INFO - Iter 50: Rel Res = 2.2895e-06
2025-12-01 21:54:04,470 - INFO - Finished: Iters=50, CPU(s)=0.658461, Error=4.548701e-02
2025-12-01 21:54:04,474 - INFO - Summary: N=64, V-Cycles=50, CPU(s)=0.658461, Error=4.548701e-02, ResidualFile=residuals_v_cycle_N64.csv
2025-12-02 03:20:31,014 - INFO - Run V-cycle: N=64, h=0.015625
2025-12-02 03:20:31,014 - INFO - --- Solving Stokes (DGS-MG) for N=64 ---
2025-12-02 03:20:31,014 - INFO - Init Residual: 4.3649e+03
2025-12-02 03:20:31,034 - INFO - Iter 1: Rel Res = 8.3739e-01
2025-12-02 03:20:31,053 - INFO - Iter 2: Rel Res = 2.5737e-01
2025-12-02 03:20:31,070 - INFO - Iter 3: Rel Res = 1.3208e-01
2025-12-02 03:20:31,087 - INFO - Iter 4: Rel Res = 5.5212e-02
2025-12-02 03:20:31,106 - INFO - Iter 5: Rel Res = 2.6253e-02
2025-12-02 03:20:31,120 - INFO - Iter 6: Rel Res = 1.1831e-02
2025-12-02 03:20:31,139 - INFO - Iter 7: Rel Res = 5.5373e-03
2025-12-02 03:20:31,156 - INFO - Iter 8: Rel Res = 2.5677e-03
2025-12-02 03:20:31,169 - INFO - Iter 9: Rel Res = 1.2113e-03
2025-12-02 03:20:31,191 - INFO - Iter 10: Rel Res = 5.7703e-04
2025-12-02 03:20:31,207 - INFO - Iter 11: Rel Res = 2.8278e-04
2025-12-02 03:20:31,219 - INFO - Iter 12: Rel Res = 1.4613e-04
2025-12-02 03:20:31,242 - INFO - Iter 13: Rel Res = 8.3682e-05
2025-12-02 03:20:31,259 - INFO - Iter 14: Rel Res = 5.5447e-05
2025-12-02 03:20:31,277 - INFO - Iter 15: Rel Res = 4.2162e-05
2025-12-02 03:20:31,293 - INFO - Iter 16: Rel Res = 3.5051e-05
2025-12-02 03:20:31,310 - INFO - Iter 17: Rel Res = 3.0561e-05
2025-12-02 03:20:31,323 - INFO - Iter 18: Rel Res = 2.7324e-05
2025-12-02 03:20:31,342 - INFO - Iter 19: Rel Res = 2.4776e-05
2025-12-02 03:20:31,358 - INFO - Iter 20: Rel Res = 2.2656e-05
2025-12-02 03:20:31,372 - INFO - Iter 21: Rel Res = 2.0825e-05
2025-12-02 03:20:31,389 - INFO - Iter 22: Rel Res = 1.9204e-05
2025-12-02 03:20:31,404 - INFO - Iter 23: Rel Res = 1.7746e-05
2025-12-02 03:20:31,419 - INFO - Iter 24: Rel Res = 1.6419e-05
2025-12-02 03:20:31,434 - INFO - Iter 25: Rel Res = 1.5203e-05
2025-12-02 03:20:31,449 - INFO - Iter 26: Rel Res = 1.4084e-05
2025-12-02 03:20:31,462 - INFO - Iter 27: Rel Res = 1.3051e-05
2025-12-02 03:20:31,497 - INFO - Iter 28: Rel Res = 1.2097e-05
2025-12-02 03:20:31,570 - INFO - Iter 29: Rel Res = 1.1213e-05
2025-12-02 03:20:31,614 - INFO - Iter 30: Rel Res = 1.0395e-05
2025-12-02 03:20:31,670 - INFO - Iter 31: Rel Res = 9.6372e-06
2025-12-02 03:20:31,737 - INFO - Iter 32: Rel Res = 8.9347e-06
2025-12-02 03:20:31,804 - INFO - Iter 33: Rel Res = 8.2836e-06
2025-12-02 03:20:31,883 - INFO - Iter 34: Rel Res = 7.6800e-06
2025-12-02 03:20:31,956 - INFO - Iter 35: Rel Res = 7.1204e-06
2025-12-02 03:20:32,030 - INFO - Iter 36: Rel Res = 6.6016e-06
2025-12-02 03:20:32,112 - INFO - Iter 37: Rel Res = 6.1207e-06
2025-12-02 03:20:32,181 - INFO - Iter 38: Rel Res = 5.6747e-06
2025-12-02 03:20:32,256 - INFO - Iter 39: Rel Res = 5.2613e-06
2025-12-02 03:20:32,309 - INFO - Iter 40: Rel Res = 4.8780e-06
2025-12-02 03:20:32,342 - INFO - Iter 41: Rel Res = 4.5227e-06
2025-12-02 03:20:32,366 - INFO - Iter 42: Rel Res = 4.1932e-06
2025-12-02 03:20:32,383 - INFO - Iter 43: Rel Res = 3.8877e-06
2025-12-02 03:20:32,399 - INFO - Iter 44: Rel Res = 3.6045e-06
2025-12-02 03:20:32,413 - INFO - Iter 45: Rel Res = 3.3419e-06
2025-12-02 03:20:32,433 - INFO - Iter 46: Rel Res = 3.0984e-06
2025-12-02 03:20:32,450 - INFO - Iter 47: Rel Res = 2.8727e-06
2025-12-02 03:20:32,467 - INFO - Iter 48: Rel Res = 2.6634e-06
2025-12-02 03:20:32,489 - INFO - Iter 49: Rel Res = 2.4694e-06
2025-12-02 03:20:32,512 - INFO - Iter 50: Rel Res = 2.2895e-06
2025-12-02 03:20:32,513 - INFO - Finished: Iters=50, CPU(s)=1.497941, Error=4.548701e-02
2025-12-02 03:20:32,513 - INFO - Summary: N=64, V-Cycles=50, CPU(s)=1.497941, Error=4.548701e-02, ResidualFile=residuals_v_cycle_N64.csv
